        **** no. of ground check points =    71 ****
 ..............................................................................

photo no. =      4095

         PHOTO SYSTEM                             GROUND SYSTEM
 pts no. xxxx.xxx yyyy.yyy  weight    xxxxxx.xxx yyyyyy.yyy zzzzzz.zzz weight
          [mm.]    [mm.]  [1/mm.**2]      [m.]       [m.]       [m.]   [1/m.**2]
  409403  -15.468   -5.701  10000.    154949.7002552751.000      2.169   400.
  409405  -45.630   64.722  10000.    154475.4002553211.000      2.560   400.
  409504   35.114  -27.245  10000.    155420.5002552748.000      1.425   400.
  409505   86.681  -80.426  10000.    155998.3002552500.000      2.655   400.
  940019   -8.220   16.919  10000.    154932.1002552954.000      2.804   400.
 1340011  -82.247   93.720  10000.    154085.6002553321.000      2.215   400.
 1340012  -71.977   69.320  10000.    154249.9002553160.000      1.254   400.
 1450011   81.496  -52.227  10000.    155867.3002552704.000      2.159   400.
 1450012   74.988  -82.127  10000.    155911.9002552448.000      2.426   400.
    5593    2.452   -4.500  10000.    155087.4002552820.000      5.899   400.

There are  10 points used in the space resection of a single photo.

    X0 =  154947.000   Y0 = 2552766.000   Z0 =  1350.000 [units: meters]
    Focal length =   153.797 mm.
    Initial values:
        omega =       .0000 radians.
        phie  =       .0000 radians.
        kappa =     -1.0000 radians.

    The dimension of normal matrix =    666


iteration  dxpc<m.>   dypc<m.>   dzpc<m.>  dphie<cc.>  domega<cc.>  dkapa<cc.>

    1       107.307    -84.009   1108.535      2374.6      -2500.9    640746.7
    2       148.205    161.191  -1788.629      4036.2      33608.2    450768.9
    3       -56.040    -49.636    345.644      2849.6       -885.7   -100467.7
    4       -60.595      4.950    246.049     -2681.2     -12860.9    -78476.0
    5       -26.170     27.552     57.782     -3787.4      -7949.9    -23063.0
    6        -1.807      2.729      1.089      -518.6       -401.7     -1021.1
    7         -.003       .000      -.005        -1.9          1.5         -.2
    8          .000       .000       .000          .0           .0          .0


       pno   mx<mm.>  vmx<mm.>   my<mm.>  vmy<mm.>        X<m.>  VX<m.>        Y<m.>  VY<m.>        Z<m.>  VZ<m.>

    409403  -15.4682    -.0056   -5.7009    -.0024   154949.700    .012  2552751.000    .013        2.169   -.002
    409405  -45.6303    -.0057   64.7216    -.0026   154475.400    .012  2553211.000    .013        2.560   -.002
    409504   35.1143     .0006  -27.2450    -.0078   155420.500   -.010  2552748.000    .020        1.425   -.004
    409505   86.6808     .0052  -80.4262     .0072   155998.300   -.006  2552500.000   -.025        2.655    .002
    940019   -8.2204    -.0020   16.9189     .0035   154932.100    .009  2552954.000   -.007        2.804   -.002
   1340011  -82.2474     .0023   93.7199     .0024   154085.600   -.003  2553321.000   -.009        2.215   -.001
   1340012  -71.9770     .0056   69.3196     .0015   154249.900   -.013  2553160.000   -.010        1.254    .006
   1450011   81.4962    -.0042  -52.2271    -.0051   155867.300    .006  2552704.000    .019        2.159    .002
   1450012   74.9881     .0015  -82.1265     .0018   155911.900   -.002  2552448.000   -.007        2.426    .001
      5593    2.4516     .0022   -4.4997     .0014   155087.400   -.004  2552820.000   -.006        5.899    .000


  sigma naught =             .567376 [ unitless ]


  parameter              value      Std. Dev.

     GXPC      155057.898   m.      .276  m.
     GYPC     2552828.777   m.      .606  m.
     GZPC        1320.465   m.      .047  m.
     phie           .2271 gon.     128.7 cc.
    omega           .9011 gon.     292.0 cc.
    kappa         25.1868 gon.      15.9 cc.

      root mean square errors of ground points :
        R.M.S. --- XYZ =      .017 meters
        R.M.S. --- XY  =      .017 meters
        R.M.S. --- Z   =      .003 meters

      root mean square errors of photo points :
        R.M.S. --- xy  =  .006 mm.
        R.M.S. --- x   =  .004 mm.
        R.M.S. --- y   =  .004 mm.


      There is(are)    1 photo(s) to compute the space resection.
        **** END the Space Resection of a single photo ****
