        **** no. of ground check points =    71 ****
 ..............................................................................

photo no. =      4095

         PHOTO SYSTEM                             GROUND SYSTEM
 pts no. xxxx.xxx yyyy.yyy  weight    xxxxxx.xxx yyyyyy.yyy zzzzzz.zzz weight
          [mm.]    [mm.]  [1/mm.**2]      [m.]       [m.]       [m.]   [1/m.**2]
  940016   88.528  100.415  10000.    155425.6002553947.000      1.985   400.
  940018   14.439   96.039  10000.    154848.0002553663.000      1.891   400.
 1340011  -82.247   93.720  10000.    154085.6002553321.000      2.215   400.
 1340013     .097   99.554  10000.    154721.8002553643.000      1.701   400.
 1340015   91.662   99.337  10000.    155454.3002553948.000      1.885   400.

There are   5 points used in the space resection of a single photo.

    X0 =  154947.000   Y0 = 2552766.000   Z0 =  1350.000 [units: meters]
    Focal length =   153.797 mm.
    Initial values:
        omega =       .0000 radians.
        phie  =       .0000 radians.
        kappa =     -1.0000 radians.

    The dimension of normal matrix =    231


iteration  dxpc<m.>   dypc<m.>   dzpc<m.>  dphie<cc.>  domega<cc.>  dkapa<cc.>

    1       115.043   -125.663   1089.982      6733.6      15119.2    634916.1
    2       117.518    230.456  -1755.305       108.1      13459.8    456408.9
    3       -43.950    -73.837    336.902      3372.4       7974.9   -108344.8
    4       -50.802    -10.732    233.765     -2236.6     -10959.5    -75763.5
    5       -23.316     33.864     60.038     -4268.9     -13180.3    -18029.5
    6        -1.967      5.305      2.559      -668.5      -1690.3      -642.8
    7         -.008       .021       .000        -3.8         -8.2        -1.1
    8          .000       .000       .000          .0           .0          .0


       pno   mx<mm.>  vmx<mm.>   my<mm.>  vmy<mm.>        X<m.>  VX<m.>        Y<m.>  VY<m.>        Z<m.>  VZ<m.>

    940016   88.5281     .0015  100.4155     .0025   155425.600   -.001  2553947.000   -.008        1.985   -.007
    940018   14.4395    -.0040   96.0389     .0027   154848.000    .014  2553663.000   -.003        1.891   -.004
   1340011  -82.2474    -.0004   93.7199    -.0009   154085.600    .000  2553321.000    .003        2.215    .001
   1340013     .0973     .0040   99.5544    -.0009   154721.800   -.012  2553643.000   -.002        1.701    .002
   1340015   91.6620    -.0012   99.3365    -.0034   155454.300   -.001  2553948.000    .010        1.885    .008


  sigma naught =             .470503 [ unitless ]


  parameter              value      Std. Dev.

     GXPC      155059.518   m.     1.487  m.
     GYPC     2552825.414   m.     3.172  m.
     GZPC        1317.941   m.     2.279  m.
     phie           .3036 gon.     711.3 cc.
    omega          1.0716 gon.    1532.6 cc.
    kappa         25.1923 gon.      50.1 cc.

      root mean square errors of ground points :
        R.M.S. --- XYZ =      .011 meters
        R.M.S. --- XY  =      .010 meters
        R.M.S. --- Z   =      .005 meters

      root mean square errors of photo points :
        R.M.S. --- xy  =  .004 mm.
        R.M.S. --- x   =  .003 mm.
        R.M.S. --- y   =  .002 mm.


      There is(are)    1 photo(s) to compute the space resection.
        **** END the Space Resection of a single photo ****
