        **** no. of ground check points =    71 ****
 ..............................................................................

photo no. =      4095

         PHOTO SYSTEM                             GROUND SYSTEM
 pts no. xxxx.xxx yyyy.yyy  weight    xxxxxx.xxx yyyyyy.yyy zzzzzz.zzz weight
          [mm.]    [mm.]  [1/mm.**2]      [m.]       [m.]       [m.]   [1/m.**2]
  409402     .123   50.754  10000.    154885.6002553252.000      1.772   400.
  409501   77.424  -33.604  10000.    155775.3002552838.000      2.001   400.
  409502   61.908   87.109  10000.    155256.9002553750.000      2.227   400.
  409503  103.207   79.062  10000.    155613.2002553823.000      2.350   400.
  409507   43.021   22.443  10000.    155320.3002553168.000       .894   400.
  409509   90.540   49.153  10000.    155610.5002553540.000      1.530   400.
  940016   88.528  100.415  10000.    155425.6002553947.000      1.985   400.
  940018   14.439   96.039  10000.    154848.0002553663.000      1.891   400.
 1340013     .097   99.554  10000.    154721.8002553643.000      1.701   400.
 1340015   91.662   99.337  10000.    155454.3002553948.000      1.885   400.
 1340016  103.094   80.662  10000.    155607.3002553836.000      1.795   400.
    5592   52.846   12.047  10000.    155431.0002553117.000      6.087   400.
    5591  111.779   27.004  10000.    155848.9002553431.000      6.424   400.

There are  13 points used in the space resection of a single photo.

    X0 =  154947.000   Y0 = 2552766.000   Z0 =  1350.000 [units: meters]
    Focal length =   153.797 mm.
    Initial values:
        omega =       .0000 radians.
        phie  =       .0000 radians.
        kappa =     -1.0000 radians.

    The dimension of normal matrix =   1035


iteration  dxpc<m.>   dypc<m.>   dzpc<m.>  dphie<cc.>  domega<cc.>  dkapa<cc.>

    1        96.754    -91.881   1100.467     -1639.7       2249.2    634598.0
    2       154.024    198.001  -1760.324      6730.1      23664.6    455725.0
    3       -56.250    -63.336    345.366      1308.8        636.5   -106384.2
    4       -61.221     -4.574    233.545     -1938.2     -10668.2    -75850.8
    5       -21.312     21.890     50.358     -1896.5      -6252.9    -18836.7
    6         -.932      2.306      1.046      -228.2       -438.5      -682.8
    7         -.002       .004      -.002        -1.1         -1.0         -.6
    8          .000       .000       .000          .0           .0          .0


       pno   mx<mm.>  vmx<mm.>   my<mm.>  vmy<mm.>        X<m.>  VX<m.>        Y<m.>  VY<m.>        Z<m.>  VZ<m.>

    409402     .1227     .0023   50.7542     .0043   154885.600   -.001  2553252.000   -.014        1.772   -.004
    409501   77.4240    -.0007  -33.6039    -.0023   155775.300   -.001  2552838.000    .007        2.001    .000
    409502   61.9075     .0022   87.1089     .0049   155256.900   -.001  2553750.000   -.015        2.227   -.011
    409503  103.2070    -.0010   79.0620     .0069   155613.200    .010  2553823.000   -.017        2.350   -.009
    409507   43.0213    -.0042   22.4431    -.0110   155320.300   -.001  2553168.000    .034         .894    .009
    409509   90.5396    -.0031   49.1528     .0001   155610.500    .008  2553540.000    .003        1.530    .005
    940016   88.5281    -.0024  100.4155     .0005   155425.600    .007  2553947.000    .001        1.985    .003
    940018   14.4395     .0011   96.0389    -.0003   154848.000   -.003  2553663.000    .000        1.891    .000
   1340013     .0973     .0114   99.5544     .0007   154721.800   -.030  2553643.000   -.015        1.701   -.001
   1340015   91.6620    -.0067   99.3365    -.0065   155454.300    .011  2553948.000    .024        1.885    .024
   1340016  103.0942    -.0004   80.6619     .0092   155607.300    .011  2553836.000   -.024        1.795   -.014
      5592   52.8457    -.0007   12.0471    -.0053   155431.000   -.004  2553117.000    .015        6.087    .002
      5591  111.7792     .0021   27.0040    -.0011   155848.900   -.007  2553431.000    .001        6.424   -.004


  sigma naught =             .649827 [ unitless ]


  parameter              value      Std. Dev.

     GXPC      155058.061   m.      .218  m.
     GYPC     2552828.410   m.      .160  m.
     GZPC        1320.456   m.      .112  m.
     phie           .2335 gon.      85.1 cc.
    omega           .9190 gon.      71.2 cc.
    kappa         25.1948 gon.      36.1 cc.

      root mean square errors of ground points :
        R.M.S. --- XYZ =      .022 meters
        R.M.S. --- XY  =      .020 meters
        R.M.S. --- Z   =      .009 meters

      root mean square errors of photo points :
        R.M.S. --- xy  =  .007 mm.
        R.M.S. --- x   =  .004 mm.
        R.M.S. --- y   =  .005 mm.
