        **** no. of ground check points =    71 ****
 ..............................................................................

photo no. =      4095

         PHOTO SYSTEM                             GROUND SYSTEM
 pts no. xxxx.xxx yyyy.yyy  weight    xxxxxx.xxx yyyyyy.yyy zzzzzz.zzz weight
          [mm.]    [mm.]  [1/mm.**2]      [m.]       [m.]       [m.]   [1/m.**2]
  409308  -93.672  -46.367  10000.    154470.3002552177.000      5.497   400.
  409309  -96.271   43.988  10000.    154143.7002552877.000      2.062   400.
  409401   -6.418   85.732  10000.    154716.3002553510.000      2.032   400.
  409402     .123   50.754  10000.    154885.6002553252.000      1.772   400.
  409403  -15.468   -5.701  10000.    154949.7002552751.000      2.169   400.
  409404  -12.853  -79.191  10000.    155212.0002552184.000      2.150   400.
  409405  -45.630   64.722  10000.    154475.4002553211.000      2.560   400.
  409406   -5.016  -47.393  10000.    155169.5002552458.000      2.841   400.
  409407  -53.207   -5.774  10000.    154651.6002552626.000      1.322   400.
  409501   77.424  -33.604  10000.    155775.3002552838.000      2.001   400.
  409502   61.908   87.109  10000.    155256.9002553750.000      2.227   400.
  409503  103.207   79.062  10000.    155613.2002553823.000      2.350   400.
  409504   35.114  -27.245  10000.    155420.5002552748.000      1.425   400.
  409505   86.681  -80.426  10000.    155998.3002552500.000      2.655   400.
  409506   34.718  -69.456  10000.    155554.4002552415.000      1.833   400.
  409507   43.021   22.443  10000.    155320.3002553168.000       .894   400.
  409508   94.484   -1.638  10000.    155807.0002553147.000      1.986   400.
  409509   90.540   49.153  10000.    155610.5002553540.000      1.530   400.
  940016   88.528  100.415  10000.    155425.6002553947.000      1.985   400.
  940017   62.310  -93.103  10000.    155847.1002552321.000      2.770   400.
  940018   14.439   96.039  10000.    154848.0002553663.000      1.891   400.
  940019   -8.220   16.919  10000.    154932.1002552954.000      2.804   400.
  940020  -48.586  -52.070  10000.    154842.1002552278.000      1.986   400.
  940021  -58.442 -101.162  10000.    154926.6002551864.000      2.282   400.
  940022  -73.725   11.152  10000.    154433.5002552692.000      3.015   400.
 1340011  -82.247   93.720  10000.    154085.6002553321.000      2.215   400.
 1340012  -71.977   69.320  10000.    154249.9002553160.000      1.254   400.
 1340013     .097   99.554  10000.    154721.8002553643.000      1.701   400.
 1340014   -2.525   55.313  10000.    154849.4002553279.000      1.999   400.
 1340015   91.662   99.337  10000.    155454.3002553948.000      1.885   400.
 1340016  103.094   80.662  10000.    155607.3002553836.000      1.795   400.
 1450007  -86.743  -57.966  10000.    154561.8002552107.000      1.799   400.
 1450008  -89.818  -86.336  10000.    154631.7002551876.000      1.444   400.
 1450009    6.614  -65.879  10000.    155321.7002552351.000      1.497   400.
 1450010   12.642  -82.354  10000.    155422.7002552242.000      1.585   400.
 1450011   81.496  -52.227  10000.    155867.3002552704.000      2.159   400.
 1450012   74.988  -82.127  10000.    155911.9002552448.000      2.426   400.
    5595 -103.997  -51.726  10000.    154407.0002552101.000      5.104   400.
    5594  -49.404  -25.282  10000.    154747.7002552486.000      5.728   400.
    5593    2.452   -4.500  10000.    155087.4002552820.000      5.899   400.
    5592   52.846   12.047  10000.    155431.0002553117.000      6.087   400.
    5591  111.779   27.004  10000.    155848.9002553431.000      6.424   400.

There are  42 points used in the space resection of a single photo.

    X0 =  154947.000   Y0 = 2552766.000   Z0 =  1350.000 [units: meters]
    Focal length =   153.797 mm.
    Initial values:
        omega =       .0000 radians.
        phie  =       .0000 radians.
        kappa =     -1.0000 radians.

    The dimension of normal matrix =   8778


iteration  dxpc<m.>   dypc<m.>   dzpc<m.>  dphie<cc.>  domega<cc.>  dkapa<cc.>

    1       119.972    -95.135   1109.020      6396.7       1640.8    640444.4
    2       121.211    181.543  -1792.266     -1012.1      28047.4    450257.2
    3       -44.454    -56.802    342.751      3771.2       3376.6    -99634.8
    4       -53.350     -2.860    247.097     -1325.1     -12103.3    -77632.1
    5       -29.569     31.241     62.526     -4767.7     -10791.4    -23599.2
    6        -3.016      4.581      1.409      -830.0      -1064.5     -1301.5
    7         -.005       .010      -.013        -2.8         -1.4        -2.0
    8          .000       .000       .000          .0           .0          .0


       pno   mx<mm.>  vmx<mm.>   my<mm.>  vmy<mm.>        X<m.>  VX<m.>        Y<m.>  VY<m.>        Z<m.>  VZ<m.>

    409308  -93.6717    -.0038  -46.3670    -.0047   154470.300    .005  2552177.000    .017        5.497   -.011
    409309  -96.2710    -.0029   43.9885    -.0096   154143.700   -.003  2552877.000    .029        2.062    .003
    409401   -6.4181    -.0060   85.7325    -.0072   154716.300    .008  2553510.000    .026        2.032    .011
    409402     .1227     .0047   50.7542     .0036   154885.600   -.009  2553252.000   -.015        1.772   -.004
    409403  -15.4682    -.0034   -5.7009    -.0019   154949.700    .007  2552751.000    .009        2.169   -.001
    409404  -12.8531    -.0026  -79.1911    -.0025   155212.000    .004  2552184.000    .010        2.150   -.004
    409405  -45.6303     .0016   64.7216    -.0033   154475.400   -.008  2553211.000    .007        2.560    .006
    409406   -5.0158     .0011  -47.3929     .0105   155169.500    .009  2552458.000   -.030        2.841    .009
    409407  -53.2071    -.0035   -5.7742    -.0056   154651.600    .003  2552626.000    .019        1.322   -.004
    409501   77.4240    -.0025  -33.6039     .0031   155775.300    .010  2552838.000   -.006        2.001    .005
    409502   61.9075     .0037   87.1089     .0072   155256.900   -.002  2553750.000   -.023        2.227   -.016
    409503  103.2070    -.0015   79.0620     .0089   155613.200    .014  2553823.000   -.022        2.350   -.011
    409504   35.1143    -.0002  -27.2450    -.0090   155420.500   -.010  2552748.000    .024        1.425   -.004
    409505   86.6808    -.0002  -80.4262     .0053   155998.300    .006  2552500.000   -.014        2.655    .008
    409506   34.7177     .0018  -69.4559     .0045   155554.400    .000  2552415.000   -.014        1.833    .005
    409507   43.0213    -.0021   22.4431    -.0112   155320.300   -.007  2553168.000    .032         .894    .007
    409508   94.4837     .0043   -1.6382     .0078   155807.000   -.003  2553147.000   -.026        1.986   -.008
    409509   90.5396    -.0039   49.1528     .0010   155610.500    .012  2553540.000    .002        1.530    .006
    940016   88.5281    -.0016  100.4155     .0039   155425.600    .009  2553947.000   -.009        1.985   -.005
    940017   62.3097    -.0020  -93.1028     .0076   155847.100    .014  2552321.000   -.018        2.770    .016
    940018   14.4395     .0022   96.0389     .0031   154848.000   -.002  2553663.000   -.011        1.891   -.006
    940019   -8.2204     .0012   16.9189     .0028   154932.100    .000  2552954.000   -.009        2.804   -.001
    940020  -48.5856    -.0002  -52.0705    -.0051   154842.100   -.005  2552278.000    .014        1.986   -.005
    940021  -58.4424     .0007 -101.1625    -.0048   154926.600   -.007  2551864.000    .012        2.282   -.008
    940022  -73.7253    -.0029   11.1524    -.0088   154433.500   -.002  2552692.000    .027        3.015   -.002
   1340011  -82.2474     .0119   93.7199     .0032   154085.600   -.028  2553321.000   -.022        2.215    .012
   1340012  -71.9770     .0132   69.3196     .0029   154249.900   -.032  2553160.000   -.023        1.254    .014
   1340013     .0973     .0118   99.5544     .0046   154721.800   -.026  2553643.000   -.025        1.701   -.009
   1340014   -2.5249     .0072   55.3131    -.0018   154849.400   -.021  2553279.000   -.003        1.999    .002
   1340015   91.6620    -.0059   99.3365    -.0032   155454.300    .012  2553948.000    .015        1.885    .016
   1340016  103.0942    -.0008   80.6619     .0113   155607.300    .015  2553836.000   -.029        1.795   -.016
   1450007  -86.7425     .0008  -57.9660     .0012   154561.800   -.001  2552107.000   -.004        1.799    .002
   1450008  -89.8178    -.0071  -86.3364     .0026   154631.700    .022  2551876.000    .001        1.444   -.008
   1450009    6.6139    -.0026  -65.8792    -.0127   155321.700   -.007  2552351.000    .037        1.497   -.015
   1450010   12.6421    -.0008  -82.3538    -.0021   155422.700    .000  2552242.000    .007        1.585   -.003
   1450011   81.4962    -.0089  -52.2271    -.0072   155867.300    .016  2552704.000    .029        2.159    .007
   1450012   74.9881    -.0030  -82.1265     .0001   155911.900    .008  2552448.000    .003        2.426    .004
      5595 -103.9972    -.0012  -51.7259     .0047   154407.000    .009  2552101.000   -.011        5.104    .002
      5594  -49.4038     .0003  -25.2822     .0042   154747.700    .004  2552486.000   -.012        5.728    .002
      5593    2.4516     .0040   -4.4997     .0009   155087.400   -.010  2552820.000   -.007        5.899    .000
      5592   52.8457     .0008   12.0471    -.0050   155431.000   -.008  2553117.000    .013        6.087    .001
      5591  111.7792    -.0014   27.0040     .0007   155848.900    .005  2553431.000    .000        6.424    .003


  sigma naught =             .653232 [ unitless ]


  parameter              value      Std. Dev.

     GXPC      155057.789   m.      .057  m.
     GYPC     2552828.579   m.      .052  m.
     GZPC        1320.525   m.      .018  m.
     phie           .2230 gon.      23.7 cc.
    omega           .9104 gon.      20.7 cc.
    kappa         25.1912 gon.       8.1 cc.

      root mean square errors of ground points :
        R.M.S. --- XYZ =      .023 meters
        R.M.S. --- XY  =      .022 meters
        R.M.S. --- Z   =      .008 meters

      root mean square errors of photo points :
        R.M.S. --- xy  =  .008 mm.
        R.M.S. --- x   =  .005 mm.
        R.M.S. --- y   =  .006 mm.
 ..............................................................................

photo no. =      4096

         PHOTO SYSTEM                             GROUND SYSTEM
 pts no. xxxx.xxx yyyy.yyy  weight    xxxxxx.xxx yyyyyy.yyy zzzzzz.zzz weight
          [mm.]    [mm.]  [1/mm.**2]      [m.]       [m.]       [m.]   [1/m.**2]
  409401  -93.575   85.025  10000.    154716.3002553510.000      2.032   400.
  409402  -86.874   49.720  10000.    154885.6002553252.000      1.772   400.
  409403 -102.587   -7.191  10000.    154949.7002552751.000      2.169   400.
  409406  -92.019  -48.932  10000.    155169.5002552458.000      2.841   400.
  409501   -9.123  -34.470  10000.    155775.3002552838.000      2.001   400.
  409502  -24.546   86.572  10000.    155256.9002553750.000      2.227   400.
  409503   16.932   78.582  10000.    155613.2002553823.000      2.350   400.
  409504  -51.528  -28.470  10000.    155420.5002552748.000      1.425   400.
  409505     .015  -81.085  10000.    155998.3002552500.000      2.655   400.
  409506  -51.961  -70.646  10000.    155554.4002552415.000      1.833   400.
  409507  -43.527   21.422  10000.    155320.3002553168.000       .894   400.
  409508    8.037   -2.415  10000.    155807.0002553147.000      1.986   400.
  409509    4.199   48.473  10000.    155610.5002553540.000      1.530   400.
  409601   76.603   90.965  10000.    156050.1002554121.000      2.330   400.
  409602   83.216     .472  10000.    156397.8002553417.000      1.631   400.
  409603   36.150  -35.645  10000.    156138.4002552975.000      2.360   400.
  409604  100.237  -92.015  10000.    156830.9002552736.000      2.443   400.
  409605   53.028  -87.181  10000.    156439.2002552622.000      1.444   400.
  409606   46.806   24.042  10000.    156029.9002553485.000      1.585   400.
  409607   85.635  -46.762  10000.    156569.0002553048.000      2.481   400.
  409608   92.354   63.516  10000.    156266.1002553952.000      2.538   400.
  409404  -99.828  -80.822  10000.    155212.0002552184.000      2.150   400.
  940013   86.011   35.499  10000.    156306.7002553706.000      1.746   400.
  940014   56.395   54.811  10000.    156006.1002553763.000      2.782   400.
  940015   46.732  107.119  10000.    155757.6002554152.000      2.042   400.
  940016    2.270  100.048  10000.    155425.6002553947.000      1.985   400.
  940017  -24.386  -93.929  10000.    155847.1002552321.000      2.770   400.
  940018  -72.452   95.489  10000.    154848.0002553663.000      1.891   400.
  940019  -95.337   15.596  10000.    154932.1002552954.000      2.804   400.
 1340013  -86.944   99.015  10000.    154721.8002553643.000      1.701   400.
 1340014  -89.572   54.303  10000.    154849.4002553279.000      1.999   400.
 1340015    5.425   98.969  10000.    155454.3002553948.000      1.885   400.
 1340016   16.857   80.191  10000.    155607.3002553836.000      1.795   400.
 1340017   92.166   88.912  10000.    156181.8002554157.000      2.539   400.
 1340018   92.000   63.996  10000.    156261.7002553955.000      2.668   400.
 1450009  -80.196  -67.336  10000.    155321.7002552351.000      1.497   400.
 1450010  -74.112  -83.718  10000.    155422.7002552242.000      1.585   400.
 1450011   -5.092  -53.032  10000.    155867.3002552704.000      2.159   400.
 1450012  -11.668  -82.887  10000.    155911.9002552448.000      2.426   400.
 1450013   85.455  -54.301  10000.    156591.9002552987.000      2.253   400.
 1450014   68.440  -75.812  10000.    156525.0002552762.000      2.499   400.
    5593  -84.726   -5.874  10000.    155087.4002552820.000      5.899   400.
    5592  -33.984   11.040  10000.    155431.0002553117.000      6.087   400.
    5591   25.128   26.354  10000.    155848.9002553431.000      6.424   400.
    5590   84.248   37.193  10000.    156285.0002553712.000      6.432   400.

There are  45 points used in the space resection of a single photo.

    X0 =  155729.000   Y0 = 2553124.000   Z0 =  1400.000 [units: meters]
    Focal length =   153.797 mm.
    Initial values:
        omega =       .0000 radians.
        phie  =       .0000 radians.
        kappa =     -1.0000 radians.

    The dimension of normal matrix =  10011


iteration  dxpc<m.>   dypc<m.>   dzpc<m.>  dphie<cc.>  domega<cc.>  dkapa<cc.>

    1        33.114    -14.085   1130.439      4621.9       3788.4    663199.7
    2       -92.454    -44.269  -2028.038    -18832.7      21776.6    415583.7
    3         9.174      3.151    319.741     -2374.0       9158.9    -73022.6
    4        20.007      6.595    320.062      4857.8      -4125.7    -75463.4
    5        23.875     31.039    158.352      7156.1     -16445.7    -39773.5
    6         6.167     17.464     20.750      1462.0      -6450.9     -5834.6
    7          .117       .703       .118         7.9       -214.7       -77.6
    8          .000       .000       .000          .0          -.1          .0


       pno   mx<mm.>  vmx<mm.>   my<mm.>  vmy<mm.>        X<m.>  VX<m.>        Y<m.>  VY<m.>        Z<m.>  VZ<m.>

    409401  -93.5753     .0014   85.0247    -.0138   154716.300   -.019  2553510.000    .035        2.032    .025
    409402  -86.8739     .0002   49.7198     .0029   154885.600    .003  2553252.000   -.008        1.772   -.003
    409403 -102.5874    -.0035   -7.1910    -.0026   154949.700    .007  2552751.000    .011        2.169   -.007
    409406  -92.0186     .0024  -48.9324     .0058   155169.500    .000  2552458.000   -.019        2.841    .009
    409501   -9.1228     .0022  -34.4703    -.0061   155775.300   -.013  2552838.000    .014        2.001   -.003
    409502  -24.5463     .0005   86.5724     .0073   155256.900    .007  2553750.000   -.020        2.227   -.012
    409503   16.9317     .0066   78.5818     .0045   155613.200   -.013  2553823.000   -.019        2.350   -.009
    409504  -51.5285    -.0013  -28.4697     .0097   155420.500    .014  2552748.000   -.025        1.425    .004
    409505     .0151     .0005  -81.0853     .0076   155998.300    .007  2552500.000   -.021        2.655    .012
    409506  -51.9612     .0029  -70.6459     .0064   155554.400   -.001  2552415.000   -.021        1.833    .011
    409507  -43.5274    -.0033   21.4223    -.0053   155320.300    .003  2553168.000    .018         .894    .000
    409508    8.0371    -.0015   -2.4147     .0109   155807.000    .016  2553147.000   -.028        1.986    .000
    409509    4.1994     .0080   48.4732     .0025   155610.500   -.019  2553540.000   -.015        1.530   -.003
    409601   76.6034     .0012   90.9654     .0084   156050.100    .006  2554121.000   -.024        2.330   -.016
    409602   83.2161    -.0010     .4717     .0050   156397.800    .008  2553417.000   -.012        1.631    .001
    409603   36.1495    -.0005  -35.6451    -.0013   156138.400    .000  2552975.000    .004        2.360    .000
    409604  100.2371    -.0059  -92.0154    -.0044   156830.900    .011  2552736.000    .018        2.443    .004
    409605   53.0278     .0000  -87.1810     .0001   156439.200    .000  2552622.000    .000        1.444    .000
    409606   46.8055    -.0001   24.0422    -.0007   156029.900   -.001  2553485.000    .002        1.585    .000
    409607   85.6353    -.0031  -46.7616    -.0045   156569.000    .003  2553048.000    .015        2.481    .001
    409608   92.3543    -.0020   63.5162    -.0018   156266.100    .003  2553952.000    .007        2.538    .006
    409404  -99.8276     .0001  -80.8217    -.0022   155212.000   -.003  2552184.000    .006        2.150   -.003
    940013   86.0110     .0009   35.4992    -.0041   156306.700   -.007  2553706.000    .010        1.746    .001
    940014   56.3950    -.0033   54.8110    -.0089   156006.100   -.001  2553763.000    .027        2.782    .013
    940015   46.7323    -.0002  107.1189     .0013   155757.600    .002  2554152.000   -.003        2.042   -.002
    940016    2.2697     .0007  100.0479     .0004   155425.600   -.002  2553947.000   -.002        1.985   -.001
    940017  -24.3856     .0032  -93.9291    -.0011   155847.100   -.010  2552321.000    .000        2.770   -.001
    940018  -72.4520     .0060   95.4893    -.0010   154848.000   -.017  2553663.000   -.004        1.891    .010
    940019  -95.3374    -.0002   15.5964     .0028   154932.100    .004  2552954.000   -.007        2.804   -.001
   1340013  -86.9436     .0009   99.0150     .0017   154721.800    .000  2553643.000   -.005        1.701   -.002
   1340014  -89.5718     .0018   54.3025     .0006   154849.400   -.004  2553279.000   -.004        1.999    .002
   1340015    5.4254    -.0057   98.9688    -.0088   155454.300    .006  2553948.000    .030        1.885    .017
   1340016   16.8568     .0086   80.1909     .0074   155607.300   -.015  2553836.000   -.029        1.795   -.014
   1340017   92.1659    -.0013   88.9117    -.0017   156181.800    .001  2554157.000    .006        2.539    .005
   1340018   91.9996     .0016   63.9963     .0093   156261.700    .006  2553955.000   -.026        2.668   -.014
   1450009  -80.1963     .0019  -67.3364    -.0080   155321.700   -.014  2552351.000    .020        1.497   -.007
   1450010  -74.1124    -.0045  -83.7181    -.0088   155422.700    .003  2552242.000    .029        1.585   -.020
   1450011   -5.0918    -.0019  -53.0323    -.0102   155867.300   -.006  2552704.000    .030        2.159   -.010
   1450012  -11.6677     .0038  -82.8872    -.0006   155911.900   -.011  2552448.000   -.003        2.426    .000
   1450013   85.4555    -.0113  -54.3009    -.0015   156591.900    .029  2552987.000    .016        2.253    .017
   1450014   68.4402     .0054  -75.8118     .0038   156525.000   -.010  2552762.000   -.016        2.499   -.002
      5593  -84.7264    -.0030   -5.8742     .0007   155087.400    .009  2552820.000    .002        5.899   -.005
      5592  -33.9838    -.0042   11.0397    -.0040   155431.000    .007  2553117.000    .015        6.087   -.002
      5591   25.1284    -.0039   26.3545    -.0015   155848.900    .009  2553431.000    .008        6.424    .003
      5590   84.2477     .0010   37.1928     .0042   156285.000    .002  2553712.000   -.012        6.432   -.005


  sigma naught =             .592143 [ unitless ]


  parameter              value      Std. Dev.

     GXPC      155729.000   m.      .046  m.
     GYPC     2553124.598   m.      .049  m.
     GZPC        1321.425   m.      .016  m.
     phie          -.3101 gon.      18.8 cc.
    omega           .7487 gon.      19.5 cc.
    kappa         24.7992 gon.       7.0 cc.

      root mean square errors of ground points :
        R.M.S. --- XYZ =      .022 meters
        R.M.S. --- XY  =      .020 meters
        R.M.S. --- Z   =      .009 meters

      root mean square errors of photo points :
        R.M.S. --- xy  =  .007 mm.
        R.M.S. --- x   =  .004 mm.
        R.M.S. --- y   =  .006 mm.


      There is(are)    2 photo(s) to compute the space resection.
        **** END the Space Resection of a single photo ****
