        **** no. of ground check points =    71 ****
 ..............................................................................

photo no. =      4095

         PHOTO SYSTEM                             GROUND SYSTEM
 pts no. xxxx.xxx yyyy.yyy  weight    xxxxxx.xxx yyyyyy.yyy zzzzzz.zzz weight
          [mm.]    [mm.]  [1/mm.**2]      [m.]       [m.]       [m.]   [1/m.**2]
  409308  -93.672  -46.267  10000.    154470.3002552177.000      5.497   400.
  409309  -96.271   43.988  10000.    154143.7002552877.000      2.062   400.
  409401   -6.418   85.732  10000.    154716.3002553510.000      2.032   400.
  409402     .123   50.754  10000.    154885.6002553252.000      1.772   400.
  409403  -15.468   -5.701  10000.    154949.7002552751.000      2.169   400.
  409404  -12.853  -79.191  10000.    155212.0002552184.000      2.150   400.
  409405  -45.630   64.722  10000.    154475.4002553211.000      2.560   400.
  409406   -5.016  -47.393  10000.    155169.5002552458.000      2.841   400.
  409407  -53.207   -5.774  10000.    154651.6002552626.000      1.322   400.
  409501   77.424  -33.604  10000.    155775.3002552838.000      2.001   400.
  409502   61.908   87.109  10000.    155256.9002553750.000      2.227   400.
  409503  103.207   79.062  10000.    155613.2002553823.000      2.350   400.
  409504   35.114  -27.245  10000.    155420.5002552748.000      1.425   400.
  409505   86.681  -80.426  10000.    155998.3002552500.000      2.655   400.
  409506   34.718  -69.456  10000.    155554.4002552415.000      1.833   400.
  409507   43.021   22.443  10000.    155320.3002553168.000       .894   400.
  409508   94.484   -1.638  10000.    155807.0002553147.000      1.986   400.
  409509   90.540   49.153  10000.    155610.5002553540.000      1.530   400.
  940016   88.528  100.415  10000.    155425.6002553947.000      1.985   400.
  940017   62.310  -93.103  10000.    155847.1002552321.000      2.770   400.
  940018   14.439   96.039  10000.    154848.0002553663.000      1.891   400.
  940019   -8.220   16.919  10000.    154932.1002552954.000      2.804   400.
  940020  -48.586  -52.070  10000.    154842.1002552278.000      1.986   400.
  940021  -58.442 -101.162  10000.    154926.6002551864.000      2.282   400.
  940022  -73.725   11.152  10000.    154433.5002552692.000      3.015   400.
 1340011  -82.247   93.720  10000.    154085.6002553321.000      2.215   400.
 1340012  -71.977   69.320  10000.    154249.9002553160.000      1.254   400.
 1340013     .097   99.554  10000.    154721.8002553643.000      1.701   400.
 1340014   -2.525   55.313  10000.    154849.4002553279.000      1.999   400.
 1340015   91.662   99.337  10000.    155454.3002553948.000      1.885   400.
 1340016  103.094   80.662  10000.    155607.3002553836.000      1.795   400.
 1450007  -86.743  -57.966  10000.    154561.8002552107.000      1.799   400.
 1450008  -89.818  -86.336  10000.    154631.7002551876.000      1.444   400.
 1450009    6.614  -65.879  10000.    155321.7002552351.000      1.497   400.
 1450010   12.642  -82.354  10000.    155422.7002552242.000      1.585   400.
 1450011   81.496  -52.227  10000.    155867.3002552704.000      2.159   400.
 1450012   74.988  -82.127  10000.    155911.9002552448.000      2.426   400.
    5595 -103.997  -51.726  10000.    154407.0002552101.000      5.104   400.
    5594  -49.404  -25.282  10000.    154747.7002552486.000      5.728   400.
    5593    2.452   -4.500  10000.    155087.4002552820.000      5.899   400.
    5592   52.846   12.047  10000.    155431.0002553117.000      6.087   400.
    5591  111.779   27.004  10000.    155848.9002553431.000      6.424   400.

There are  42 points used in the space resection of a single photo.

    X0 =  154947.000   Y0 = 2552766.000   Z0 =  1350.000 [units: meters]
    Focal length =   153.797 mm.
    Initial values:
        omega =       .0000 radians.
        phie  =       .0000 radians.
        kappa =     -1.0000 radians.

    The dimension of normal matrix =   8778


iteration  dxpc<m.>   dypc<m.>   dzpc<m.>  dphie<cc.>  domega<cc.>  dkapa<cc.>

    1       120.009    -95.056   1109.085      6421.5       1604.1    640437.5
    2       121.900    181.091  -1792.326      -866.7      28141.9    450308.8
    3       -44.628    -56.746    342.776      3793.5       3365.4    -99646.2
    4       -53.597     -2.671    247.130     -1403.5     -12138.2    -77643.2
    5       -29.748     31.319     62.495     -4833.5     -10792.9    -23603.1
    6        -3.030      4.586      1.398      -834.8      -1064.5     -1301.4
    7         -.005       .010      -.013        -2.6         -1.5        -2.0
    8          .000       .000       .000          .0           .0          .0


       pno   mx<mm.>  vmx<mm.>   my<mm.>  vmy<mm.>        X<m.>  VX<m.>        Y<m.>  VY<m.>        Z<m.>  VZ<m.>

    409308  -93.6717    -.0004  -46.2670    -.0716   154470.300   -.080  2552177.000    .196        5.497   -.061
    409309  -96.2710     .0013   43.9885    -.0069   154143.700   -.011  2552877.000    .017        2.062    .008
    409401   -6.4181    -.0049   85.7325    -.0071   154716.300    .005  2553510.000    .024        2.032    .011
    409402     .1227     .0049   50.7542     .0051   154885.600   -.007  2553252.000   -.019        1.772   -.005
    409403  -15.4682    -.0043   -5.7009     .0011   154949.700    .013  2552751.000    .002        2.169   -.001
    409404  -12.8531    -.0054  -79.1911     .0002   155212.000    .015  2552184.000    .006        2.150   -.001
    409405  -45.6303     .0037   64.7216    -.0022   154475.400   -.012  2553211.000    .002        2.560    .006
    409406   -5.0158    -.0010  -47.3929     .0133   155169.500    .018  2552458.000   -.035        2.841    .011
    409407  -53.2071    -.0034   -5.7742    -.0017   154651.600    .007  2552626.000    .008        1.322   -.003
    409501   77.4240    -.0029  -33.6039     .0034   155775.300    .012  2552838.000   -.006        2.001    .006
    409502   61.9075     .0038   87.1089     .0074   155256.900   -.002  2553750.000   -.024        2.227   -.017
    409503  103.2070    -.0007   79.0620     .0093   155613.200    .012  2553823.000   -.024        2.350   -.013
    409504   35.1143    -.0016  -27.2450    -.0072   155420.500   -.004  2552748.000    .021        1.425   -.002
    409505   86.6808    -.0006  -80.4262     .0039   155998.300    .006  2552500.000   -.010        2.655    .007
    409506   34.7177    -.0003  -69.4559     .0054   155554.400    .007  2552415.000   -.014        1.833    .007
    409507   43.0213    -.0028   22.4431    -.0097   155320.300   -.003  2553168.000    .029         .894    .007
    409508   94.4837     .0047   -1.6382     .0084   155807.000   -.003  2553147.000   -.028        1.986   -.008
    409509   90.5396    -.0035   49.1528     .0018   155610.500    .011  2553540.000   -.001        1.530    .004
    940016   88.5281    -.0010  100.4155     .0038   155425.600    .007  2553947.000   -.009        1.985   -.006
    940017   62.3097    -.0035  -93.1028     .0066   155847.100    .017  2552321.000   -.014        2.770    .016
    940018   14.4395     .0029   96.0389     .0028   154848.000   -.005  2553663.000   -.011        1.891   -.006
    940019   -8.2204     .0007   16.9189     .0053   154932.100    .004  2552954.000   -.015        2.804   -.002
    940020  -48.5856    -.0017  -52.0705    -.0007   154842.100    .004  2552278.000    .004        1.986   -.002
    940021  -58.4424    -.0023 -101.1625    -.0004   154926.600    .006  2551864.000    .004        2.282   -.003
    940022  -73.7253    -.0013   11.1524    -.0049   154433.500   -.002  2552692.000    .015        3.015   -.001
   1340011  -82.2474     .0169   93.7199     .0030   154085.600   -.042  2553321.000   -.027        2.215    .021
   1340012  -71.9770     .0169   69.3196     .0040   154249.900   -.041  2553160.000   -.030        1.254    .017
   1340013     .0973     .0130   99.5544     .0041   154721.800   -.030  2553643.000   -.025        1.701   -.008
   1340014   -2.5249     .0075   55.3131    -.0006   154849.400   -.021  2553279.000   -.007        1.999    .001
   1340015   91.6620    -.0053   99.3365    -.0033   155454.300    .011  2553948.000    .014        1.885    .015
   1340016  103.0942     .0000   80.6619     .0116   155607.300    .013  2553836.000   -.031        1.795   -.018
   1450007  -86.7425     .0003  -57.9660     .0069   154561.800    .007  2552107.000   -.019        1.799    .008
   1450008  -89.8178    -.0087  -86.3364     .0085   154631.700    .033  2551876.000   -.013        1.444   -.001
   1450009    6.6139    -.0050  -65.8792    -.0105   155321.700    .002  2552351.000    .034        1.497   -.012
   1450010   12.6421    -.0035  -82.3538    -.0006   155422.700    .009  2552242.000    .005        1.585    .000
   1450011   81.4962    -.0093  -52.2271    -.0075   155867.300    .017  2552704.000    .031        2.159    .007
   1450012   74.9881    -.0039  -82.1265    -.0009   155911.900    .009  2552448.000    .007        2.426    .004
      5595 -103.9972    -.0007  -51.7259     .0109   154407.000    .014  2552101.000   -.029        5.104    .009
      5594  -49.4038    -.0003  -25.2822     .0084   154747.700    .010  2552486.000   -.022        5.728    .003
      5593    2.4516     .0028   -4.4997     .0036   155087.400   -.004  2552820.000   -.013        5.899    .000
      5592   52.8457     .0000   12.0471    -.0035   155431.000   -.004  2553117.000    .009        6.087    .001
      5591  111.7792    -.0004   27.0040     .0012   155848.900    .003  2553431.000   -.003        6.424    .000


  sigma naught =            1.185123 [ unitless ]


  parameter              value      Std. Dev.

     GXPC      155057.902   m.      .103  m.
     GYPC     2552828.534   m.      .094  m.
     GZPC        1320.545   m.      .033  m.
     phie           .2274 gon.      42.9 cc.
    omega           .9114 gon.      37.6 cc.
    kappa         25.1931 gon.      14.6 cc.

      root mean square errors of ground points :
        R.M.S. --- XYZ =      .042 meters
        R.M.S. --- XY  =      .040 meters
        R.M.S. --- Z   =      .013 meters

      root mean square errors of photo points :
        R.M.S. --- xy  =  .014 mm.
        R.M.S. --- x   =  .006 mm.
        R.M.S. --- y   =  .013 mm.
