        **** no. of ground check points =    71 ****
 ..............................................................................

photo no. =      4095

         PHOTO SYSTEM                             GROUND SYSTEM
 pts no. xxxx.xxx yyyy.yyy  weight    xxxxxx.xxx yyyyyy.yyy zzzzzz.zzz weight
          [mm.]    [mm.]  [1/mm.**2]      [m.]       [m.]       [m.]   [1/m.**2]
  409404  -12.853  -79.191  10000.    155212.0002552184.000      2.150   400.
  409505   86.681  -80.426  10000.    155998.3002552500.000      2.655   400.
 1450008  -89.818  -86.336  10000.    154631.7002551876.000      1.444   400.
 1450010   12.642  -82.354  10000.    155422.7002552242.000      1.585   400.
 1450012   74.988  -82.127  10000.    155911.9002552448.000      2.426   400.

There are   5 points used in the space resection of a single photo.

    X0 =  154947.000   Y0 = 2552766.000   Z0 =  1350.000 [units: meters]
    Focal length =   153.797 mm.
    Initial values:
        omega =       .0000 radians.
        phie  =       .0000 radians.
        kappa =     -1.0000 radians.

    The dimension of normal matrix =    231


iteration  dxpc<m.>   dypc<m.>   dzpc<m.>  dphie<cc.>  domega<cc.>  dkapa<cc.>

    1        74.942    -35.871   1071.149    -12874.2     -27902.2    646093.0
    2       271.052     21.151  -1734.826     29051.9      78852.1    443488.5
    3      -108.654    -32.629    332.069     -6019.6     -10081.9    -95042.5
    4      -109.315     68.910    228.193    -12467.8     -33563.7    -77618.1
    5       -19.808     39.355     69.730      3765.4        854.5    -26742.6
    6         3.855      -.957      5.823      1411.6       2235.2     -1669.2
    7          .043      -.048       .024        10.2         18.5        -6.5
    8          .000       .000       .000          .0           .0          .0


       pno   mx<mm.>  vmx<mm.>   my<mm.>  vmy<mm.>        X<m.>  VX<m.>        Y<m.>  VY<m.>        Z<m.>  VZ<m.>

    409404  -12.8531     .0000  -79.1911    -.0001   155212.000    .000  2552184.000    .000        2.150    .000
    409505   86.6808     .0008  -80.4262     .0040   155998.300    .002  2552500.000   -.012        2.655    .004
   1450008  -89.8178    -.0001  -86.3364     .0015   154631.700    .002  2551876.000   -.004        1.444    .002
   1450010   12.6421     .0004  -82.3538    -.0030   155422.700   -.004  2552242.000    .008        1.585   -.005
   1450012   74.9881    -.0012  -82.1265    -.0023   155911.900    .001  2552448.000    .008        2.426   -.002


  sigma naught =             .347468 [ unitless ]


  parameter              value      Std. Dev.

     GXPC      155059.116   m.     1.061  m.
     GYPC     2552825.911   m.     2.272  m.
     GZPC        1322.161   m.     1.310  m.
     phie           .2878 gon.     506.3 cc.
    omega          1.0412 gon.    1101.1 cc.
    kappa         25.1883 gon.      34.9 cc.

      root mean square errors of ground points :
        R.M.S. --- XYZ =      .008 meters
        R.M.S. --- XY  =      .008 meters
        R.M.S. --- Z   =      .003 meters

      root mean square errors of photo points :
        R.M.S. --- xy  =  .003 mm.
        R.M.S. --- x   =  .001 mm.
        R.M.S. --- y   =  .003 mm.
