        **** no. of ground check points =    71 ****
 ..............................................................................

photo no. =      4095

         PHOTO SYSTEM                             GROUND SYSTEM
 pts no. xxxx.xxx yyyy.yyy  weight    xxxxxx.xxx yyyyyy.yyy zzzzzz.zzz weight
          [mm.]    [mm.]  [1/mm.**2]      [m.]       [m.]       [m.]   [1/m.**2]
  409507   43.021   22.443  10000.    155320.3002553168.000       .894   400.
  940019   -8.220   16.919  10000.    154932.1002552954.000      2.804   400.
  940022  -73.725   11.152  10000.    154433.5002552692.000      3.015   400.
    5592   52.846   12.047  10000.    155431.0002553117.000      6.087   400.
    5591  111.779   27.004  10000.    155848.9002553431.000      6.424   400.

There are   5 points used in the space resection of a single photo.

    X0 =  154947.000   Y0 = 2552766.000   Z0 =  1350.000 [units: meters]
    Focal length =   153.797 mm.
    Initial values:
        omega =       .0000 radians.
        phie  =       .0000 radians.
        kappa =     -1.0000 radians.

    The dimension of normal matrix =    231


iteration  dxpc<m.>   dypc<m.>   dzpc<m.>  dphie<cc.>  domega<cc.>  dkapa<cc.>

    1       125.680   -131.293   1102.473     11497.9      18289.3    639522.7
    2        43.665    318.727  -1766.299    -17641.6     -10622.7    451636.6
    3       -15.551    -78.899    344.738      2951.1       6183.1   -103757.4
    4       -30.593    -46.120    234.338      3171.7      -2380.4    -77118.1
    5       -12.277      -.330     53.646      1971.0      -2444.9    -20829.1
    6         -.509      1.309      1.770        89.2       -342.2      -896.1
    7         -.001       .008       .001         -.6         -2.3        -1.3
    8          .000       .000       .000          .0           .0          .0


       pno   mx<mm.>  vmx<mm.>   my<mm.>  vmy<mm.>        X<m.>  VX<m.>        Y<m.>  VY<m.>        Z<m.>  VZ<m.>

    409507   43.0213    -.0013   22.4431    -.0070   155320.300   -.004  2553168.000    .020         .894    .004
    940019   -8.2204     .0020   16.9189     .0080   154932.100    .004  2552954.000   -.024        2.804   -.003
    940022  -73.7253    -.0006   11.1524    -.0020   154433.500   -.001  2552692.000    .006        3.015    .000
      5592   52.8457    -.0006   12.0471    -.0019   155431.000    .000  2553117.000    .006        6.087    .001
      5591  111.7792     .0005   27.0040     .0029   155848.900    .002  2553431.000   -.008        6.424   -.003


  sigma naught =             .675832 [ unitless ]


  parameter              value      Std. Dev.

     GXPC      155057.413   m.     1.633  m.
     GYPC     2552829.401   m.     2.926  m.
     GZPC        1320.668   m.      .404  m.
     phie           .2039 gon.     777.1 cc.
    omega           .8680 gon.    1417.7 cc.
    kappa         25.1938 gon.      36.8 cc.

      root mean square errors of ground points :
        R.M.S. --- XYZ =      .015 meters
        R.M.S. --- XY  =      .015 meters
        R.M.S. --- Z   =      .003 meters

      root mean square errors of photo points :
        R.M.S. --- xy  =  .005 mm.
        R.M.S. --- x   =  .001 mm.
        R.M.S. --- y   =  .005 mm.
