        **** no. of ground check points =    71 ****
 ..............................................................................

photo no. =      4095

         PHOTO SYSTEM                             GROUND SYSTEM
 pts no. xxxx.xxx yyyy.yyy  weight    xxxxxx.xxx yyyyyy.yyy zzzzzz.zzz weight
          [mm.]    [mm.]  [1/mm.**2]      [m.]       [m.]       [m.]   [1/m.**2]
  409309  -96.271   43.988  10000.    154143.7002552877.000      2.062   400.
  409401   -6.418   85.732  10000.    154716.3002553510.000      2.032   400.
  409402     .123   50.754  10000.    154885.6002553252.000      1.772   400.
  409405  -45.630   64.722  10000.    154475.4002553211.000      2.560   400.
  940019   -8.220   16.919  10000.    154932.1002552954.000      2.804   400.
  940022  -73.725   11.152  10000.    154433.5002552692.000      3.015   400.
 1340011  -82.247   93.720  10000.    154085.6002553321.000      2.215   400.
 1340012  -71.977   69.320  10000.    154249.9002553160.000      1.254   400.
 1340013     .097   99.554  10000.    154721.8002553643.000      1.701   400.
 1340014   -2.525   55.313  10000.    154849.4002553279.000      1.999   400.

There are  10 points used in the space resection of a single photo.

    X0 =  154779.086   Y0 = 2552264.356   Z0 =  1350.000 [units: meters]
    Focal length =   153.797 mm.
    Initial values:
        omega =       .0000 radians.
        phie  =       .0000 radians.
        kappa =     -1.0000 radians.

    The dimension of normal matrix =    666


iteration  dxpc<m.>   dypc<m.>   dzpc<m.>  dphie<cc.>  domega<cc.>  dkapa<cc.>

    1       629.608   -182.670   1103.932      -681.8       4594.8    636023.0
    2       -57.087   1517.662  -1760.179      4765.9       8399.9    455963.6
    3       -16.913   -439.051    335.601      3237.4       3873.7   -104222.8
    4      -165.413   -295.043    226.607       315.4      -3215.4    -76259.4
    5      -102.709    -39.102     62.184     -4370.1      -4153.4    -21710.5
    6        -9.030      2.526      2.687     -1193.2       -472.8     -1280.7
    7         -.032       .026      -.009       -11.1         -4.1        -1.6
    8          .000       .000       .000          .0           .0          .0


       pno   mx<mm.>  vmx<mm.>   my<mm.>  vmy<mm.>        X<m.>  VX<m.>        Y<m.>  VY<m.>        Z<m.>  VZ<m.>

    409309  -96.2710    -.0050   43.9885    -.0077   154143.700    .005  2552877.000    .026        2.062   -.002
    409401   -6.4181    -.0118   85.7325    -.0075   154716.300    .023  2553510.000    .033        2.032    .011
    409402     .1227    -.0006   50.7542     .0036   154885.600    .006  2553252.000   -.009        1.772   -.004
    409405  -45.6303    -.0015   64.7216    -.0024   154475.400    .001  2553211.000    .008        2.560    .002
    940019   -8.2204    -.0020   16.9189     .0058   154932.100    .012  2552954.000   -.013        2.804   -.002
    940022  -73.7253    -.0010   11.1524    -.0060   154433.500   -.004  2552692.000    .017        3.015    .000
   1340011  -82.2474     .0053   93.7199     .0071   154085.600   -.006  2553321.000   -.025        2.215   -.005
   1340012  -71.9770     .0095   69.3196     .0048   154249.900   -.020  2553160.000   -.024        1.254    .006
   1340013     .0973     .0052   99.5544     .0045   154721.800   -.009  2553643.000   -.018        1.701   -.009
   1340014   -2.5249     .0021   55.3131    -.0021   154849.400   -.008  2553279.000    .003        1.999    .002


  sigma naught =             .775402 [ unitless ]


  parameter              value      Std. Dev.

     GXPC      155057.509   m.      .299  m.
     GYPC     2552828.703   m.      .320  m.
     GZPC        1320.823   m.      .217  m.
     phie           .2062 gon.     140.2 cc.
    omega           .9023 gon.     139.4 cc.
    kappa         25.1892 gon.      52.5 cc.

      root mean square errors of ground points :
        R.M.S. --- XYZ =      .023 meters
        R.M.S. --- XY  =      .023 meters
        R.M.S. --- Z   =      .005 meters

      root mean square errors of photo points :
        R.M.S. --- xy  =  .008 mm.
        R.M.S. --- x   =  .006 mm.
        R.M.S. --- y   =  .005 mm.
