        **** no. of ground check points =    71 ****
 ..............................................................................

photo no. =      4095

         PHOTO SYSTEM                             GROUND SYSTEM
 pts no. xxxx.xxx yyyy.yyy  weight    xxxxxx.xxx yyyyyy.yyy zzzzzz.zzz weight
          [mm.]    [mm.]  [1/mm.**2]      [m.]       [m.]       [m.]   [1/m.**2]
  940016   88.528  100.415  10000.    155425.6002553947.000      1.985   400.
 1340015   91.662   99.337  10000.    155454.3002553948.000      1.885   400.
 1340016  103.094   80.662  10000.    155607.3002553836.000      1.795   400.
 1450008  -89.818  -86.336  10000.    154631.7002551876.000      1.444   400.
    5592   52.846   12.047  10000.    155431.0002553117.000      6.087   400.

There are   5 points used in the space resection of a single photo.

    X0 =  154947.000   Y0 = 2552766.000   Z0 =  1350.000 [units: meters]
    Focal length =   153.797 mm.
    Initial values:
        omega =       .0000 radians.
        phie  =       .0000 radians.
        kappa =     -1.0000 radians.

    The dimension of normal matrix =    231


iteration  dxpc<m.>   dypc<m.>   dzpc<m.>  dphie<cc.>  domega<cc.>  dkapa<cc.>

    1       152.653   -110.090   1109.975     20091.3       7991.4    639996.1
    2        13.986    210.396  -1797.025    -26655.5      16882.9    450519.3
    3        -5.998    -52.496    340.384     12919.4       7261.8    -99600.8
    4       -21.169    -14.567    247.901      2085.8     -10290.4    -77492.3
    5       -25.267     24.356     66.928     -5348.7     -11372.4    -23414.0
    6        -4.492      5.171      2.417     -1340.5      -1505.2     -1468.0
    7         -.027       .032      -.015       -10.2         -8.0        -6.6
    8          .000       .000       .000          .0           .0          .0


       pno   mx<mm.>  vmx<mm.>   my<mm.>  vmy<mm.>        X<m.>  VX<m.>        Y<m.>  VY<m.>        Z<m.>  VZ<m.>

    940016   88.5281     .0038  100.4155     .0030   155425.600   -.007  2553947.000   -.012        1.985   -.012
   1340015   91.6620    -.0017   99.3365    -.0051   155454.300   -.001  2553948.000    .015        1.885    .013
   1340016  103.0942    -.0042   80.6619     .0048   155607.300    .017  2553836.000   -.008        1.795    .001
   1450008  -89.8178    -.0008  -86.3364     .0012   154631.700    .003  2551876.000   -.003        1.444    .001
      5592   52.8457     .0028   12.0471    -.0040   155431.000   -.012  2553117.000    .007        6.087   -.002


  sigma naught =             .651972 [ unitless ]


  parameter              value      Std. Dev.

     GXPC      155056.685   m.      .656  m.
     GYPC     2552828.801   m.      .234  m.
     GZPC        1320.564   m.      .050  m.
     phie           .1742 gon.     303.8 cc.
    omega           .8960 gon.     108.8 cc.
    kappa         25.1914 gon.      21.4 cc.

      root mean square errors of ground points :
        R.M.S. --- XYZ =      .016 meters
        R.M.S. --- XY  =      .014 meters
        R.M.S. --- Z   =      .008 meters

      root mean square errors of photo points :
        R.M.S. --- xy  =  .005 mm.
        R.M.S. --- x   =  .003 mm.
        R.M.S. --- y   =  .004 mm.
