        **** no. of ground check points =    71 ****
 ..............................................................................

photo no. =      4095

         PHOTO SYSTEM                             GROUND SYSTEM
 pts no. xxxx.xxx yyyy.yyy  weight    xxxxxx.xxx yyyyyy.yyy zzzzzz.zzz weight
          [mm.]    [mm.]  [1/mm.**2]      [m.]       [m.]       [m.]   [1/m.**2]
  409403  -15.468   -5.701  10000.    154949.7002552751.000      2.169   400.
  409502   61.908   87.109  10000.    155256.9002553750.000      2.227   400.
  940016   88.528  100.415  10000.    155425.6002553947.000      1.985   400.
  940020  -48.586  -52.070  10000.    154842.1002552278.000      1.986   400.
 1450008  -89.818  -86.336  10000.    154631.7002551876.000      1.444   400.

There are   5 points used in the space resection of a single photo.

    X0 =  154947.000   Y0 = 2552766.000   Z0 =  1350.000 [units: meters]
    Focal length =   153.797 mm.
    Initial values:
        omega =       .0000 radians.
        phie  =       .0000 radians.
        kappa =     -1.0000 radians.

    The dimension of normal matrix =    231


iteration  dxpc<m.>   dypc<m.>   dzpc<m.>  dphie<cc.>  domega<cc.>  dkapa<cc.>

    1       120.097   -102.801   1108.533      6168.5       3820.0    639510.3
    2       125.595    193.776  -1790.977       630.7      25818.7    450760.6
    3       -43.195    -63.391    341.337      5025.0       4767.4   -100112.9
    4       -50.776     -7.256    245.480       294.3     -10690.1    -77131.7
    5       -34.140     35.232     64.567     -7366.4     -12602.3    -23045.2
    6        -5.194      6.294      1.582     -1733.6      -1681.6     -1456.3
    7         -.036       .028      -.025       -16.9         -8.1        -6.7
    8          .000       .000       .000          .0           .0          .0


       pno   mx<mm.>  vmx<mm.>   my<mm.>  vmy<mm.>        X<m.>  VX<m.>        Y<m.>  VY<m.>        Z<m.>  VZ<m.>

    409403  -15.4682     .0011   -5.7009    -.0002   154949.700   -.003  2552751.000   -.001        2.169    .000
    409502   61.9075     .0010   87.1089     .0000   155256.900   -.003  2553750.000   -.001        2.227   -.001
    940016   88.5281    -.0021  100.4155     .0011   155425.600    .007  2553947.000   -.001        1.985    .001
    940020  -48.5856     .0027  -52.0705    -.0049   154842.100   -.013  2552278.000    .010        1.986   -.002
   1450008  -89.8178    -.0028  -86.3364     .0040   154631.700    .012  2551876.000   -.008        1.444    .002


  sigma naught =             .460597 [ unitless ]


  parameter              value      Std. Dev.

     GXPC      155059.352   m.     1.183  m.
     GYPC     2552827.882   m.      .496  m.
     GZPC        1320.497   m.      .081  m.
     phie           .3002 gon.     573.8 cc.
    omega           .9424 gon.     227.8 cc.
    kappa         25.1898 gon.      18.0 cc.

      root mean square errors of ground points :
        R.M.S. --- XYZ =      .011 meters
        R.M.S. --- XY  =      .010 meters
        R.M.S. --- Z   =      .001 meters

      root mean square errors of photo points :
        R.M.S. --- xy  =  .004 mm.
        R.M.S. --- x   =  .002 mm.
        R.M.S. --- y   =  .003 mm.
