        **** no. of ground check points =    71 ****
 ..............................................................................

photo no. =      4095

         PHOTO SYSTEM                             GROUND SYSTEM
 pts no. xxxx.xxx yyyy.yyy  weight    xxxxxx.xxx yyyyyy.yyy zzzzzz.zzz weight
          [mm.]    [mm.]  [1/mm.**2]      [m.]       [m.]       [m.]   [1/m.**2]
  409308  -93.672  -46.367  10000.    154470.3002552177.000      5.497   400.
  409309  -96.271   43.988  10000.    154143.7002552877.000      2.062   400.
  409401   -6.418   85.732  10000.    154716.3002553510.000      2.032   400.
  409402     .123   50.754  10000.    154885.6002553252.000      1.772   400.
  409403  -15.468   -5.701  10000.    154949.7002552751.000      2.169   400.
  409404  -12.853  -79.191  10000.    155212.0002552184.000      2.150   400.
  409405  -45.630   64.722  10000.    154475.4002553211.000      2.560   400.
  409406   -5.016  -47.393  10000.    155169.5002552458.000      2.841   400.
  409407  -53.207   -5.774  10000.    154651.6002552626.000      1.322   400.
  409501   77.424  -33.604  10000.    155775.3002552838.000      2.001   400.
  409502   61.908   87.109  10000.    155256.9002553750.000      2.227   400.
  409503  103.207   79.062  10000.    155613.2002553823.000      2.350   400.
  409504   35.114  -27.245  10000.    155420.5002552748.000      1.425   400.
  409505   86.681  -80.426  10000.    155998.3002552500.000      2.655   400.
  409506   34.718  -69.456  10000.    155554.4002552415.000      1.833   400.
  409507   43.021   22.443  10000.    155320.3002553168.000       .894   400.
  409508   94.484   -1.638  10000.    155807.0002553147.000      1.986   400.
  409509   90.540   49.153  10000.    155610.5002553540.000      1.530   400.
  940016   88.528  100.415  10000.    155425.6002553947.000      1.985   400.
  940017   62.310  -93.103  10000.    155847.1002552321.000      2.770   400.
  940018   14.439   96.039  10000.    154848.0002553663.000      1.891   400.
  940019   -8.220   16.919  10000.    154932.1002552954.000      2.804   400.
  940020  -48.586  -52.070  10000.    154842.1002552278.000      1.986   400.
  940021  -58.442 -101.162  10000.    154926.6002551864.000      2.282   400.
  940022  -73.725   11.152  10000.    154433.5002552692.000      3.015   400.
 1340011  -82.247   93.720  10000.    154085.6002553321.000      2.215   400.
 1340012  -71.977   69.320  10000.    154249.9002553160.000      1.254   400.
 1340013     .097   99.554  10000.    154721.8002553643.000      1.701   400.
 1340014   -2.525   55.313  10000.    154849.4002553279.000      1.999   400.
 1340015   91.662   99.337  10000.    155454.3002553948.000      1.885   400.
 1340016  103.094   80.662  10000.    155607.3002553836.000      1.795   400.
 1450007  -86.743  -57.966  10000.    154561.8002552107.000      1.799   400.
 1450008  -89.818  -86.336  10000.    154631.7002551876.000      1.444   400.
 1450009    6.614  -65.879  10000.    155321.7002552351.000      1.497   400.
 1450010   12.642  -82.354  10000.    155422.7002552242.000      1.585   400.
 1450011   81.496  -52.227  10000.    155867.3002552704.000      2.159   400.
 1450012   74.988  -82.127  10000.    155911.9002552448.000      2.426   400.
    5595 -103.997  -51.726  10000.    154407.0002552101.000      5.104   400.
    5594  -49.404  -25.282  10000.    154747.7002552486.000      5.728   400.
    5593    2.552   -4.400  10000.    155087.4002552820.000      5.899   400.
    5592   52.846   12.047  10000.    155431.0002553117.000      6.087   400.
    5591  111.779   27.004  10000.    155848.9002553431.000      6.424   400.

There are  42 points used in the space resection of a single photo.

    X0 =  154947.000   Y0 = 2552766.000   Z0 =  1350.000 [units: meters]
    Focal length =   153.797 mm.
    Initial values:
        omega =       .0000 radians.
        phie  =       .0000 radians.
        kappa =     -1.0000 radians.

    The dimension of normal matrix =   8778


iteration  dxpc<m.>   dypc<m.>   dzpc<m.>  dphie<cc.>  domega<cc.>  dkapa<cc.>

    1       119.819    -95.099   1109.007      6346.0       1628.7    640439.6
    2       121.272    181.027  -1792.273     -1000.5      28170.7    450259.6
    3       -44.477    -56.734    342.735      3782.4       3398.5    -99631.2
    4       -53.296     -2.726    247.109     -1305.5     -12143.2    -77628.9
    5       -29.551     31.368     62.546     -4770.6     -10836.2    -23601.8
    6        -3.024      4.601      1.407      -834.2      -1070.8     -1302.7
    7         -.005       .010      -.013        -2.9         -1.5        -2.0
    8          .000       .000       .000          .0           .0          .0


       pno   mx<mm.>  vmx<mm.>   my<mm.>  vmy<mm.>        X<m.>  VX<m.>        Y<m.>  VY<m.>        Z<m.>  VZ<m.>

    409308  -93.6717    -.0043  -46.3670    -.0032   154470.300    .008  2552177.000    .014        5.497   -.010
    409309  -96.2710    -.0013   43.9885    -.0059   154143.700   -.003  2552877.000    .017        2.062    .003
    409401   -6.4181    -.0029   85.7325    -.0058   154716.300    .001  2553510.000    .019        2.032    .009
    409402     .1227     .0077   50.7542     .0060   154885.600   -.014  2553252.000   -.025        1.772   -.006
    409403  -15.4682    -.0006   -5.7009     .0010   154949.700    .003  2552751.000   -.002        2.169    .000
    409404  -12.8531     .0001  -79.1911    -.0015   155212.000   -.002  2552184.000    .004        2.150   -.002
    409405  -45.6303     .0047   64.7216    -.0005   154475.400   -.013  2553211.000   -.004        2.560    .005
    409406   -5.0158     .0040  -47.3929     .0128   155169.500    .004  2552458.000   -.039        2.841    .011
    409407  -53.2071    -.0015   -5.7742    -.0027   154651.600    .001  2552626.000    .009        1.322   -.002
    409501   77.4240    -.0001  -33.6039     .0063   155775.300    .007  2552838.000   -.017        2.001    .004
    409502   61.9075     .0045   87.1089     .0072   155256.900   -.004  2553750.000   -.024        2.227   -.017
    409503  103.2070    -.0026   79.0620     .0086   155613.200    .017  2553823.000   -.020        2.350   -.008
    409504   35.1143     .0028  -27.2450    -.0060   155420.500   -.014  2552748.000    .013        1.425   -.005
    409505   86.6808     .0030  -80.4262     .0082   155998.300    .001  2552500.000   -.026        2.655    .007
    409506   34.7177     .0052  -69.4559     .0066   155554.400   -.007  2552415.000   -.024        1.833    .005
    409507   43.0213     .0002   22.4431    -.0086   155320.300   -.010  2553168.000    .023         .894    .004
    409508   94.4837     .0054   -1.6382     .0108   155807.000   -.002  2553147.000   -.035        1.986   -.010
    409509   90.5396    -.0038   49.1528     .0024   155610.500    .013  2553540.000   -.002        1.530    .004
    940016   88.5281    -.0023  100.4155     .0026   155425.600    .009  2553947.000   -.005        1.985   -.001
    940017   62.3097     .0016  -93.1028     .0096   155847.100    .006  2552321.000   -.028        2.770    .015
    940018   14.4395     .0048   96.0389     .0035   154848.000   -.009  2553663.000   -.015        1.891   -.008
    940019   -8.2204     .0042   16.9189     .0058   154932.100   -.005  2552954.000   -.020        2.804   -.001
    940020  -48.5856     .0014  -52.0705    -.0035   154842.100   -.008  2552278.000    .008        1.986   -.002
    940021  -58.4424     .0013 -101.1625    -.0058   154926.600   -.010  2551864.000    .014        2.282   -.010
    940022  -73.7253    -.0013   11.1524    -.0055   154433.500   -.003  2552692.000    .016        3.015    .000
   1340011  -82.2474     .0150   93.7199     .0061   154085.600   -.033  2553321.000   -.033        2.215    .012
   1340012  -71.9770     .0161   69.3196     .0060   154249.900   -.036  2553160.000   -.034        1.254    .014
   1340013     .0973     .0148   99.5544     .0053   154721.800   -.033  2553643.000   -.030        1.701   -.010
   1340014   -2.5249     .0103   55.3131     .0005   154849.400   -.027  2553279.000   -.013        1.999    .000
   1340015   91.6620    -.0068   99.3365    -.0045   155454.300    .013  2553948.000    .019        1.885    .020
   1340016  103.0942    -.0020   80.6619     .0109   155607.300    .017  2553836.000   -.027        1.795   -.013
   1450007  -86.7425     .0005  -57.9660     .0021   154561.800    .001  2552107.000   -.006        1.799    .003
   1450008  -89.8178    -.0081  -86.3364     .0020   154631.700    .024  2551876.000    .004        1.444   -.011
   1450009    6.6139     .0005  -65.8792    -.0109   155321.700   -.014  2552351.000    .029        1.497   -.013
   1450010   12.6421     .0025  -82.3538    -.0008   155422.700   -.008  2552242.000   -.001        1.585   -.002
   1450011   81.4962    -.0063  -52.2271    -.0040   155867.300    .012  2552704.000    .018        2.159    .006
   1450012   74.9881     .0004  -82.1265     .0027   155911.900    .002  2552448.000   -.008        2.426    .004
      5595 -103.9972    -.0023  -51.7259     .0058   154407.000    .013  2552101.000   -.013        5.104    .001
      5594  -49.4038     .0022  -25.2822     .0067   154747.700    .002  2552486.000   -.021        5.728    .005
      5593    2.5516    -.0675   -4.3997    -.0705   155087.400    .103  2552820.000    .267        5.899    .001
      5592   52.8457     .0030   12.0471    -.0022   155431.000   -.010  2553117.000    .003        6.087   -.002
      5591  111.7792    -.0018   27.0040     .0028   155848.900    .008  2553431.000   -.005        6.424    .002


  sigma naught =            1.460433 [ unitless ]


  parameter              value      Std. Dev.

     GXPC      155057.738   m.      .127  m.
     GYPC     2552828.447   m.      .116  m.
     GZPC        1320.519   m.      .041  m.
     phie           .2215 gon.      52.9 cc.
    omega           .9146 gon.      46.3 cc.
    kappa         25.1913 gon.      18.0 cc.

      root mean square errors of ground points :
        R.M.S. --- XYZ =      .051 meters
        R.M.S. --- XY  =      .050 meters
        R.M.S. --- Z   =      .008 meters

      root mean square errors of photo points :
        R.M.S. --- xy  =  .017 mm.
        R.M.S. --- x   =  .012 mm.
        R.M.S. --- y   =  .012 mm.
