        **** no. of ground check points =    71 ****
 ..............................................................................

photo no. =      4095

         PHOTO SYSTEM                             GROUND SYSTEM
 pts no. xxxx.xxx yyyy.yyy  weight    xxxxxx.xxx yyyyyy.yyy zzzzzz.zzz weight
          [mm.]    [mm.]  [1/mm.**2]      [m.]       [m.]       [m.]   [1/m.**2]
  409308  -93.672  -46.367  10000.    154470.3002552177.000      5.497   400.
  409309  -96.271   43.988  10000.    154143.7002552877.000      2.062   400.
  409401   -6.418   85.732  10000.    154716.3002553510.000      2.032   400.
  409402     .123   50.754  10000.    154885.6002553252.000      1.772   400.
  409403  -15.468   -5.701  10000.    154949.7002552751.000      2.169   400.
  409404  -12.853  -79.191  10000.    155212.0002552184.000      2.150   400.
  409405  -45.630   64.722  10000.    154475.4002553211.000      2.560   400.
  409406   -5.016  -47.393  10000.    155169.5002552458.000      2.841   400.
  409407  -53.207   -5.774  10000.    154651.6002552626.000      1.322   400.
  409501   77.424  -33.604  10000.    155775.3002552838.000      2.001   400.
  409502   61.908   87.109  10000.    155256.9002553750.000      2.227   400.
  409503  103.207   79.062  10000.    155613.2002553823.000      2.350   400.
  409504   35.114  -27.245  10000.    155420.5002552748.000      1.425   400.
  409505   86.681  -80.426  10000.    155998.3002552500.000      2.655   400.
  409506   34.718  -69.456  10000.    155554.4002552415.000      1.833   400.
  409507   43.021   22.443  10000.    155320.3002553168.000       .894   400.
  409508   94.484   -1.638  10000.    155807.0002553147.000      1.986   400.
  409509   90.540   49.153  10000.    155610.5002553540.000      1.530   400.
  940016   88.528  100.415  10000.    155425.6002553947.000      1.985   400.
  940017   62.310  -93.103  10000.    155847.1002552321.000      2.770   400.
  940018   14.439   96.039  10000.    154848.0002553663.000      1.891   400.
  940019   -8.220   16.919  10000.    154932.1002552954.000      2.804   400.
  940020  -48.586  -52.070  10000.    154842.1002552278.000      1.986   400.
  940021  -58.442 -101.162  10000.    154926.6002551864.000      2.282   400.
  940022  -73.725   11.152  10000.    154433.5002552692.000      3.015   400.
 1340011  -82.247   93.720  10000.    154085.6002553321.000      2.215   400.
 1340012  -71.977   69.320  10000.    154249.9002553160.000      1.254   400.
 1340013     .097   99.554  10000.    154721.8002553643.000      1.701   400.
 1340014   -2.525   55.313  10000.    154849.4002553279.000      1.999   400.
 1340015   91.662   99.337  10000.    155454.3002553948.000      1.885   400.
 1340016  103.094   80.662  10000.    155607.3002553836.000      1.795   400.
 1450007  -86.743  -57.966  10000.    154561.8002552107.000      1.799   400.
 1450008  -89.818  -86.336  10000.    154631.7002551876.000      1.444   400.
 1450009    6.614  -65.879  10000.    155321.7002552351.000      1.497   400.
 1450010   12.642  -82.354  10000.    155422.7002552242.000      1.585   400.
 1450011   81.496  -52.227  10000.    155867.3002552704.000      2.159   400.
 1450012   74.988  -82.127  10000.    155911.9002552448.000      2.426   400.
    5595 -103.997  -51.726  10000.    154407.0002552101.000      5.104   400.
    5594  -49.404  -25.282  10000.    154747.7002552486.000      5.728   400.
    5593    2.552   -4.500  10000.    155087.4002552820.000      5.899   400.
    5592   52.846   12.047  10000.    155431.0002553117.000      6.087   400.
    5591  111.779   27.004  10000.    155848.9002553431.000      6.424   400.

There are  42 points used in the space resection of a single photo.

    X0 =  154947.000   Y0 = 2552766.000   Z0 =  1350.000 [units: meters]
    Focal length =   153.797 mm.
    Initial values:
        omega =       .0000 radians.
        phie  =       .0000 radians.
        kappa =     -1.0000 radians.

    The dimension of normal matrix =   8778


iteration  dxpc<m.>   dypc<m.>   dzpc<m.>  dphie<cc.>  domega<cc.>  dkapa<cc.>

    1       119.909    -95.045   1109.021      6375.2       1611.9    640440.7
    2       120.951    181.305  -1792.267     -1076.0      28101.7    450259.3
    3       -44.422    -56.764    342.743      3764.0       3391.9    -99635.6
    4       -53.246     -2.835    247.088     -1291.5     -12109.5    -77629.4
    5       -29.485     31.279     62.538     -4741.8     -10810.7    -23600.1
    6        -3.009      4.592      1.412      -828.3      -1068.9     -1302.0
    7         -.005       .010      -.013        -2.8         -1.5        -2.0
    8          .000       .000       .000          .0           .0          .0


       pno   mx<mm.>  vmx<mm.>   my<mm.>  vmy<mm.>        X<m.>  VX<m.>        Y<m.>  VY<m.>        Z<m.>  VZ<m.>

    409308  -93.6717    -.0032  -46.3670    -.0058   154470.300    .002  2552177.000    .020        5.497   -.011
    409309  -96.2710    -.0027   43.9885    -.0084   154143.700   -.002  2552877.000    .026        2.062    .002
    409401   -6.4181    -.0033   85.7325    -.0067   154716.300    .001  2553510.000    .021        2.032    .011
    409402     .1227     .0075   50.7542     .0039   154885.600   -.016  2553252.000   -.019        1.772   -.004
    409403  -15.4682    -.0006   -5.7009    -.0019   154949.700    .000  2552751.000    .006        2.169    .000
    409404  -12.8531     .0004  -79.1911    -.0027   155212.000   -.004  2552184.000    .007        2.150   -.004
    409405  -45.6303     .0036   64.7216    -.0023   154475.400   -.012  2553211.000    .002        2.560    .006
    409406   -5.0158     .0040  -47.3929     .0105   155169.500    .001  2552458.000   -.033        2.841    .009
    409407  -53.2071    -.0015   -5.7742    -.0057   154651.600   -.002  2552626.000    .017        1.322   -.002
    409501   77.4240    -.0010  -33.6039     .0039   155775.300    .007  2552838.000   -.009        2.001    .004
    409502   61.9075     .0056   87.1089     .0063   155256.900   -.008  2553750.000   -.023        2.227   -.017
    409503  103.2070    -.0010   79.0620     .0074   155613.200    .011  2553823.000   -.018        2.350   -.009
    409504   35.1143     .0024  -27.2450    -.0086   155420.500   -.016  2552748.000    .020        1.425   -.006
    409505   86.6808     .0011  -80.4262     .0072   155998.300    .005  2552500.000   -.021        2.655    .009
    409506   34.7177     .0045  -69.4559     .0052   155554.400   -.006  2552415.000   -.019        1.833    .004
    409507   43.0213     .0003   22.4431    -.0113   155320.300   -.013  2553168.000    .030         .894    .005
    409508   94.4837     .0050   -1.6382     .0081   155807.000   -.004  2553147.000   -.027        1.986   -.009
    409509   90.5396    -.0030   49.1528     .0002   155610.500    .008  2553540.000    .003        1.530    .005
    940016   88.5281    -.0005  100.4155     .0023   155425.600    .004  2553947.000   -.006        1.985   -.004
    940017   62.3097     .0001  -93.1028     .0091   155847.100    .010  2552321.000   -.025        2.770    .016
    940018   14.4395     .0048   96.0389     .0032   154848.000   -.009  2553663.000   -.014        1.891   -.007
    940019   -8.2204     .0040   16.9189     .0030   154932.100   -.008  2552954.000   -.013        2.804    .000
    940020  -48.5856     .0021  -52.0705    -.0058   154842.100   -.012  2552278.000    .013        1.986   -.004
    940021  -58.4424     .0029 -101.1625    -.0062   154926.600   -.015  2551864.000    .014        2.282   -.009
    940022  -73.7253    -.0017   11.1524    -.0085   154433.500   -.005  2552692.000    .025        3.015    .000
   1340011  -82.2474     .0127   93.7199     .0054   154085.600   -.028  2553321.000   -.029        2.215    .010
   1340012  -71.9770     .0145   69.3196     .0044   154249.900   -.034  2553160.000   -.028        1.254    .014
   1340013     .0973     .0145   99.5544     .0051   154721.800   -.033  2553643.000   -.029        1.701   -.010
   1340014   -2.5249     .0100   55.3131    -.0015   154849.400   -.028  2553279.000   -.007        1.999    .002
   1340015   91.6620    -.0050   99.3365    -.0048   155454.300    .008  2553948.000    .018        1.885    .018
   1340016  103.0942    -.0004   80.6619     .0098   155607.300    .012  2553836.000   -.025        1.795   -.014
   1450007  -86.7425     .0017  -57.9660    -.0002   154561.800   -.005  2552107.000   -.002        1.799    .003
   1450008  -89.8178    -.0061  -86.3364     .0007   154631.700    .017  2551876.000    .005        1.444   -.009
   1450009    6.6139     .0004  -65.8792    -.0125   155321.700   -.015  2552351.000    .034        1.497   -.015
   1450010   12.6421     .0022  -82.3538    -.0018   155422.700   -.008  2552242.000    .002        1.585   -.003
   1450011   81.4962    -.0076  -52.2271    -.0060   155867.300    .014  2552704.000    .025        2.159    .006
   1450012   74.9881    -.0013  -82.1265     .0018   155911.900    .006  2552448.000   -.003        2.426    .005
      5595 -103.9972    -.0010  -51.7259     .0033   154407.000    .006  2552101.000   -.008        5.104    .001
      5594  -49.4038     .0025  -25.2822     .0039   154747.700   -.002  2552486.000   -.013        5.728    .004
      5593    2.5516    -.0676   -4.4997     .0010   155087.400    .184  2552820.000    .073        5.899    .004
      5592   52.8457     .0030   12.0471    -.0050   155431.000   -.014  2553117.000    .010        6.087   -.002
      5591  111.7792    -.0015   27.0040     .0002   155848.900    .004  2553431.000    .001        6.424    .003


  sigma naught =            1.114448 [ unitless ]


  parameter              value      Std. Dev.

     GXPC      155057.694   m.      .097  m.
     GYPC     2552828.543   m.      .088  m.
     GZPC        1320.522   m.      .031  m.
     phie           .2199 gon.      40.4 cc.
    omega           .9115 gon.      35.4 cc.
    kappa         25.1911 gon.      13.7 cc.

      root mean square errors of ground points :
        R.M.S. --- XYZ =      .039 meters
        R.M.S. --- XY  =      .038 meters
        R.M.S. --- Z   =      .008 meters

      root mean square errors of photo points :
        R.M.S. --- xy  =  .013 mm.
        R.M.S. --- x   =  .012 mm.
        R.M.S. --- y   =  .006 mm.
 

      There is(are)    1 photo(s) to compute the space resection.
        **** END the Space Resection of a single photo ****
