        **** no. of ground check points =    71 ****
 ..............................................................................

photo no. =      4095

         PHOTO SYSTEM                             GROUND SYSTEM
 pts no. xxxx.xxx yyyy.yyy  weight    xxxxxx.xxx yyyyyy.yyy zzzzzz.zzz weight
          [mm.]    [mm.]  [1/mm.**2]      [m.]       [m.]       [m.]   [1/m.**2]
  409308  -93.672  -46.367  10000.    154470.3002552177.000      5.497   400.
  409404  -12.853  -79.191  10000.    155212.0002552184.000      2.150   400.
  409505   86.681  -80.426  10000.    155998.3002552500.000      2.655   400.
  409506   34.718  -69.456  10000.    155554.4002552415.000      1.833   400.
  940017   62.310  -93.103  10000.    155847.1002552321.000      2.770   400.
  940020  -48.586  -52.070  10000.    154842.1002552278.000      1.986   400.
 1450007  -86.743  -57.966  10000.    154561.8002552107.000      1.799   400.
 1450008  -89.818  -86.336  10000.    154631.7002551876.000      1.444   400.
 1450009    6.614  -65.879  10000.    155321.7002552351.000      1.497   400.
 1450010   12.642  -82.354  10000.    155422.7002552242.000      1.585   400.
 1450011   81.496  -52.227  10000.    155867.3002552704.000      2.159   400.
 1450012   74.988  -82.127  10000.    155911.9002552448.000      2.426   400.
    5595 -103.997  -51.726  10000.    154407.0002552101.000      5.104   400.

There are  13 points used in the space resection of a single photo.

    X0 =  154947.000   Y0 = 2552766.000   Z0 =  1350.000 [units: meters]
    Focal length =   153.797 mm.
    Initial values:
        omega =       .0000 radians.
        phie  =       .0000 radians.
        kappa =     -1.0000 radians.

    The dimension of normal matrix =   1035


iteration  dxpc<m.>   dypc<m.>   dzpc<m.>  dphie<cc.>  domega<cc.>  dkapa<cc.>

    1       102.120    -91.195   1104.514       -55.4       -953.9    644884.2
    2       162.700    166.823  -1787.084      8349.0      34666.4    445229.8
    3       -58.614    -59.222    344.027      1184.7       4415.3    -96197.0
    4       -64.792       .192    246.699     -3451.1     -14120.5    -78118.1
    5       -28.837     39.955     60.990     -3419.2     -13626.4    -25658.1
    6        -1.614      5.973      1.399      -304.0      -1263.4     -1628.9
    7          .007       .010      -.008          .4          1.5        -3.6
    8          .000       .000       .000          .0           .0          .0


       pno   mx<mm.>  vmx<mm.>   my<mm.>  vmy<mm.>        X<m.>  VX<m.>        Y<m.>  VY<m.>        Z<m.>  VZ<m.>

    409308  -93.6717    -.0012  -46.3670    -.0037   154470.300   -.001  2552177.000    .012        5.497   -.005
    409404  -12.8531    -.0024  -79.1911    -.0019   155212.000    .004  2552184.000    .008        2.150   -.003
    409505   86.6808     .0050  -80.4262     .0052   155998.300   -.008  2552500.000   -.020        2.655   -.001
    409506   34.7177     .0030  -69.4559     .0051   155554.400   -.002  2552415.000   -.017        1.833    .005
    940017   62.3097     .0018  -93.1028     .0067   155847.100    .003  2552321.000   -.020        2.770    .009
    940020  -48.5856     .0001  -52.0705    -.0038   154842.100   -.005  2552278.000    .010        1.986   -.004
   1450007  -86.7425     .0029  -57.9660     .0023   154561.800   -.005  2552107.000   -.010        1.799    .007
   1450008  -89.8178    -.0049  -86.3364     .0037   154631.700    .018  2551876.000   -.005        1.444   -.002
   1450009    6.6139    -.0024  -65.8792    -.0117   155321.700   -.007  2552351.000    .035        1.497   -.014
   1450010   12.6421     .0000  -82.3538    -.0019   155422.700   -.002  2552242.000    .005        1.585   -.003
   1450011   81.4962    -.0055  -52.2271    -.0055   155867.300    .009  2552704.000    .021        2.159    .003
   1450012   74.9881     .0013  -82.1265    -.0001   155911.900   -.004  2552448.000   -.001        2.426   -.002
      5595 -103.9972     .0021  -51.7259     .0056   154407.000    .001  2552101.000   -.018        5.104    .009


  sigma naught =             .573423 [ unitless ]


  parameter              value      Std. Dev.

     GXPC      155057.969   m.      .177  m.
     GYPC     2552828.536   m.      .280  m.
     GZPC        1320.537   m.      .131  m.
     phie           .2304 gon.      67.4 cc.
    omega           .9119 gon.     133.8 cc.
    kappa         25.1889 gon.      28.6 cc.

      root mean square errors of ground points :
        R.M.S. --- XYZ =      .019 meters
        R.M.S. --- XY  =      .018 meters
        R.M.S. --- Z   =      .006 meters

      root mean square errors of photo points :
        R.M.S. --- xy  =  .006 mm.
        R.M.S. --- x   =  .003 mm.
        R.M.S. --- y   =  .005 mm.


      There is(are)    1 photo(s) to compute the space resection.
        **** END the Space Resection of a single photo ****
