        **** no. of ground check points =    71 ****
 ..............................................................................

photo no. =      4095

         PHOTO SYSTEM                             GROUND SYSTEM
 pts no. xxxx.xxx yyyy.yyy  weight    xxxxxx.xxx yyyyyy.yyy zzzzzz.zzz weight
          [mm.]    [mm.]  [1/mm.**2]      [m.]       [m.]       [m.]   [1/m.**2]
  409309  -96.271   43.988  10000.    154143.7002552877.000      2.062   400.
  409401   -6.418   85.732  10000.    154716.3002553510.000      2.032   400.
  409402     .123   50.754  10000.    154885.6002553252.000      1.772   400.
  409405  -45.630   64.722  10000.    154475.4002553211.000      2.560   400.
  409502   61.908   87.109  10000.    155256.9002553750.000      2.227   400.
  409503  103.207   79.062  10000.    155613.2002553823.000      2.350   400.
  409509   90.540   49.153  10000.    155610.5002553540.000      1.530   400.
  940016   88.528  100.415  10000.    155425.6002553947.000      1.985   400.
  940018   14.439   96.039  10000.    154848.0002553663.000      1.891   400.
 1340011  -82.247   93.720  10000.    154085.6002553321.000      2.215   400.
 1340012  -71.977   69.320  10000.    154249.9002553160.000      1.254   400.
 1340013     .097   99.554  10000.    154721.8002553643.000      1.701   400.
 1340014   -2.525   55.313  10000.    154849.4002553279.000      1.999   400.
 1340015   91.662   99.337  10000.    155454.3002553948.000      1.885   400.
 1340016  103.094   80.662  10000.    155607.3002553836.000      1.795   400.

There are  15 points used in the space resection of a single photo.

    X0 =  154947.000   Y0 = 2552766.000   Z0 =  1350.000 [units: meters]
    Focal length =   153.797 mm.
    Initial values:
        omega =       .0000 radians.
        phie  =       .0000 radians.
        kappa =     -1.0000 radians.

    The dimension of normal matrix =   1326


iteration  dxpc<m.>   dypc<m.>   dzpc<m.>  dphie<cc.>  domega<cc.>  dkapa<cc.>

    1       102.491    -98.093   1109.393       828.7       2146.9    635784.6
    2       149.199    200.868  -1771.803      4526.4      23729.3    455208.3
    3       -58.059    -65.630    345.944       750.8       1795.0   -106791.5
    4       -60.920     -3.804    233.679     -1658.9     -10034.0    -75982.9
    5       -20.822     26.277     51.942     -1927.4      -7817.0    -18937.8
    6         -.953      3.054      1.319      -255.8       -725.2      -697.8
    7         -.002       .007      -.001        -1.2         -2.5         -.5
    8          .000       .000       .000          .0           .0          .0


       pno   mx<mm.>  vmx<mm.>   my<mm.>  vmy<mm.>        X<m.>  VX<m.>        Y<m.>  VY<m.>        Z<m.>  VZ<m.>

    409309  -96.2710    -.0089   43.9885    -.0074   154143.700    .016  2552877.000    .030        2.062   -.010
    409401   -6.4181    -.0098   85.7325    -.0078   154716.300    .018  2553510.000    .032        2.032    .012
    409402     .1227    -.0010   50.7542     .0018   154885.600    .005  2553252.000   -.004        1.772   -.002
    409405  -45.6303    -.0041   64.7216    -.0030   154475.400    .007  2553211.000    .013        2.560    .000
    409502   61.9075     .0031   87.1089     .0044   155256.900   -.003  2553750.000   -.015        2.227   -.011
    409503  103.2070     .0005   79.0620     .0041   155613.200    .003  2553823.000   -.011        2.350   -.007
    409509   90.5396    -.0045   49.1528    -.0049   155610.500    .007  2553540.000    .018        1.530    .013
    940016   88.5281     .0005  100.4155     .0007   155425.600    .000  2553947.000   -.002        1.985   -.002
    940018   14.4395    -.0004   96.0389     .0022   154848.000    .003  2553663.000   -.005        1.891   -.004
   1340011  -82.2474     .0084   93.7199     .0050   154085.600   -.017  2553321.000   -.023        2.215    .004
   1340012  -71.9770     .0081   69.3196     .0042   154249.900   -.017  2553160.000   -.020        1.254    .005
   1340013     .0973     .0090   99.5544     .0042   154721.800   -.019  2553643.000   -.021        1.701   -.008
   1340014   -2.5249     .0017   55.3131    -.0034   154849.400   -.008  2553279.000    .007        1.999    .004
   1340015   91.6620    -.0037   99.3365    -.0066   155454.300    .003  2553948.000    .021        1.885    .019
   1340016  103.0942     .0013   80.6619     .0065   155607.300    .004  2553836.000   -.019        1.795   -.013


  sigma naught =             .686202 [ unitless ]


  parameter              value      Std. Dev.

     GXPC      155057.934   m.      .178  m.
     GYPC     2552828.679   m.      .218  m.
     GZPC        1320.472   m.      .132  m.
     phie           .2263 gon.      69.8 cc.
    omega           .9092 gon.     103.2 cc.
    kappa         25.1963 gon.      29.2 cc.

      root mean square errors of ground points :
        R.M.S. --- XYZ =      .023 meters
        R.M.S. --- XY  =      .021 meters
        R.M.S. --- Z   =      .009 meters

      root mean square errors of photo points :
        R.M.S. --- xy  =  .007 mm.
        R.M.S. --- x   =  .006 mm.
        R.M.S. --- y   =  .005 mm.


      There is(are)    1 photo(s) to compute the space resection.
        **** END the Space Resection of a single photo ****
