        **** no. of ground check points =    71 ****
 ..............................................................................

photo no. =      4095

         PHOTO SYSTEM                             GROUND SYSTEM
 pts no. xxxx.xxx yyyy.yyy  weight    xxxxxx.xxx yyyyyy.yyy zzzzzz.zzz weight
          [mm.]    [mm.]  [1/mm.**2]      [m.]       [m.]       [m.]   [1/m.**2]
  409308  -93.672  -46.367  10000.    154470.3002552177.000      5.497   400.
  409406   -5.016  -47.393  10000.    155169.5002552458.000      2.841   400.
  940020  -48.586  -52.070  10000.    154842.1002552278.000      1.986   400.
 1450007  -86.743  -57.966  10000.    154561.8002552107.000      1.799   400.
 1450011   81.496  -52.227  10000.    155867.3002552704.000      2.159   400.
    5595 -103.997  -51.726  10000.    154407.0002552101.000      5.104   400.

There are   6 points used in the space resection of a single photo.

    X0 =  154947.000   Y0 = 2552766.000   Z0 =  1350.000 [units: meters]
    Focal length =   153.797 mm.
    Initial values:
        omega =       .0000 radians.
        phie  =       .0000 radians.
        kappa =     -1.0000 radians.

    The dimension of normal matrix =    300


iteration  dxpc<m.>   dypc<m.>   dzpc<m.>  dphie<cc.>  domega<cc.>  dkapa<cc.>

    1        85.235    -60.952   1093.389     -7708.4     -15610.5    644295.3
    2       227.932     86.686  -1768.531     20841.1      58666.2    445321.5
    3       -87.443    -49.688    342.596     -1233.5        676.1    -97132.8
    4       -83.201     24.026    244.840     -5117.6     -17182.0    -77683.4
    5       -30.507     55.619     57.599     -4179.9     -16087.9    -24767.6
    6         -.815      6.409       .735      -187.5      -1142.5     -1546.1
    7          .013       .005      -.011         1.4          1.4        -3.0
    8          .000       .000       .000          .0           .0          .0


       pno   mx<mm.>  vmx<mm.>   my<mm.>  vmy<mm.>        X<m.>  VX<m.>        Y<m.>  VY<m.>        Z<m.>  VZ<m.>

    409308  -93.6717    -.0018  -46.3670    -.0052   154470.300   -.001  2552177.000    .016        5.497   -.008
    409406   -5.0158     .0010  -47.3929     .0119   155169.500    .011  2552458.000   -.033        2.841    .010
    940020  -48.5856    -.0007  -52.0705    -.0052   154842.100   -.004  2552278.000    .015        1.986   -.006
   1450007  -86.7425     .0011  -57.9660    -.0004   154561.800   -.003  2552107.000    .000        1.799    .001
   1450011   81.4962    -.0005  -52.2271    -.0045   155867.300   -.004  2552704.000    .013        2.159   -.004
      5595 -103.9972     .0009  -51.7259     .0035   154407.000    .001  2552101.000   -.011        5.104    .005


  sigma naught =             .736989 [ unitless ]


  parameter              value      Std. Dev.

     GXPC      155058.213   m.      .824  m.
     GYPC     2552828.106   m.     1.881  m.
     GZPC        1320.618   m.      .661  m.
     phie           .2416 gon.     388.8 cc.
    omega           .9321 gon.     909.3 cc.
    kappa         25.1864 gon.      48.3 cc.

      root mean square errors of ground points :
        R.M.S. --- XYZ =      .019 meters
        R.M.S. --- XY  =      .018 meters
        R.M.S. --- Z   =      .006 meters

      root mean square errors of photo points :
        R.M.S. --- xy  =  .006 mm.
        R.M.S. --- x   =  .001 mm.
        R.M.S. --- y   =  .006 mm.
