     lon       lat      ve     vn      eps1      eps1(sig)     eps2      eps2(sig)     theta   theta(sig)  rotation     rot(sig)  dilatation   dila(sig)     gamma    gamma(sig)      psi     psi(sig)  stations
  119.5500   22.6000  26.73  14.21   0.789E-05   0.254E-05  -0.345E-05   0.231E-05   -58.2770     7.7917  -0.394E-05   0.171E-05   0.444E-05   0.345E-05   0.113E-04   0.217E-05   -13.2770     3.8694  CK01 CK02 CK08 CK09 CK03 CK10
  119.6000   22.6000  26.75  14.23   0.306E-05   0.160E-05  -0.173E-05   0.155E-05   -34.1296    13.2930  -0.526E-05   0.111E-05   0.133E-05   0.222E-05   0.480E-05   0.132E-05    10.8704     4.9260  CK08 CK01 CK09 CK02 CK15 CK16 CK10 CK03
  119.6500   22.6000  26.72  14.36   0.270E-05   0.167E-05  -0.461E-05   0.142E-05    11.6567     8.6241  -0.381E-05   0.110E-05  -0.190E-05   0.219E-05   0.731E-05   0.206E-05    56.6567     8.6241  CK08 CK09 CK01 CK02 CK15 CK16 CK10
  119.7000   22.6000  26.45  14.64   0.381E-05   0.144E-05  -0.742E-05   0.130E-05    -1.4502     4.9495  -0.738E-05   0.970E-06  -0.362E-05   0.193E-05   0.112E-04   0.193E-05    43.5498     4.9432  CK08 CK09 CK15 CK16 CK01 CK02 CK10 CK17
  119.7500   22.6000  26.16  14.82   0.588E-05   0.119E-05  -0.855E-05   0.102E-05   -12.1639     3.1122  -0.705E-05   0.784E-06  -0.267E-05   0.156E-05   0.144E-04   0.146E-05    32.8361     2.8374  CK15 CK16 CK08 CK09 CK22 CK23 CK17 CK10 CK01
  119.8000   22.6000  25.85  14.97   0.704E-05   0.143E-05  -0.972E-05   0.121E-05   -16.0153     3.1938  -0.731E-05   0.935E-06  -0.268E-05   0.187E-05   0.168E-04   0.166E-05    28.9847     2.7096  CK15 CK16 CK08 CK22 CK09 CK23 CK17
  119.8500   22.6000  25.48  15.01   0.813E-05   0.106E-05  -0.926E-05   0.971E-06   -21.3009     2.3659  -0.594E-05   0.717E-06  -0.113E-05   0.144E-05   0.174E-04   0.116E-05    23.6991     1.7399  CK15 CK16 CK22 CK23 CK08 CK09 CK17 CK24
  119.9000   22.6000  25.24  15.01   0.994E-05   0.873E-06  -0.629E-05   0.797E-06   -30.9650     2.0872  -0.519E-05   0.590E-06   0.366E-05   0.118E-05   0.162E-04   0.762E-06    14.0350     0.9793  CK22 CK23 CK15 CK16 CK29 CK30 CK24 CK17 CK08
  119.9500   22.6000  25.14  14.96   0.829E-05   0.115E-05  -0.543E-05   0.104E-05   -30.4614     3.2379  -0.364E-05   0.774E-06   0.286E-05   0.155E-05   0.137E-04   0.101E-05    14.5386     1.5700  CK22 CK23 CK15 CK29 CK16 CK30 CK24
  120.0000   22.6000  25.15  14.91   0.900E-05   0.902E-06  -0.446E-05   0.846E-06   -35.4828     2.6377  -0.553E-05   0.616E-06   0.453E-05   0.124E-05   0.135E-04   0.709E-06     9.5172     0.8552  CK22 CK23 CK29 CK30 CK15 CK16 CK24 CK31 CK36
  120.0500   22.6000  25.20  14.88   0.972E-05   0.912E-06  -0.190E-05   0.906E-06   -43.4092     3.1821  -0.742E-05   0.640E-06   0.782E-05   0.129E-05   0.116E-04   0.643E-06     1.5908     0.1751  CK29 CK30 CK22 CK23 CK36 CK37 CK31 CK24
  120.1000   22.6000  25.46  14.95   0.116E-04   0.910E-06  -0.308E-05   0.928E-06   -47.8488     2.5355  -0.865E-05   0.648E-06   0.849E-05   0.130E-05   0.147E-04   0.658E-06    -2.8488     0.2517  CK29 CK30 CK36 CK22 CK37 CK23 CK31
  120.1500   22.6000  25.69  15.04   0.135E-04   0.663E-06  -0.398E-05   0.656E-06   -43.2869     1.5281  -0.106E-04   0.467E-06   0.952E-05   0.932E-06   0.175E-04   0.469E-06     1.7131     0.0914  CK29 CK30 CK36 CK37 CK22 CK23 CK31 CK38 CK43
  120.2000   22.6000  25.94  15.13   0.145E-04   0.718E-06  -0.409E-05   0.708E-06   -41.4251     1.5425  -0.119E-04   0.506E-06   0.105E-04   0.100E-05   0.186E-04   0.518E-06     3.5749     0.1936  CK36 CK37 CK29 CK30 CK43 CK44 CK38 CK31
  120.2500   22.6000  26.11  15.25   0.144E-04   0.820E-06  -0.392E-05   0.785E-06   -38.2296     1.7685  -0.124E-04   0.572E-06   0.105E-04   0.113E-05   0.183E-04   0.616E-06     6.7704     0.4193  CK36 CK37 CK43 CK29 CK44 CK30 CK38
  120.3000   22.6000  26.18  15.48   0.149E-04   0.717E-06  -0.377E-05   0.687E-06   -31.3516     1.5234  -0.135E-04   0.499E-06   0.111E-04   0.990E-06   0.186E-04   0.634E-06    13.6484     0.7027  CK36 CK37 CK43 CK44 CK29 CK30 CK38 CK45
  120.3500   22.6000  26.18  15.75   0.139E-04   0.102E-05  -0.488E-05   0.117E-05   -23.4955     2.3591  -0.143E-04   0.769E-06   0.905E-05   0.156E-05   0.188E-04   0.120E-05    21.5045     1.5985  CK43 CK44 CK36 CK37 CK45 CK38
  119.5500   22.6500  26.19  14.14   0.122E-04   0.305E-05  -0.212E-05   0.271E-05   -57.0235     7.4377  -0.811E-05   0.204E-05   0.101E-04   0.408E-05   0.144E-04   0.250E-05   -12.0235     3.3073  CK02 CK01 CK09 CK08 CK03 CK10
  119.6000   22.6500  26.34  14.30   0.629E-05   0.179E-05  -0.181E-05   0.179E-05   -37.5422     8.9593  -0.832E-05   0.126E-05   0.448E-05   0.253E-05   0.809E-05   0.138E-05     7.4578     2.3035  CK09 CK02 CK08 CK01 CK10 CK03 CK16 CK15
  119.6500   22.6500  26.23  14.54   0.571E-05   0.154E-05  -0.498E-05   0.150E-05   -20.5353     5.7527  -0.933E-05   0.107E-05   0.729E-06   0.214E-05   0.107E-04   0.176E-05    24.4647     4.3395  CK09 CK08 CK02 CK16 CK01 CK10 CK15 CK03 CK17
  119.7000   22.6500  26.03  14.84   0.441E-05   0.144E-05  -0.100E-04   0.143E-05    -6.0874     4.0270  -0.916E-05   0.102E-05  -0.563E-05   0.203E-05   0.144E-04   0.200E-05    38.9126     3.9365  CK09 CK08 CK16 CK15 CK10 CK02 CK17 CK01
  119.7500   22.6500  25.70  15.00   0.669E-05   0.113E-05  -0.115E-04   0.103E-05   -12.5857     2.4094  -0.997E-05   0.767E-06  -0.484E-05   0.153E-05   0.182E-04   0.142E-05    32.4143     2.1816  CK16 CK09 CK15 CK08 CK17 CK10 CK23 CK22 CK02
  119.8000   22.6500  25.25  15.23   0.736E-05   0.985E-06  -0.107E-04   0.942E-06   -19.7093     2.1659  -0.847E-05   0.681E-06  -0.331E-05   0.136E-05   0.180E-04   0.114E-05    25.2907     1.6729  CK16 CK15 CK09 CK23 CK17 CK08 CK22 CK10 CK24
  119.8500   22.6500  24.88  15.30   0.889E-05   0.103E-05  -0.939E-05   0.101E-05   -24.6937     2.2508  -0.716E-05   0.716E-06  -0.502E-06   0.144E-05   0.183E-04   0.108E-05    20.3063     1.4621  CK16 CK23 CK15 CK22 CK17 CK09 CK24 CK08
  119.9000   22.6500  24.72  15.29   0.969E-05   0.800E-06  -0.824E-05   0.758E-06   -31.4143     1.7630  -0.567E-05   0.550E-06   0.145E-05   0.110E-05   0.179E-04   0.702E-06    13.5857     0.8026  CK23 CK16 CK22 CK15 CK24 CK17 CK30 CK29 CK09
  119.9500   22.6500  24.53  15.22   0.104E-04   0.756E-06  -0.622E-05   0.736E-06   -33.5308     1.8188  -0.538E-05   0.525E-06   0.420E-05   0.106E-05   0.166E-04   0.636E-06    11.4692     0.7050  CK23 CK22 CK16 CK30 CK24 CK15 CK29 CK17 CK31
  120.0000   22.6500  24.53  15.16   0.904E-05   0.757E-06  -0.542E-05   0.717E-06   -31.4590     2.0695  -0.567E-05   0.518E-06   0.362E-05   0.105E-05   0.145E-04   0.663E-06    13.5410     0.9348  CK23 CK30 CK22 CK29 CK24 CK31 CK16 CK15 CK37
  120.0500   22.6500  24.57  15.13   0.101E-04   0.764E-06  -0.374E-05   0.741E-06   -37.3978     2.2104  -0.726E-05   0.529E-06   0.638E-05   0.107E-05   0.139E-04   0.582E-06     7.6022     0.5734  CK30 CK23 CK29 CK22 CK31 CK24 CK37 CK36 CK16
  120.1000   22.6500  24.61  15.21   0.117E-04   0.715E-06  -0.421E-05   0.704E-06   -37.5827     1.8070  -0.977E-05   0.500E-06   0.754E-05   0.101E-05   0.160E-04   0.548E-06     7.4173     0.4595  CK30 CK29 CK37 CK23 CK31 CK36 CK22 CK38 CK24
  120.1500   22.6500  24.74  15.31   0.142E-04   0.661E-06  -0.400E-05   0.650E-06   -40.5611     1.4577  -0.116E-04   0.463E-06   0.102E-04   0.927E-06   0.182E-04   0.480E-06     4.4389     0.2249  CK30 CK37 CK29 CK36 CK31 CK38 CK23 CK22 CK44
  120.2000   22.6500  24.88  15.45   0.150E-04   0.673E-06  -0.375E-05   0.670E-06   -39.4551     1.4486  -0.128E-04   0.477E-06   0.112E-04   0.947E-06   0.187E-04   0.502E-06     5.5449     0.2804  CK37 CK30 CK36 CK29 CK38 CK44 CK31 CK43
  120.2500   22.6500  25.00  15.71   0.159E-04   0.600E-06  -0.368E-05   0.588E-06   -33.4361     1.2285  -0.144E-04   0.422E-06   0.122E-04   0.837E-06   0.195E-04   0.509E-06    11.5639     0.4861  CK37 CK36 CK44 CK30 CK38 CK43 CK29 CK45 CK31
  120.3000   22.6500  25.08  15.99   0.166E-04   0.753E-06  -0.364E-05   0.752E-06   -31.0902     1.5019  -0.148E-04   0.534E-06   0.130E-04   0.106E-05   0.203E-04   0.685E-06    13.9098     0.7037  CK37 CK44 CK36 CK43 CK38 CK45 CK30 CK29
  120.3500   22.6500  25.13  16.31   0.163E-04   0.120E-05  -0.450E-05   0.143E-05   -25.2874     2.5771  -0.156E-04   0.927E-06   0.118E-04   0.188E-05   0.208E-04   0.139E-05    19.7126     1.6240  CK44 CK43 CK37 CK36 CK45 CK38
  119.5500   22.7000  25.25  14.26   0.176E-04   0.313E-05  -0.107E-05   0.281E-05   -56.1126     5.9696  -0.121E-04   0.210E-05   0.166E-04   0.421E-05   0.187E-04   0.251E-05   -11.1126     2.4381  CK02 CK09 CK03 CK01 CK10 CK08
  119.6000   22.7000  25.53  14.49   0.115E-04   0.190E-05  -0.363E-05   0.192E-05   -38.7340     5.1380  -0.123E-04   0.135E-05   0.783E-05   0.271E-05   0.151E-04   0.144E-05     6.2660     1.1142  CK09 CK02 CK10 CK03 CK08 CK01 CK16 CK17
  119.6500   22.7000  25.49  14.78   0.831E-05   0.160E-05  -0.601E-05   0.157E-05   -26.1528     4.4849  -0.119E-04   0.112E-05   0.231E-05   0.224E-05   0.143E-04   0.163E-05    18.8472     2.7442  CK09 CK10 CK02 CK08 CK16 CK03 CK17 CK01 CK15
  119.7000   22.7000  25.20  15.11   0.721E-05   0.142E-05  -0.947E-05   0.141E-05   -18.9753     3.4352  -0.121E-04   0.100E-05  -0.226E-05   0.200E-05   0.167E-04   0.169E-05    26.0247     2.7091  CK09 CK16 CK10 CK08 CK17 CK15 CK02 CK03 CK01
  119.7500   22.7000  25.00  15.30   0.640E-05   0.111E-05  -0.124E-04   0.104E-05   -16.7392     2.3172  -0.113E-04   0.762E-06  -0.603E-05   0.152E-05   0.188E-04   0.133E-05    28.2608     1.9349  CK16 CK09 CK17 CK10 CK15 CK08 CK23 CK24 CK02
  119.8000   22.7000  24.49  15.50   0.808E-05   0.101E-05  -0.117E-04   0.976E-06   -22.5653     2.0350  -0.966E-05   0.703E-06  -0.361E-05   0.140E-05   0.198E-04   0.111E-05    22.4347     1.4364  CK16 CK17 CK09 CK15 CK23 CK10 CK24 CK08 CK22
  119.8500   22.7000  24.16  15.54   0.957E-05   0.828E-06  -0.964E-05   0.778E-06   -28.3108     1.6951  -0.816E-05   0.568E-06  -0.656E-07   0.114E-05   0.192E-04   0.785E-06    16.6892     0.9320  CK16 CK23 CK17 CK15 CK24 CK22 CK09 CK10 CK08 CK30
  119.9000   22.7000  23.98  15.56   0.110E-04   0.676E-06  -0.810E-05   0.646E-06   -32.9856     1.4067  -0.700E-05   0.466E-06   0.286E-05   0.937E-06   0.191E-04   0.572E-06    12.0144     0.5707  CK23 CK16 CK24 CK17 CK22 CK15 CK30 CK31 CK09 CK29
  119.9500   22.7000  23.84  15.49   0.115E-04   0.678E-06  -0.644E-05   0.665E-06   -34.7896     1.5222  -0.617E-05   0.473E-06   0.503E-05   0.952E-06   0.179E-04   0.554E-06    10.2104     0.5279  CK23 CK24 CK16 CK30 CK22 CK17 CK31 CK15 CK29
  120.0000   22.7000  23.82  15.43   0.107E-04   0.606E-06  -0.588E-05   0.579E-06   -33.4294     1.4510  -0.664E-05   0.417E-06   0.483E-05   0.842E-06   0.166E-04   0.506E-06    11.5706     0.5656  CK23 CK30 CK24 CK31 CK22 CK29 CK16 CK17 CK37 CK15
  120.0500   22.7000  23.78  15.45   0.109E-04   0.611E-06  -0.580E-05   0.580E-06   -30.8598     1.4433  -0.854E-05   0.419E-06   0.513E-05   0.845E-06   0.167E-04   0.544E-06    14.1402     0.6787  CK30 CK23 CK31 CK24 CK29 CK22 CK37 CK38 CK36 CK16
  120.1000   22.7000  23.71  15.52   0.119E-04   0.688E-06  -0.543E-05   0.674E-06   -32.3084     1.5939  -0.104E-04   0.480E-06   0.648E-05   0.966E-06   0.173E-04   0.600E-06    12.6916     0.6799  CK30 CK31 CK37 CK29 CK23 CK38 CK24 CK36 CK22
  120.1500   22.7000  23.75  15.67   0.138E-04   0.626E-06  -0.483E-05   0.604E-06   -34.7216     1.3386  -0.119E-04   0.435E-06   0.895E-05   0.869E-06   0.186E-04   0.509E-06    10.2784     0.4701  CK30 CK37 CK31 CK38 CK29 CK36 CK23 CK24 CK44 CK22
  120.2000   22.7000  23.75  15.95   0.156E-04   0.584E-06  -0.462E-05   0.560E-06   -32.4966     1.1450  -0.147E-04   0.406E-06   0.110E-04   0.807E-06   0.202E-04   0.502E-06    12.5034     0.4868  CK37 CK30 CK38 CK36 CK31 CK29 CK44 CK45 CK43 CK23
  120.2500   22.7000  23.80  16.24   0.168E-04   0.613E-06  -0.385E-05   0.602E-06   -31.1791     1.1909  -0.158E-04   0.432E-06   0.129E-04   0.857E-06   0.206E-04   0.552E-06    13.8209     0.5561  CK37 CK38 CK44 CK36 CK30 CK45 CK31 CK43 CK29
  120.3000   22.7000  23.89  16.56   0.181E-04   0.750E-06  -0.394E-05   0.760E-06   -26.8821     1.3905  -0.172E-04   0.536E-06   0.141E-04   0.107E-05   0.220E-04   0.764E-06    18.1179     0.8249  CK37 CK44 CK38 CK45 CK36 CK43 CK30 CK31
  120.3500   22.7000  23.92  16.98   0.186E-04   0.125E-05  -0.415E-05   0.149E-05   -26.2577     2.4519  -0.171E-04   0.967E-06   0.144E-04   0.195E-05   0.227E-04   0.142E-05    18.7423     1.4818  CK44 CK37 CK45 CK43 CK38 CK36
  119.5500   22.7500  23.48  14.80   0.271E-04   0.187E-05  -0.266E-05   0.185E-05   -45.9930     2.5292  -0.204E-04   0.131E-05   0.244E-04   0.263E-05   0.298E-04   0.132E-05    -0.9930     0.0877  CK02 CK03 CK09 CK10 CK01 CK04 CK08 CK11
  119.6000   22.7500  23.84  15.07   0.231E-04   0.151E-05  -0.709E-05   0.157E-05   -37.5615     2.0611  -0.199E-04   0.109E-05   0.160E-04   0.217E-05   0.302E-04   0.119E-05     7.4385     0.5282  CK09 CK10 CK02 CK03 CK08 CK11 CK16 CK17 CK01 CK04
  119.6500   22.7500  23.96  15.34   0.216E-04   0.161E-05  -0.944E-05   0.167E-05   -33.7109     2.1439  -0.195E-04   0.116E-05   0.121E-04   0.232E-05   0.310E-04   0.139E-05    11.2891     0.8227  CK09 CK10 CK02 CK03 CK16 CK17 CK08 CK11 CK01 CK04
  119.7000   22.7500  23.69  15.60   0.172E-04   0.141E-05  -0.153E-04   0.153E-05   -26.1441     1.8327  -0.197E-04   0.104E-05   0.182E-05   0.208E-05   0.325E-04   0.152E-05    18.8559     1.1210  CK09 CK10 CK16 CK17 CK02 CK03 CK08 CK11 CK15 CK18
  119.7500   22.7500  23.41  15.78   0.168E-04   0.994E-06  -0.147E-04   0.992E-06   -29.3588     1.2757  -0.174E-04   0.704E-06   0.216E-05   0.140E-05   0.315E-04   0.945E-06    15.6412     0.6645  CK16 CK17 CK09 CK10 CK15 CK23 CK18 CK24 CK08 CK11 CK02 CK03
  119.8000   22.7500  23.14  15.94   0.166E-04   0.998E-06  -0.141E-04   0.102E-05   -32.3346     1.3293  -0.155E-04   0.716E-06   0.252E-05   0.143E-05   0.308E-04   0.890E-06    12.6654     0.5705  CK16 CK17 CK09 CK10 CK23 CK24 CK15 CK18 CK08 CK11
  119.8500   22.7500  22.82  16.06   0.156E-04   0.946E-06  -0.139E-04   0.100E-05   -29.3306     1.3374  -0.147E-04   0.691E-06   0.178E-05   0.138E-05   0.295E-04   0.928E-06    15.6694     0.6972  CK16 CK17 CK23 CK24 CK09 CK10 CK15 CK18 CK22 CK25
  119.9000   22.7500  22.62  16.06   0.198E-04   0.809E-06  -0.100E-04   0.825E-06   -34.8596     1.1080  -0.128E-04   0.578E-06   0.980E-05   0.115E-05   0.298E-04   0.674E-06    10.1404     0.3848  CK23 CK24 CK16 CK17 CK22 CK30 CK31 CK25 CK15 CK18 CK09
  119.9500   22.7500  22.65  16.04   0.187E-04   0.903E-06  -0.834E-05   0.923E-06   -33.8393     1.3664  -0.106E-04   0.646E-06   0.104E-04   0.129E-05   0.271E-04   0.773E-06    11.1607     0.5193  CK23 CK24 CK16 CK30 CK17 CK31 CK22 CK25 CK15 CK29
  120.0000   22.7500  22.38  16.07   0.206E-04   0.103E-05  -0.111E-04   0.111E-05   -29.1993     1.3688  -0.133E-04   0.756E-06   0.956E-05   0.151E-05   0.317E-04   0.102E-05    15.8007     0.7162  CK23 CK24 CK30 CK31 CK22 CK16 CK17 CK25 CK29 CK32
  120.0500   22.7500  22.32  16.12   0.209E-04   0.103E-05  -0.100E-04   0.110E-05   -29.1096     1.3916  -0.146E-04   0.749E-06   0.109E-04   0.151E-05   0.309E-04   0.102E-05    15.8904     0.7306  CK30 CK31 CK23 CK24 CK37 CK29 CK38 CK32 CK22 CK25
  120.1000   22.7500  22.31  16.16   0.189E-04   0.942E-06  -0.909E-05   0.967E-06   -29.1448     1.3833  -0.150E-04   0.673E-06   0.979E-05   0.135E-05   0.280E-04   0.913E-06    15.8552     0.7243  CK30 CK31 CK37 CK38 CK23 CK24 CK29 CK32 CK36 CK22
  120.1500   22.7500  22.22  16.35   0.212E-04   0.791E-06  -0.958E-05   0.812E-06   -30.4257     1.0573  -0.175E-04   0.566E-06   0.116E-04   0.114E-05   0.307E-04   0.742E-06    14.5743     0.5138  CK30 CK31 CK37 CK38 CK29 CK23 CK24 CK32 CK36 CK39 CK44
  120.2000   22.7500  22.13  16.61   0.225E-04   0.711E-06  -0.567E-05   0.747E-06   -33.1055     1.0490  -0.191E-04   0.516E-06   0.168E-04   0.103E-05   0.282E-04   0.629E-06    11.8945     0.4235  CK37 CK38 CK30 CK31 CK44 CK45 CK36 CK39 CK29 CK32
  120.2500   22.7500  22.28  16.81   0.202E-04   0.502E-06  -0.784E-05   0.523E-06   -28.9948     0.7404  -0.204E-04   0.363E-06   0.124E-04   0.724E-06   0.280E-04   0.492E-06    16.0052     0.3932  CK37 CK38 CK44 CK45 CK30 CK31 CK36 CK39 CK43 CK46
  120.3000   22.7500  22.23  17.23   0.209E-04   0.560E-06  -0.787E-05   0.602E-06   -29.6913     0.8204  -0.208E-04   0.411E-06   0.130E-04   0.822E-06   0.287E-04   0.548E-06    15.3087     0.4179  CK37 CK38 CK44 CK45 CK36 CK30 CK39 CK31 CK43 CK46
  120.3500   22.7500  22.20  17.65   0.217E-04   0.904E-06  -0.758E-05   0.110E-05   -30.8317     1.3942  -0.211E-04   0.708E-06   0.141E-04   0.143E-05   0.293E-04   0.921E-06    14.1683     0.6572  CK44 CK45 CK37 CK38 CK43 CK46 CK36 CK39
  119.5500   22.8000  21.84  15.28   0.381E-04   0.184E-05  -0.567E-05   0.191E-05   -40.8666     1.7339  -0.293E-04   0.132E-05   0.324E-04   0.265E-05   0.438E-04   0.137E-05     4.1334     0.2493  CK03 CK10 CK02 CK09 CK04 CK11
  119.6000   22.8000  22.19  15.64   0.343E-04   0.191E-05  -0.119E-04   0.191E-05   -35.1837     1.6766  -0.285E-04   0.135E-05   0.224E-04   0.271E-05   0.462E-04   0.156E-05     9.8163     0.5619  CK10 CK03 CK09 CK02 CK11 CK04 CK17 CK16
  119.6500   22.8000  22.06  15.95   0.291E-04   0.173E-05  -0.142E-04   0.176E-05   -33.3724     1.6306  -0.250E-04   0.123E-05   0.149E-04   0.246E-05   0.433E-04   0.149E-05    11.6276     0.6450  CK10 CK09 CK03 CK11 CK17 CK02 CK16 CK04 CK18 CK08
  119.7000   22.8000  22.08  16.15   0.294E-04   0.186E-05  -0.191E-04   0.183E-05   -32.2774     1.5430  -0.262E-04   0.131E-05   0.103E-04   0.261E-05   0.484E-04   0.163E-05    12.7226     0.6635  CK10 CK17 CK09 CK16 CK11 CK18 CK03 CK02 CK04
  119.7500   22.8000  21.89  16.29   0.269E-04   0.160E-05  -0.205E-04   0.154E-05   -32.7664     1.3405  -0.233E-04   0.111E-05   0.637E-05   0.221E-05   0.473E-04   0.137E-05    12.2336     0.5583  CK17 CK10 CK16 CK09 CK18 CK11 CK24 CK23 CK03
  119.8000   22.8000  21.45  16.52   0.232E-04   0.113E-05  -0.174E-04   0.115E-05   -32.0423     1.1342  -0.205E-04   0.809E-06   0.579E-05   0.161E-05   0.407E-04   0.101E-05    12.9577     0.4980  CK17 CK16 CK10 CK24 CK18 CK09 CK23 CK11 CK25 CK15
  119.8500   22.8000  21.43  16.54   0.264E-04   0.112E-05  -0.151E-04   0.108E-05   -34.2832     1.0656  -0.209E-04   0.780E-06   0.114E-04   0.154E-05   0.415E-04   0.919E-06    10.7168     0.3934  CK17 CK24 CK16 CK23 CK18 CK25 CK10 CK09 CK11 CK31
  119.9000   22.8000  21.32  16.56   0.260E-04   0.126E-05  -0.126E-04   0.122E-05   -34.1225     1.2979  -0.189E-04   0.884E-06   0.135E-04   0.175E-05   0.386E-04   0.105E-05    10.8775     0.4862  CK24 CK17 CK23 CK16 CK25 CK18 CK31 CK30 CK10
  119.9500   22.8000  20.95  16.72   0.268E-04   0.128E-05  -0.119E-04   0.130E-05   -31.7653     1.3471  -0.183E-04   0.914E-06   0.149E-04   0.182E-05   0.387E-04   0.115E-05    13.2347     0.6028  CK24 CK23 CK17 CK31 CK25 CK16 CK30 CK18 CK32 CK22
  120.0000   22.8000  21.02  16.71   0.305E-04   0.136E-05  -0.142E-04   0.130E-05   -30.5125     1.2031  -0.204E-04   0.943E-06   0.163E-04   0.187E-05   0.447E-04   0.123E-05    14.4875     0.5857  CK24 CK31 CK23 CK30 CK25 CK32 CK17 CK16 CK38 CK18
  120.0500   22.8000  20.92  16.77   0.309E-04   0.136E-05  -0.147E-04   0.128E-05   -28.5847     1.1719  -0.213E-04   0.935E-06   0.162E-04   0.186E-05   0.456E-04   0.128E-05    16.4153     0.6367  CK31 CK24 CK30 CK23 CK32 CK25 CK38 CK37 CK17 CK39
  120.1000   22.8000  20.61  16.98   0.279E-04   0.126E-05  -0.132E-04   0.128E-05   -29.2873     1.2542  -0.200E-04   0.899E-06   0.147E-04   0.180E-05   0.411E-04   0.121E-05    15.7127     0.6529  CK31 CK30 CK38 CK24 CK32 CK37 CK23 CK39 CK25 CK29
  120.1500   22.8000  20.66  17.06   0.284E-04   0.128E-05  -0.118E-04   0.122E-05   -29.3018     1.2590  -0.221E-04   0.881E-06   0.166E-04   0.177E-05   0.402E-04   0.119E-05    15.6982     0.6552  CK31 CK38 CK30 CK37 CK32 CK39 CK24 CK23 CK45
  120.2000   22.8000  20.59  17.28   0.278E-04   0.867E-06  -0.111E-04   0.825E-06   -30.5633     0.8814  -0.231E-04   0.598E-06   0.167E-04   0.120E-05   0.389E-04   0.780E-06    14.4367     0.4256  CK38 CK31 CK37 CK30 CK39 CK32 CK45 CK44 CK46 CK24
  120.2500   22.8000  20.45  17.62   0.259E-04   0.620E-06  -0.973E-05   0.633E-06   -32.2015     0.7113  -0.226E-04   0.444E-06   0.162E-04   0.885E-06   0.357E-04   0.553E-06    12.7985     0.3081  CK38 CK37 CK45 CK31 CK39 CK44 CK30 CK46 CK32 CK36
  120.3000   22.8000  20.59  17.90   0.241E-04   0.690E-06  -0.111E-04   0.693E-06   -31.9800     0.7965  -0.242E-04   0.488E-06   0.130E-04   0.978E-06   0.352E-04   0.614E-06    13.0200     0.3493  CK38 CK45 CK37 CK44 CK39 CK46 CK31 CK30
  120.3500   22.8000  20.56  18.32   0.252E-04   0.120E-05  -0.114E-04   0.134E-05   -33.3410     1.4020  -0.250E-04   0.895E-06   0.138E-04   0.180E-05   0.367E-04   0.109E-05    11.6590     0.5539  CK45 CK38 CK44 CK37 CK46 CK39
  119.5500   22.8500  19.30  15.79   0.317E-04   0.233E-05  -0.983E-05   0.238E-05   -43.2507     2.3045  -0.328E-04   0.167E-05   0.218E-04   0.334E-05   0.415E-04   0.168E-05     1.7493     0.1406  CK03 CK04 CK10 CK11 CK02 CK09 CK05
  119.6000   22.8500  19.69  16.26   0.347E-04   0.187E-05  -0.164E-04   0.189E-05   -40.5862     1.4875  -0.289E-04   0.133E-05   0.183E-04   0.266E-05   0.511E-04   0.137E-05     4.4138     0.2283  CK10 CK03 CK11 CK04 CK09 CK02 CK17 CK18 CK12
  119.6500   22.8500  19.73  16.47   0.307E-04   0.185E-05  -0.193E-04   0.187E-05   -38.2691     1.5075  -0.281E-04   0.132E-05   0.114E-04   0.263E-05   0.500E-04   0.142E-05     6.7309     0.3509  CK10 CK11 CK03 CK17 CK09 CK04 CK18 CK02 CK16 CK12
  119.7000   22.8500  19.64  16.64   0.286E-04   0.182E-05  -0.213E-04   0.185E-05   -36.9679     1.4923  -0.273E-04   0.130E-05   0.734E-05   0.260E-05   0.499E-04   0.144E-05     8.0321     0.4136  CK10 CK17 CK11 CK18 CK09 CK03 CK16 CK04 CK12 CK02
  119.7500   22.8500  19.54  16.80   0.289E-04   0.155E-05  -0.222E-04   0.154E-05   -37.5031     1.2233  -0.255E-04   0.110E-05   0.671E-05   0.218E-05   0.511E-04   0.120E-05     7.4969     0.3176  CK17 CK10 CK18 CK11 CK16 CK09 CK24 CK25 CK03 CK19
  119.8000   22.8500  19.35  16.87   0.259E-04   0.124E-05  -0.209E-04   0.126E-05   -37.1959     1.0790  -0.244E-04   0.885E-06   0.497E-05   0.176E-05   0.468E-04   0.976E-06     7.8041     0.2914  CK17 CK18 CK10 CK24 CK16 CK11 CK25 CK09 CK23 CK19
  119.8500   22.8500  19.24  17.00   0.260E-04   0.120E-05  -0.171E-04   0.119E-05   -38.7159     1.1210  -0.237E-04   0.849E-06   0.894E-05   0.169E-05   0.431E-04   0.907E-06     6.2841     0.2458  CK17 CK24 CK18 CK25 CK16 CK23 CK10 CK11 CK19 CK31
  119.9000   22.8500  19.20  17.14   0.258E-04   0.134E-05  -0.176E-04   0.133E-05   -36.8687     1.2426  -0.244E-04   0.950E-06   0.821E-05   0.188E-05   0.434E-04   0.105E-05     8.1313     0.3507  CK24 CK17 CK25 CK18 CK23 CK16 CK31 CK32 CK10 CK26
  119.9500   22.8500  18.97  17.26   0.275E-04   0.145E-05  -0.173E-04   0.147E-05   -35.6561     1.3192  -0.242E-04   0.104E-05   0.102E-04   0.206E-05   0.448E-04   0.118E-05     9.3439     0.4248  CK24 CK25 CK17 CK31 CK23 CK18 CK32 CK16 CK30 CK26
  120.0000   22.8500  18.90  17.38   0.292E-04   0.149E-05  -0.186E-04   0.148E-05   -32.7812     1.2574  -0.259E-04   0.105E-05   0.105E-04   0.210E-05   0.478E-04   0.129E-05    12.2188     0.5221  CK24 CK31 CK25 CK32 CK23 CK30 CK17 CK18 CK26 CK38
  120.0500   22.8500  18.70  17.54   0.322E-04   0.149E-05  -0.194E-04   0.148E-05   -33.5967     1.1635  -0.243E-04   0.105E-05   0.128E-04   0.209E-05   0.516E-04   0.126E-05    11.4033     0.4525  CK31 CK24 CK32 CK25 CK30 CK23 CK38 CK39 CK33 CK17
  120.1000   22.8500  18.50  17.62   0.306E-04   0.144E-05  -0.182E-04   0.146E-05   -34.3596     1.2071  -0.244E-04   0.103E-05   0.124E-04   0.206E-05   0.488E-04   0.121E-05    10.6404     0.4382  CK31 CK32 CK38 CK24 CK30 CK39 CK25 CK37 CK23 CK33
  120.1500   22.8500  18.47  17.79   0.294E-04   0.134E-05  -0.157E-04   0.133E-05   -34.7385     1.1953  -0.255E-04   0.941E-06   0.138E-04   0.188E-05   0.451E-04   0.110E-05    10.2615     0.4190  CK31 CK38 CK32 CK39 CK30 CK37 CK24 CK25 CK45 CK33
  120.2000   22.8500  18.34  17.90   0.282E-04   0.130E-05  -0.156E-04   0.132E-05   -38.0029     1.2081  -0.249E-04   0.926E-06   0.126E-04   0.185E-05   0.438E-04   0.100E-05     6.9971     0.2928  CK38 CK31 CK39 CK32 CK37 CK45 CK30 CK46 CK40
  120.2500   22.8500  18.34  18.09   0.257E-04   0.928E-06  -0.158E-04   0.938E-06   -38.4112     0.9117  -0.253E-04   0.660E-06   0.993E-05   0.132E-05   0.414E-04   0.710E-06     6.5888     0.2081  CK38 CK39 CK45 CK31 CK37 CK46 CK32 CK44 CK30 CK40
  120.3000   22.8500  18.38  18.41   0.241E-04   0.938E-06  -0.171E-04   0.958E-06   -38.3411     0.9298  -0.263E-04   0.671E-06   0.703E-05   0.134E-05   0.413E-04   0.722E-06     6.6589     0.2146  CK38 CK45 CK39 CK46 CK37 CK44 CK31 CK32 CK40
  120.3500   22.8500  18.31  18.57   0.219E-04   0.151E-05  -0.191E-04   0.162E-05   -39.4684     1.5428  -0.249E-04   0.111E-05   0.280E-05   0.221E-05   0.411E-04   0.117E-05     5.5316     0.2976  CK45 CK38 CK46 CK39 CK44 CK37 CK47
  119.5500   22.9000  16.74  15.83   0.250E-04   0.320E-05  -0.199E-04   0.299E-05   -49.9638     2.7513  -0.316E-04   0.219E-05   0.510E-05   0.438E-05   0.449E-04   0.228E-05    -4.9638     0.4815  CK04 CK03 CK11 CK10 CK05 CK02 CK12 CK09
  119.6000   22.9000  16.96  16.24   0.255E-04   0.234E-05  -0.222E-04   0.231E-05   -47.2685     1.9683  -0.312E-04   0.164E-05   0.324E-05   0.329E-05   0.477E-04   0.166E-05    -2.2685     0.1562  CK11 CK10 CK04 CK03 CK12 CK05 CK18 CK17 CK09 CK02
  119.6500   22.9000  17.17  16.50   0.261E-04   0.246E-05  -0.281E-04   0.245E-05   -47.9951     1.8259  -0.295E-04   0.174E-05  -0.201E-05   0.348E-05   0.542E-04   0.177E-05    -2.9951     0.1916  CK11 CK10 CK04 CK03 CK18 CK17 CK12 CK09 CK05 CK19
  119.7000   22.9000  17.08  16.64   0.260E-04   0.233E-05  -0.287E-04   0.233E-05   -44.7112     1.7260  -0.254E-04   0.165E-05  -0.268E-05   0.330E-05   0.547E-04   0.165E-05     0.2888     0.0174  CK11 CK10 CK18 CK17 CK12 CK04 CK03 CK19 CK09 CK16
  119.7500   22.9000  17.07  16.81   0.233E-04   0.178E-05  -0.271E-04   0.179E-05   -44.3350     1.4373  -0.267E-04   0.126E-05  -0.377E-05   0.253E-05   0.503E-04   0.126E-05     0.6650     0.0333  CK18 CK17 CK11 CK10 CK19 CK25 CK12 CK24 CK16 CK09 CK04
  119.8000   22.9000  16.97  16.84   0.211E-04   0.176E-05  -0.273E-04   0.175E-05   -47.1036     1.4667  -0.262E-04   0.124E-05  -0.613E-05   0.248E-05   0.484E-04   0.125E-05    -2.1036     0.1079  CK18 CK17 CK11 CK25 CK10 CK24 CK19 CK16 CK12 CK26
  119.8500   22.9000  16.83  16.99   0.228E-04   0.174E-05  -0.249E-04   0.173E-05   -45.4616     1.4768  -0.251E-04   0.123E-05  -0.210E-05   0.246E-05   0.476E-04   0.123E-05    -0.4616     0.0238  CK18 CK17 CK25 CK24 CK19 CK11 CK10 CK26 CK16 CK23
  119.9000   22.9000  16.65  17.27   0.220E-04   0.170E-05  -0.218E-04   0.170E-05   -45.2668     1.5759  -0.272E-04   0.121E-05   0.181E-06   0.241E-05   0.437E-04   0.121E-05    -0.2668     0.0147  CK25 CK24 CK18 CK17 CK26 CK32 CK19 CK31 CK23 CK16 CK11
  119.9500   22.9000  16.68  17.40   0.207E-04   0.211E-05  -0.267E-04   0.212E-05   -43.5758     1.8047  -0.296E-04   0.150E-05  -0.606E-05   0.299E-05   0.474E-04   0.150E-05     1.4242     0.0898  CK25 CK24 CK18 CK32 CK17 CK31 CK26 CK23 CK19 CK33
  120.0000   22.9000  16.30  17.61   0.238E-04   0.211E-05  -0.275E-04   0.215E-05   -39.7692     1.6803  -0.272E-04   0.151E-05  -0.366E-05   0.301E-05   0.513E-04   0.158E-05     5.2308     0.3052  CK25 CK24 CK32 CK31 CK26 CK18 CK17 CK33 CK23 CK30
  120.0500   22.9000  16.18  17.78   0.247E-04   0.211E-05  -0.249E-04   0.214E-05   -40.9336     1.7336  -0.282E-04   0.150E-05  -0.184E-06   0.300E-05   0.496E-04   0.155E-05     4.0664     0.2457  CK32 CK31 CK25 CK24 CK33 CK39 CK38 CK26 CK30 CK23
  120.1000   22.9000  16.08  17.81   0.256E-04   0.211E-05  -0.281E-04   0.211E-05   -43.5292     1.5889  -0.277E-04   0.149E-05  -0.252E-05   0.298E-05   0.538E-04   0.150E-05     1.4708     0.0815  CK32 CK31 CK39 CK25 CK38 CK24 CK33 CK30 CK40 CK26
  120.1500   22.9000  15.91  17.92   0.278E-04   0.171E-05  -0.258E-04   0.172E-05   -43.1546     1.2949  -0.259E-04   0.121E-05   0.201E-05   0.242E-05   0.536E-04   0.122E-05     1.8454     0.0834  CK32 CK31 CK39 CK38 CK33 CK25 CK40 CK24 CK30 CK37 CK46
  120.2000   22.9000  15.85  17.97   0.248E-04   0.177E-05  -0.223E-04   0.176E-05   -46.3721     1.5119  -0.280E-04   0.125E-05   0.247E-05   0.249E-05   0.471E-04   0.125E-05    -1.3721     0.0728  CK39 CK38 CK32 CK31 CK40 CK46 CK45 CK33 CK37 CK30
  120.2500   22.9000  16.00  18.11   0.227E-04   0.160E-05  -0.277E-04   0.159E-05   -48.3208     1.2700  -0.276E-04   0.113E-05  -0.501E-05   0.225E-05   0.504E-04   0.115E-05    -3.3208     0.1486  CK39 CK38 CK46 CK45 CK32 CK31 CK40 CK37 CK47 CK33
  120.3000   22.9000  15.93  18.21   0.219E-04   0.145E-05  -0.272E-04   0.143E-05   -46.6920     1.1828  -0.259E-04   0.102E-05  -0.527E-05   0.203E-05   0.491E-04   0.103E-05    -1.6920     0.0702  CK39 CK38 CK46 CK45 CK40 CK32 CK47 CK31 CK37 CK44
  120.3500   22.9000  15.86  18.34   0.177E-04   0.202E-05  -0.264E-04   0.194E-05   -47.8780     1.7972  -0.277E-04   0.140E-05  -0.867E-05   0.278E-05   0.441E-04   0.143E-05    -2.8780     0.1829  CK46 CK45 CK39 CK38 CK47 CK40 CK44 CK37
  119.5500   22.9500  14.14  15.59   0.174E-04   0.524E-05  -0.329E-04   0.461E-05   -58.5763     3.5425  -0.322E-04   0.349E-05  -0.155E-04   0.698E-05   0.502E-04   0.445E-05   -13.5763     1.8169  CK04 CK11 CK03 CK05 CK10 CK12
  119.6000   22.9500  14.29  15.92   0.189E-04   0.309E-05  -0.353E-04   0.308E-05   -56.6180     2.1222  -0.297E-04   0.218E-05  -0.164E-04   0.437E-05   0.541E-04   0.264E-05   -11.6180     0.9112  CK11 CK04 CK10 CK12 CK03 CK05 CK18 CK17 CK19
  119.6500   22.9500  14.41  16.13   0.195E-04   0.311E-05  -0.361E-04   0.315E-05   -55.8389     2.1172  -0.286E-04   0.221E-05  -0.166E-04   0.443E-05   0.556E-04   0.263E-05   -10.8389     0.8416  CK11 CK10 CK04 CK12 CK18 CK03 CK05 CK17 CK19
  119.7000   22.9500  14.49  16.20   0.199E-04   0.304E-05  -0.369E-04   0.305E-05   -55.2368     2.0340  -0.272E-04   0.215E-05  -0.169E-04   0.431E-05   0.568E-04   0.252E-05   -10.2368     0.7594  CK11 CK18 CK10 CK12 CK17 CK19 CK04 CK03 CK05
  119.7500   22.9500  14.55  16.45   0.190E-04   0.229E-05  -0.377E-04   0.236E-05   -53.9510     1.5824  -0.262E-04   0.164E-05  -0.187E-04   0.329E-05   0.568E-04   0.186E-05    -8.9510     0.5084  CK18 CK11 CK17 CK19 CK10 CK12 CK25 CK04 CK24 CK26
  119.8000   22.9500  14.51  16.44   0.173E-04   0.224E-05  -0.361E-04   0.228E-05   -54.6672     1.6246  -0.275E-04   0.159E-05  -0.189E-04   0.321E-05   0.534E-04   0.184E-05    -9.6672     0.5660  CK18 CK17 CK19 CK11 CK25 CK10 CK12 CK24 CK26
  119.8500   22.9500  14.41  16.72   0.143E-04   0.200E-05  -0.346E-04   0.208E-05   -54.6322     1.5990  -0.296E-04   0.144E-05  -0.204E-04   0.289E-05   0.489E-04   0.166E-05    -9.6322     0.5562  CK18 CK25 CK17 CK19 CK24 CK26 CK11 CK10 CK12 CK32
  119.9000   22.9500  14.20  16.97   0.162E-04   0.228E-05  -0.361E-04   0.235E-05   -53.4467     1.7179  -0.290E-04   0.164E-05  -0.199E-04   0.328E-05   0.523E-04   0.183E-05    -8.4467     0.5211  CK25 CK18 CK24 CK26 CK17 CK19 CK32 CK31 CK11 CK33
  119.9500   22.9500  14.07  17.15   0.137E-04   0.273E-05  -0.365E-04   0.277E-05   -51.4517     2.1645  -0.312E-04   0.194E-05  -0.228E-04   0.389E-05   0.502E-04   0.208E-05    -6.4517     0.4959  CK25 CK24 CK26 CK18 CK32 CK17 CK31 CK19 CK33
  120.0000   22.9500  13.83  17.49   0.152E-04   0.251E-05  -0.367E-04   0.258E-05   -51.1292     1.9386  -0.318E-04   0.180E-05  -0.216E-04   0.359E-05   0.519E-04   0.192E-05    -6.1292     0.4226  CK25 CK32 CK24 CK26 CK31 CK33 CK18 CK17 CK19 CK39
  120.0500   22.9500  13.59  17.65   0.194E-04   0.249E-05  -0.399E-04   0.255E-05   -50.4381     1.6897  -0.298E-04   0.178E-05  -0.205E-04   0.356E-05   0.593E-04   0.187E-05    -5.4381     0.3249  CK32 CK25 CK31 CK33 CK24 CK26 CK39 CK38 CK40 CK18
  120.1000   22.9500  13.40  17.67   0.210E-04   0.269E-05  -0.393E-04   0.273E-05   -51.4102     1.7759  -0.298E-04   0.192E-05  -0.183E-04   0.384E-05   0.603E-04   0.205E-05    -6.4102     0.4041  CK32 CK31 CK33 CK39 CK25 CK38 CK24 CK40 CK26
  120.1500   22.9500  13.34  17.74   0.219E-04   0.227E-05  -0.383E-04   0.235E-05   -52.5958     1.4994  -0.301E-04   0.163E-05  -0.164E-04   0.327E-05   0.602E-04   0.179E-05    -7.5958     0.4068  CK32 CK39 CK31 CK33 CK38 CK40 CK25 CK24 CK46 CK26
  120.2000   22.9500  13.30  17.81   0.237E-04   0.201E-05  -0.399E-04   0.208E-05   -54.0245     1.2391  -0.281E-04   0.144E-05  -0.162E-04   0.289E-05   0.636E-04   0.164E-05    -9.0245     0.4025  CK39 CK32 CK38 CK40 CK31 CK33 CK46 CK45 CK47 CK25
  120.2500   22.9500  13.36  17.73   0.211E-04   0.204E-05  -0.393E-04   0.208E-05   -55.1020     1.2983  -0.290E-04   0.146E-05  -0.182E-04   0.292E-05   0.604E-04   0.170E-05   -10.1020     0.4778  CK39 CK38 CK40 CK46 CK32 CK45 CK47 CK31 CK33
  120.3000   22.9500  13.39  17.79   0.191E-04   0.191E-05  -0.399E-04   0.192E-05   -55.6895     1.2282  -0.290E-04   0.136E-05  -0.208E-04   0.271E-05   0.589E-04   0.161E-05   -10.6895     0.4814  CK39 CK46 CK38 CK40 CK45 CK47 CK32 CK31 CK33
  120.3500   22.9500  13.37  17.91   0.152E-04   0.317E-05  -0.405E-04   0.287E-05   -56.1064     2.0266  -0.295E-04   0.215E-05  -0.253E-04   0.425E-05   0.557E-04   0.256E-05   -11.1064     0.8368  CK46 CK39 CK45 CK47 CK38 CK40
  119.5500   23.0000  11.58  14.09   0.138E-04   0.367E-05  -0.424E-04   0.277E-05   -66.8155     1.6975  -0.300E-04   0.230E-05  -0.286E-04   0.460E-05   0.561E-04   0.358E-05   -21.8155     1.6182  CK04 CK05 CK11 CK12 CK03 CK10 CK06 CK13
  119.6000   23.0000  11.78  14.50   0.129E-04   0.253E-05  -0.439E-04   0.230E-05   -66.0594     1.2769  -0.284E-04   0.171E-05  -0.310E-04   0.342E-05   0.569E-04   0.262E-05   -21.0594     1.1545  CK11 CK04 CK12 CK05 CK10 CK03 CK18 CK19 CK13 CK06
  119.6500   23.0000  11.93  14.72   0.140E-04   0.256E-05  -0.432E-04   0.248E-05   -63.5581     1.4254  -0.257E-04   0.178E-05  -0.292E-04   0.357E-05   0.572E-04   0.258E-05   -18.5581     1.0787  CK11 CK12 CK04 CK18 CK05 CK19 CK10 CK13 CK03 CK17
  119.7000   23.0000  12.13  14.83   0.146E-04   0.245E-05  -0.466E-04   0.228E-05   -63.7692     1.2414  -0.224E-04   0.167E-05  -0.319E-04   0.334E-05   0.612E-04   0.243E-05   -18.7692     0.9539  CK11 CK12 CK18 CK19 CK10 CK04 CK17 CK05 CK13 CK20
  119.7500   23.0000  12.17  15.04   0.971E-05   0.184E-05  -0.456E-04   0.179E-05   -63.4551     1.0672  -0.234E-04   0.128E-05  -0.359E-04   0.258E-05   0.553E-04   0.185E-05   -18.4551     0.7966  CK18 CK11 CK19 CK12 CK17 CK10 CK25 CK26 CK20 CK04 CK13
  119.8000   23.0000  12.12  15.02   0.109E-04   0.182E-05  -0.437E-04   0.178E-05   -62.4826     1.0952  -0.248E-04   0.127E-05  -0.328E-04   0.255E-05   0.546E-04   0.179E-05   -17.4826     0.7606  CK18 CK19 CK11 CK25 CK12 CK26 CK17 CK20 CK10 CK24
  119.8500   23.0000  12.06  15.21   0.109E-04   0.189E-05  -0.459E-04   0.176E-05   -64.9108     1.0049  -0.233E-04   0.129E-05  -0.349E-04   0.259E-05   0.568E-04   0.193E-05   -19.9108     0.8328  CK18 CK19 CK25 CK26 CK17 CK11 CK24 CK12 CK20 CK27
  119.9000   23.0000  11.80  15.56   0.487E-05   0.176E-05  -0.459E-04   0.172E-05   -64.2873     1.0833  -0.266E-04   0.123E-05  -0.410E-04   0.246E-05   0.508E-04   0.181E-05   -19.2873     0.8637  CK25 CK26 CK18 CK19 CK24 CK32 CK17 CK33 CK27 CK20 CK11
  119.9500   23.0000  11.55  15.72   0.505E-05   0.220E-05  -0.449E-04   0.215E-05   -60.5547     1.5078  -0.285E-04   0.154E-05  -0.399E-04   0.307E-05   0.500E-04   0.206E-05   -15.5547     0.9108  CK25 CK26 CK18 CK32 CK19 CK33 CK24 CK27 CK17 CK31
  120.0000   23.0000  11.34  16.09   0.591E-05   0.198E-05  -0.476E-04   0.195E-05   -61.5467     1.2445  -0.272E-04   0.139E-05  -0.417E-04   0.278E-05   0.535E-04   0.191E-05   -16.5467     0.8147  CK25 CK26 CK32 CK33 CK24 CK18 CK31 CK19 CK27 CK34 CK39
  120.0500   23.0000  11.01  16.29   0.690E-05   0.198E-05  -0.481E-04   0.196E-05   -60.7713     1.2347  -0.271E-04   0.139E-05  -0.412E-04   0.278E-05   0.550E-04   0.188E-05   -15.7713     0.7597  CK32 CK33 CK25 CK26 CK31 CK39 CK24 CK40 CK34 CK27 CK18
  120.1000   23.0000  10.69  16.34   0.132E-04   0.219E-05  -0.469E-04   0.217E-05   -58.7578     1.3026  -0.272E-04   0.154E-05  -0.337E-04   0.308E-05   0.601E-04   0.197E-05   -13.7578     0.6786  CK32 CK33 CK39 CK25 CK40 CK26 CK31 CK34 CK38 CK24
  120.1500   23.0000  10.70  16.39   0.152E-04   0.182E-05  -0.489E-04   0.180E-05   -61.7826     0.9557  -0.248E-04   0.128E-05  -0.337E-04   0.256E-05   0.640E-04   0.177E-05   -16.7826     0.6326  CK32 CK33 CK39 CK40 CK31 CK38 CK25 CK26 CK34 CK41 CK46
  120.2000   23.0000  10.69  16.29   0.160E-04   0.195E-05  -0.474E-04   0.184E-05   -62.3395     0.9963  -0.262E-04   0.134E-05  -0.314E-04   0.268E-05   0.634E-04   0.188E-05   -17.3395     0.6893  CK39 CK40 CK32 CK33 CK38 CK46 CK31 CK47 CK41 CK34
  120.2500   23.0000  10.70  16.26   0.169E-04   0.171E-05  -0.473E-04   0.168E-05   -61.2267     0.9043  -0.268E-04   0.120E-05  -0.304E-04   0.240E-05   0.642E-04   0.164E-05   -16.2267     0.5745  CK39 CK40 CK46 CK32 CK47 CK33 CK38 CK41 CK45 CK31
  120.3000   23.0000  10.89  16.30   0.160E-04   0.164E-05  -0.490E-04   0.153E-05   -63.1978     0.7956  -0.241E-04   0.112E-05  -0.330E-04   0.224E-05   0.650E-04   0.161E-05   -18.1978     0.5868  CK39 CK46 CK40 CK47 CK38 CK45 CK32 CK33 CK41 CK48
  120.3500   23.0000  10.98  16.26   0.113E-04   0.236E-05  -0.468E-04   0.188E-05   -63.2808     1.1934  -0.260E-04   0.152E-05  -0.355E-04   0.301E-05   0.581E-04   0.217E-05   -18.2808     0.8940  CK46 CK47 CK39 CK40 CK45 CK38 CK48 CK41
  119.5500   23.0500   8.99  12.37   0.111E-04   0.290E-05  -0.505E-04   0.212E-05   -74.1845     0.8772  -0.294E-04   0.180E-05  -0.394E-04   0.359E-05   0.615E-04   0.320E-05   -29.1845     1.4242  CK05 CK04 CK12 CK11 CK06 CK13 CK03
  119.6000   23.0500   9.38  12.58   0.126E-04   0.186E-05  -0.490E-04   0.167E-05   -69.9062     0.7505  -0.262E-04   0.125E-05  -0.364E-04   0.250E-05   0.616E-04   0.207E-05   -24.9062     0.8884  CK12 CK05 CK11 CK04 CK13 CK06 CK19 CK18 CK10 CK03
  119.6500   23.0500   9.68  12.95   0.122E-04   0.166E-05  -0.528E-04   0.160E-05   -70.6790     0.6334  -0.231E-04   0.115E-05  -0.406E-04   0.230E-05   0.650E-04   0.194E-05   -25.6790     0.7922  CK12 CK11 CK05 CK19 CK04 CK13 CK18 CK06 CK10 CK20
  119.7000   23.0500   9.91  13.07   0.102E-04   0.178E-05  -0.527E-04   0.168E-05   -70.5532     0.7001  -0.218E-04   0.122E-05  -0.424E-04   0.245E-05   0.629E-04   0.205E-05   -25.5532     0.8678  CK12 CK11 CK19 CK18 CK13 CK05 CK20 CK04 CK10
  119.7500   23.0500   9.91  13.01   0.814E-05   0.128E-05  -0.497E-04   0.125E-05   -68.9017     0.5963  -0.220E-04   0.892E-06  -0.415E-04   0.179E-05   0.578E-04   0.146E-05   -23.9017     0.6551  CK19 CK12 CK18 CK11 CK20 CK13 CK26 CK25 CK17 CK05 CK10
  119.8000   23.0500   9.87  13.28   0.617E-05   0.110E-05  -0.533E-04   0.107E-05   -70.4064     0.4685  -0.200E-04   0.767E-06  -0.471E-04   0.154E-05   0.595E-04   0.129E-05   -25.4064     0.5727  CK19 CK18 CK12 CK26 CK11 CK20 CK25 CK13 CK17 CK27
  119.8500   23.0500   9.81  13.40   0.410E-05   0.124E-05  -0.539E-04   0.117E-05   -71.5379     0.5049  -0.220E-04   0.849E-06  -0.498E-04   0.170E-05   0.580E-04   0.145E-05   -26.5379     0.6703  CK19 CK18 CK26 CK25 CK20 CK12 CK27 CK11 CK17
  119.9000   23.0500   9.65  13.40  -0.230E-06   0.121E-05  -0.508E-04   0.118E-05   -68.3852     0.6557  -0.254E-04   0.847E-06  -0.510E-04   0.169E-05   0.505E-04   0.136E-05   -23.3852     0.6992  CK26 CK19 CK25 CK18 CK27 CK20 CK33 CK32 CK24 CK12 CK17
  119.9500   23.0500   9.31  13.91  -0.200E-05   0.125E-05  -0.549E-04   0.121E-05   -69.6246     0.6164  -0.244E-04   0.875E-06  -0.569E-04   0.174E-05   0.529E-04   0.144E-05   -24.6246     0.7189  CK26 CK25 CK19 CK33 CK18 CK27 CK32 CK20 CK34 CK24
  120.0000   23.0500   8.91  14.01  -0.154E-06   0.134E-05  -0.532E-04   0.130E-05   -66.2350     0.7436  -0.243E-04   0.936E-06  -0.533E-04   0.187E-05   0.530E-04   0.144E-05   -21.2350     0.6824  CK26 CK33 CK25 CK32 CK27 CK19 CK34 CK18 CK24 CK40 CK31
  120.0500   23.0500   8.54  14.44   0.203E-05   0.133E-05  -0.570E-04   0.135E-05   -67.9674     0.6388  -0.231E-04   0.950E-06  -0.550E-04   0.189E-05   0.591E-04   0.151E-05   -22.9674     0.6623  CK33 CK32 CK26 CK25 CK34 CK40 CK27 CK39 CK31 CK19
  120.1000   23.0500   8.37  14.53   0.505E-05   0.145E-05  -0.562E-04   0.141E-05   -68.0658     0.6557  -0.224E-04   0.101E-05  -0.511E-04   0.202E-05   0.612E-04   0.162E-05   -23.0658     0.6821  CK33 CK32 CK40 CK26 CK39 CK34 CK25 CK41 CK27 CK31
  120.1500   23.0500   8.23  14.39   0.110E-04   0.142E-05  -0.538E-04   0.139E-05   -65.5811     0.6634  -0.223E-04   0.992E-06  -0.428E-04   0.199E-05   0.647E-04   0.151E-05   -20.5811     0.5780  CK33 CK40 CK32 CK39 CK34 CK41 CK26 CK25 CK31 CK47 CK38
  120.2000   23.0500   8.13  14.61   0.129E-04   0.164E-05  -0.573E-04   0.157E-05   -67.5857     0.6544  -0.210E-04   0.113E-05  -0.443E-04   0.227E-05   0.702E-04   0.180E-05   -22.5857     0.6558  CK40 CK39 CK33 CK32 CK41 CK47 CK34 CK46 CK38
  120.2500   23.0500   8.36  14.49   0.125E-04   0.146E-05  -0.548E-04   0.143E-05   -68.2406     0.5992  -0.218E-04   0.102E-05  -0.423E-04   0.205E-05   0.673E-04   0.164E-05   -23.2406     0.6279  CK40 CK39 CK47 CK33 CK46 CK41 CK32 CK48 CK38 CK34
  120.3000   23.0500   8.50  14.34   0.138E-04   0.150E-05  -0.524E-04   0.137E-05   -67.2980     0.6260  -0.224E-04   0.101E-05  -0.386E-04   0.203E-05   0.661E-04   0.160E-05   -22.2980     0.6161  CK40 CK47 CK39 CK46 CK41 CK48 CK33 CK32 CK38 CK45
  120.3500   23.0500   8.64  14.46   0.112E-04   0.232E-05  -0.542E-04   0.180E-05   -68.2005     0.8865  -0.216E-04   0.148E-05  -0.430E-04   0.293E-05   0.653E-04   0.235E-05   -23.2005     0.9374  CK47 CK46 CK40 CK39 CK48 CK41 CK45
  119.5500   23.1000   6.62  10.25   0.167E-04   0.252E-05  -0.548E-04   0.197E-05   -75.1983     0.6335  -0.259E-04   0.160E-05  -0.381E-04   0.320E-05   0.714E-04   0.289E-05   -30.1983     1.1150  CK05 CK12 CK06 CK04 CK13 CK11
  119.6000   23.1000   7.11  10.55   0.134E-04   0.156E-05  -0.559E-04   0.154E-05   -74.5509     0.4648  -0.228E-04   0.109E-05  -0.425E-04   0.219E-05   0.693E-04   0.196E-05   -29.5509     0.7766  CK12 CK05 CK13 CK06 CK11 CK04 CK19 CK20
  119.6500   23.1000   7.51  10.74   0.118E-04   0.124E-05  -0.558E-04   0.130E-05   -74.3952     0.3946  -0.205E-04   0.898E-06  -0.440E-04   0.180E-05   0.676E-04   0.161E-05   -29.3952     0.6513  CK12 CK13 CK05 CK11 CK19 CK06 CK20 CK04 CK18
  119.7000   23.1000   7.82  10.85   0.104E-04   0.118E-05  -0.558E-04   0.121E-05   -74.0582     0.3855  -0.189E-04   0.843E-06  -0.455E-04   0.169E-05   0.662E-04   0.150E-05   -29.0582     0.6197  CK12 CK19 CK13 CK11 CK20 CK18 CK05 CK06 CK04
  119.7500   23.1000   7.90  10.92   0.626E-05   0.865E-06  -0.563E-04   0.948E-06   -73.9348     0.3125  -0.179E-04   0.641E-06  -0.501E-04   0.128E-05   0.626E-04   0.114E-05   -28.9348     0.4973  CK19 CK12 CK20 CK13 CK18 CK11 CK26 CK27 CK05 CK25
  119.8000   23.1000   7.97  11.00   0.403E-05   0.881E-06  -0.571E-04   0.915E-06   -72.9897     0.3333  -0.180E-04   0.635E-06  -0.530E-04   0.127E-05   0.611E-04   0.111E-05   -27.9897     0.4940  CK19 CK20 CK12 CK18 CK26 CK13 CK27 CK11 CK25
  119.8500   23.1000   7.81  11.07   0.160E-05   0.759E-06  -0.577E-04   0.826E-06   -72.9519     0.3035  -0.187E-04   0.563E-06  -0.561E-04   0.112E-05   0.593E-04   0.980E-06   -27.9519     0.4501  CK19 CK26 CK20 CK18 CK27 CK25 CK12 CK13 CK11 CK33
  119.9000   23.1000   7.63  11.22  -0.223E-05   0.787E-06  -0.579E-04   0.855E-06   -74.0503     0.3157  -0.207E-04   0.585E-06  -0.601E-04   0.116E-05   0.556E-04   0.103E-05   -29.0503     0.5111  CK26 CK19 CK27 CK25 CK20 CK18 CK33 CK34 CK12 CK32
  119.9500   23.1000   7.29  11.52  -0.407E-05   0.916E-06  -0.586E-04   0.946E-06   -74.1893     0.3621  -0.208E-04   0.663E-06  -0.627E-04   0.132E-05   0.546E-04   0.117E-05   -29.1893     0.5930  CK26 CK27 CK25 CK19 CK33 CK20 CK34 CK18 CK32
  120.0000   23.1000   6.83  11.81  -0.546E-05   0.820E-06  -0.592E-04   0.890E-06   -73.7465     0.3464  -0.203E-04   0.609E-06  -0.646E-04   0.121E-05   0.537E-04   0.107E-05   -28.7465     0.5478  CK26 CK33 CK27 CK25 CK34 CK32 CK19 CK20 CK18 CK40
  120.0500   23.1000   6.55  12.01  -0.145E-05   0.960E-06  -0.596E-04   0.105E-05   -73.8141     0.3752  -0.198E-04   0.714E-06  -0.610E-04   0.142E-05   0.581E-04   0.126E-05   -28.8141     0.5945  CK33 CK26 CK34 CK32 CK27 CK25 CK40 CK41 CK39 CK19
  120.1000   23.1000   6.29  12.19   0.852E-06   0.121E-05  -0.596E-04   0.127E-05   -72.8489     0.4684  -0.190E-04   0.877E-06  -0.588E-04   0.175E-05   0.605E-04   0.153E-05   -27.8489     0.6864  CK33 CK34 CK40 CK32 CK26 CK41 CK27 CK39 CK25
  120.1500   23.1000   6.13  12.22   0.360E-05   0.118E-05  -0.598E-04   0.129E-05   -72.1563     0.4604  -0.185E-04   0.869E-06  -0.562E-04   0.175E-05   0.634E-04   0.151E-05   -27.1563     0.6379  CK33 CK40 CK34 CK32 CK41 CK39 CK26 CK27 CK47 CK25
  120.2000   23.1000   6.13  12.24   0.835E-05   0.128E-05  -0.583E-04   0.140E-05   -72.6411     0.4642  -0.186E-04   0.941E-06  -0.500E-04   0.190E-05   0.667E-04   0.165E-05   -27.6411     0.6646  CK40 CK33 CK41 CK39 CK34 CK32 CK47 CK48 CK46 CK26
  120.2500   23.1000   6.25  12.24   0.938E-05   0.150E-05  -0.578E-04   0.156E-05   -72.5666     0.5275  -0.185E-04   0.107E-05  -0.484E-04   0.216E-05   0.672E-04   0.188E-05   -27.5666     0.7509  CK40 CK41 CK47 CK39 CK33 CK48 CK34 CK46 CK32
  120.3000   23.1000   6.42  12.24   0.907E-05   0.150E-05  -0.567E-04   0.152E-05   -72.8347     0.5247  -0.188E-04   0.106E-05  -0.476E-04   0.214E-05   0.658E-04   0.186E-05   -27.8347     0.7631  CK40 CK47 CK41 CK48 CK39 CK46 CK33 CK34 CK32
  120.3500   23.1000   6.59  12.29   0.832E-05   0.268E-05  -0.549E-04   0.213E-05   -73.6793     0.8365  -0.197E-04   0.171E-05  -0.466E-04   0.343E-05   0.633E-04   0.303E-05   -28.6793     1.3068  CK47 CK40 CK48 CK46 CK41 CK39
  119.5500   23.1500   4.87   8.46   0.185E-04   0.193E-05  -0.408E-04   0.132E-05   -75.5721     0.5445  -0.204E-04   0.117E-05  -0.224E-04   0.234E-05   0.593E-04   0.212E-05   -30.5721     0.9901  CK05 CK06 CK12 CK13 CK04 CK07 CK11 CK14
  119.6000   23.1500   5.43   8.64   0.143E-04   0.118E-05  -0.427E-04   0.105E-05   -73.5107     0.4319  -0.180E-04   0.791E-06  -0.284E-04   0.158E-05   0.570E-04   0.139E-05   -28.5107     0.6672  CK12 CK13 CK05 CK06 CK11 CK19 CK04 CK14 CK20 CK07
  119.6500   23.1500   5.82   8.64   0.131E-04   0.103E-05  -0.462E-04   0.992E-06   -74.1593     0.3625  -0.185E-04   0.715E-06  -0.330E-04   0.143E-05   0.593E-04   0.127E-05   -29.1593     0.5874  CK12 CK13 CK05 CK06 CK19 CK20 CK11 CK14 CK04 CK18
  119.7000   23.1500   6.22   8.92   0.119E-04   0.111E-05  -0.417E-04   0.102E-05   -75.0029     0.4034  -0.171E-04   0.754E-06  -0.298E-04   0.151E-05   0.535E-04   0.136E-05   -30.0029     0.6989  CK12 CK13 CK19 CK20 CK05 CK11 CK06 CK14 CK18 CK21
  119.7500   23.1500   6.35   8.93   0.743E-05   0.782E-06  -0.426E-04   0.792E-06   -71.8996     0.3763  -0.151E-04   0.557E-06  -0.352E-04   0.111E-05   0.500E-04   0.956E-06   -26.8996     0.5141  CK19 CK20 CK12 CK13 CK18 CK26 CK27 CK11 CK21 CK14 CK05 CK06
  119.8000   23.1500   6.45   8.97   0.372E-05   0.944E-06  -0.461E-04   0.908E-06   -71.6686     0.4498  -0.153E-04   0.655E-06  -0.424E-04   0.131E-05   0.498E-04   0.112E-05   -26.6686     0.6047  CK19 CK20 CK12 CK13 CK26 CK27 CK18 CK21 CK11 CK25
  119.8500   23.1500   6.43   9.01   0.256E-05   0.976E-06  -0.442E-04   0.886E-06   -72.1975     0.4697  -0.157E-04   0.661E-06  -0.417E-04   0.132E-05   0.468E-04   0.114E-05   -27.1975     0.6574  CK19 CK20 CK26 CK27 CK18 CK12 CK13 CK21 CK25 CK28
  119.9000   23.1500   6.17   9.13  -0.258E-05   0.841E-06  -0.459E-04   0.806E-06   -71.5687     0.4618  -0.154E-04   0.585E-06  -0.485E-04   0.116E-05   0.433E-04   0.995E-06   -26.5687     0.6191  CK26 CK27 CK19 CK20 CK25 CK33 CK34 CK28 CK18 CK21 CK12
  119.9500   23.1500   5.79   9.16  -0.459E-05   0.818E-06  -0.506E-04   0.781E-06   -74.6598     0.3586  -0.177E-04   0.568E-06  -0.552E-04   0.113E-05   0.460E-04   0.101E-05   -29.6598     0.6082  CK26 CK27 CK19 CK33 CK20 CK34 CK25 CK28 CK18 CK32
  120.0000   23.1500   5.35   9.68  -0.605E-05   0.943E-06  -0.466E-04   0.843E-06   -75.4068     0.4354  -0.187E-04   0.635E-06  -0.527E-04   0.126E-05   0.406E-04   0.115E-05   -30.4068     0.7834  CK26 CK27 CK33 CK34 CK25 CK19 CK20 CK28 CK32 CK35
  120.0500   23.1500   5.02   9.87  -0.558E-05   0.993E-06  -0.474E-04   0.897E-06   -72.4482     0.5268  -0.159E-04   0.670E-06  -0.530E-04   0.134E-05   0.418E-04   0.116E-05   -27.4482     0.7511  CK33 CK34 CK26 CK27 CK32 CK40 CK41 CK35 CK25 CK28
  120.1000   23.1500   4.70   9.98  -0.213E-06   0.108E-05  -0.493E-04   0.104E-05   -72.1234     0.5111  -0.166E-04   0.749E-06  -0.495E-04   0.150E-05   0.491E-04   0.129E-05   -27.1234     0.7098  CK33 CK34 CK40 CK26 CK41 CK27 CK32 CK35 CK39 CK25
  120.1500   23.1500   4.63  10.06   0.318E-05   0.102E-05  -0.467E-04   0.990E-06   -73.5806     0.4440  -0.144E-04   0.710E-06  -0.435E-04   0.142E-05   0.499E-04   0.126E-05   -28.5806     0.6858  CK33 CK34 CK40 CK41 CK32 CK26 CK27 CK35 CK39 CK42 CK47
  120.2000   23.1500   4.62  10.14   0.738E-05   0.125E-05  -0.478E-04   0.114E-05   -73.0804     0.4905  -0.120E-04   0.844E-06  -0.404E-04   0.170E-05   0.552E-04   0.149E-05   -28.0804     0.7279  CK40 CK41 CK33 CK34 CK47 CK39 CK48 CK42 CK32 CK35
  120.2500   23.1500   4.81   9.93   0.716E-05   0.122E-05  -0.501E-04   0.117E-05   -75.2003     0.4176  -0.139E-04   0.840E-06  -0.430E-04   0.169E-05   0.573E-04   0.153E-05   -30.2003     0.7306  CK40 CK41 CK47 CK48 CK33 CK34 CK39 CK42 CK46 CK32
  120.3000   23.1500   5.10  10.00   0.791E-05   0.120E-05  -0.468E-04   0.107E-05   -77.4450     0.3567  -0.136E-04   0.798E-06  -0.388E-04   0.160E-05   0.547E-04   0.149E-05   -32.4450     0.7577  CK40 CK41 CK47 CK48 CK39 CK33 CK46 CK34 CK42 CK49
  120.3500   23.1500   5.36  10.11   0.720E-05   0.176E-05  -0.464E-04   0.121E-05   -77.9964     0.4637  -0.140E-04   0.107E-05  -0.392E-04   0.213E-05   0.536E-04   0.200E-05   -32.9964     1.0413  CK47 CK48 CK40 CK41 CK46 CK49 CK39 CK42
  119.5500   23.2000   3.26   6.72   0.196E-04   0.220E-05  -0.314E-04   0.159E-05   -73.9073     0.8105  -0.160E-04   0.136E-05  -0.118E-04   0.271E-05   0.511E-04   0.241E-05   -28.9073     1.2902  CK06 CK13 CK05 CK12 CK07 CK14 CK04
  119.6000   23.2000   3.73   6.66   0.155E-04   0.125E-05  -0.282E-04   0.124E-05   -73.6948     0.6222  -0.140E-04   0.886E-06  -0.127E-04   0.176E-05   0.438E-04   0.156E-05   -28.6948     0.9764  CK13 CK06 CK12 CK05 CK14 CK07 CK20 CK19
  119.6500   23.2000   4.33   7.08   0.133E-04   0.101E-05  -0.321E-04   0.975E-06   -74.4285     0.4579  -0.150E-04   0.701E-06  -0.188E-04   0.140E-05   0.453E-04   0.125E-05   -29.4285     0.7581  CK13 CK12 CK06 CK20 CK14 CK05 CK19 CK07 CK21 CK11
  119.7000   23.2000   4.77   7.21   0.113E-04   0.106E-05  -0.321E-04   0.102E-05   -73.2517     0.5359  -0.143E-04   0.735E-06  -0.208E-04   0.147E-05   0.434E-04   0.129E-05   -28.2517     0.8089  CK13 CK20 CK12 CK19 CK14 CK06 CK21 CK05 CK07 CK11
  119.7500   23.2000   4.88   7.03   0.686E-05   0.111E-05  -0.286E-04   0.121E-05   -69.5974     0.8679  -0.130E-04   0.822E-06  -0.217E-04   0.164E-05   0.355E-04   0.136E-05   -24.5974     1.0053  CK20 CK13 CK19 CK12 CK21 CK14 CK27 CK26 CK06
  119.8000   23.2000   5.09   7.19   0.459E-05   0.108E-05  -0.338E-04   0.105E-05   -67.9943     0.7803  -0.123E-04   0.753E-06  -0.292E-04   0.151E-05   0.384E-04   0.120E-05   -22.9943     0.8077  CK20 CK19 CK13 CK27 CK21 CK12 CK26 CK14 CK28 CK18
  119.8500   23.2000   4.97   7.12   0.272E-05   0.923E-06  -0.348E-04   0.945E-06   -67.4438     0.7141  -0.115E-04   0.661E-06  -0.321E-04   0.132E-05   0.375E-04   0.104E-05   -22.4438     0.7113  CK20 CK27 CK19 CK26 CK21 CK28 CK13 CK12 CK34 CK18 CK14
  119.9000   23.2000   4.63   7.04  -0.105E-05   0.102E-05  -0.331E-04   0.111E-05   -70.3493     0.8529  -0.107E-04   0.754E-06  -0.342E-04   0.151E-05   0.321E-04   0.126E-05   -25.3493     1.0420  CK27 CK20 CK26 CK19 CK28 CK21 CK34 CK33 CK13
  119.9500   23.2000   4.42   7.44  -0.472E-05   0.994E-06  -0.371E-04   0.963E-06   -70.8081     0.7596  -0.141E-04   0.695E-06  -0.418E-04   0.138E-05   0.324E-04   0.117E-05   -25.8081     0.9635  CK27 CK26 CK20 CK34 CK28 CK19 CK33 CK21 CK35 CK25
  120.0000   23.2000   4.02   7.50  -0.568E-05   0.850E-06  -0.385E-04   0.861E-06   -73.4722     0.5756  -0.155E-04   0.608E-06  -0.442E-04   0.121E-05   0.328E-04   0.107E-05   -28.4722     0.8887  CK27 CK34 CK26 CK33 CK28 CK35 CK20 CK19 CK41 CK25
  120.0500   23.2000   3.61   7.77  -0.491E-05   0.889E-06  -0.368E-04   0.907E-06   -73.0014     0.6371  -0.153E-04   0.635E-06  -0.417E-04   0.127E-05   0.319E-04   0.111E-05   -28.0014     0.9446  CK34 CK27 CK33 CK26 CK35 CK28 CK41 CK40 CK20 CK32
  120.1000   23.2000   3.41   8.01  -0.141E-05   0.100E-05  -0.375E-04   0.979E-06   -73.7075     0.5999  -0.123E-04   0.701E-06  -0.389E-04   0.140E-05   0.361E-04   0.124E-05   -28.7075     0.9386  CK34 CK33 CK41 CK27 CK35 CK40 CK26 CK42 CK28 CK32
  120.1500   23.2000   3.19   7.89   0.221E-05   0.102E-05  -0.339E-04   0.111E-05   -74.1506     0.6284  -0.887E-05   0.754E-06  -0.317E-04   0.151E-05   0.361E-04   0.134E-05   -29.1506     1.0175  CK34 CK41 CK33 CK40 CK35 CK42 CK27 CK26 CK48
  120.2000   23.2000   3.37   8.08   0.880E-05   0.103E-05  -0.387E-04   0.989E-06   -75.5087     0.4176  -0.855E-05   0.712E-06  -0.299E-04   0.143E-05   0.475E-04   0.130E-05   -30.5087     0.7507  CK41 CK34 CK40 CK33 CK42 CK35 CK48 CK47 CK49 CK39
  120.2500   23.2000   3.65   7.96   0.789E-05   0.981E-06  -0.396E-04   0.955E-06   -77.0524     0.3610  -0.859E-05   0.682E-06  -0.317E-04   0.137E-05   0.475E-04   0.127E-05   -32.0524     0.7402  CK41 CK40 CK48 CK34 CK42 CK47 CK33 CK49 CK35 CK39
  120.3000   23.2000   3.73   7.78   0.559E-05   0.816E-06  -0.385E-04   0.820E-06   -83.4513     0.1703  -0.667E-05   0.578E-06  -0.329E-04   0.116E-05   0.441E-04   0.113E-05   -38.4513     0.7320  CK41 CK48 CK40 CK47 CK42 CK49 CK34 CK33
  120.3500   23.2000   4.22   7.97   0.918E-05   0.125E-05  -0.402E-04   0.877E-06   -83.4557     0.2009  -0.973E-05   0.764E-06  -0.310E-04   0.153E-05   0.493E-04   0.150E-05   -38.4557     0.8642  CK48 CK41 CK47 CK40 CK49 CK42 CK46
  119.5500   23.2500   1.91   5.41   0.175E-04   0.234E-05  -0.228E-04   0.180E-05   -76.5754     0.9491  -0.124E-04   0.148E-05  -0.529E-05   0.296E-05   0.403E-04   0.272E-05   -31.5754     1.8774  CK06 CK13 CK07 CK14 CK05 CK12
  119.6000   23.2500   2.55   5.55   0.149E-04   0.122E-05  -0.229E-04   0.121E-05   -73.8695     0.6969  -0.128E-04   0.862E-06  -0.806E-05   0.172E-05   0.378E-04   0.153E-05   -28.8695     1.1057  CK13 CK06 CK14 CK07 CK12 CK05 CK20 CK21
  119.6500   23.2500   3.08   5.75   0.128E-04   0.955E-06  -0.233E-04   0.997E-06   -73.5155     0.5957  -0.132E-04   0.690E-06  -0.106E-04   0.138E-05   0.361E-04   0.122E-05   -28.5155     0.9179  CK13 CK14 CK06 CK20 CK12 CK07 CK21 CK05 CK19
  119.7000   23.2500   3.52   5.92   0.114E-04   0.104E-05  -0.230E-04   0.107E-05   -72.5342     0.7118  -0.133E-04   0.743E-06  -0.116E-04   0.149E-05   0.343E-04   0.129E-05   -27.5342     1.0170  CK13 CK20 CK14 CK21 CK12 CK06 CK19 CK07 CK05
  119.7500   23.2500   3.71   5.85   0.862E-05   0.113E-05  -0.241E-04   0.122E-05   -67.7562     1.0198  -0.115E-04   0.832E-06  -0.155E-04   0.166E-05   0.328E-04   0.132E-05   -22.7562     1.0382  CK20 CK13 CK21 CK14 CK19 CK12 CK27 CK28 CK06
  119.8000   23.2500   3.86   5.90   0.541E-05   0.122E-05  -0.261E-04   0.127E-05   -65.6582     1.2006  -0.992E-05   0.880E-06  -0.207E-04   0.176E-05   0.316E-04   0.134E-05   -20.6582     1.0553  CK20 CK21 CK13 CK27 CK19 CK14 CK28 CK12 CK26
  119.8500   23.2500   3.79   5.78   0.347E-05   0.106E-05  -0.276E-04   0.115E-05   -65.0393     1.1041  -0.917E-05   0.783E-06  -0.241E-04   0.157E-05   0.311E-04   0.117E-05   -20.0393     0.9291  CK20 CK27 CK21 CK28 CK19 CK26 CK13 CK14 CK34 CK12
  119.9000   23.2500   3.56   5.75  -0.128E-06   0.116E-05  -0.276E-04   0.124E-05   -64.1478     1.3850  -0.102E-04   0.847E-06  -0.278E-04   0.169E-05   0.275E-04   0.124E-05   -19.1478     1.0936  CK27 CK20 CK28 CK21 CK26 CK19 CK34 CK35 CK13
  119.9500   23.2500   3.24   5.89  -0.466E-05   0.111E-05  -0.290E-04   0.116E-05   -66.1699     1.3968  -0.123E-04   0.803E-06  -0.337E-04   0.161E-05   0.244E-04   0.123E-05   -21.1699     1.2728  CK27 CK28 CK20 CK34 CK26 CK21 CK35 CK19 CK33
  120.0000   23.2500   2.84   6.02  -0.523E-05   0.100E-05  -0.282E-04   0.108E-05   -66.6197     1.3379  -0.139E-04   0.737E-06  -0.334E-04   0.147E-05   0.230E-04   0.114E-05   -21.6197     1.2581  CK27 CK34 CK28 CK35 CK26 CK33 CK20 CK21 CK41
  120.0500   23.2500   2.55   6.15  -0.295E-05   0.107E-05  -0.292E-04   0.117E-05   -71.5921     1.0413  -0.134E-04   0.795E-06  -0.321E-04   0.159E-05   0.262E-04   0.136E-05   -26.5921     1.3911  CK34 CK27 CK35 CK28 CK33 CK26 CK41 CK42 CK20
  120.1000   23.2500   2.32   6.40  -0.483E-07   0.119E-05  -0.299E-04   0.125E-05   -71.8346     0.9817  -0.111E-04   0.862E-06  -0.299E-04   0.172E-05   0.298E-04   0.148E-05   -26.8346     1.3349  CK34 CK35 CK41 CK27 CK33 CK42 CK28 CK40 CK26
  120.1500   23.2500   2.26   6.40   0.422E-05   0.113E-05  -0.302E-04   0.124E-05   -73.8024     0.7497  -0.815E-05   0.842E-06  -0.260E-04   0.168E-05   0.345E-04   0.149E-05   -28.8024     1.1815  CK34 CK41 CK35 CK42 CK33 CK40 CK27 CK28 CK48
  120.2000   23.2500   2.38   6.42   0.966E-05   0.102E-05  -0.324E-04   0.106E-05   -75.5272     0.4856  -0.521E-05   0.736E-06  -0.227E-04   0.147E-05   0.420E-04   0.134E-05   -30.5272     0.8780  CK41 CK34 CK42 CK35 CK40 CK33 CK48 CK49 CK47
  120.2500   23.2500   2.74   6.19   0.871E-05   0.926E-06  -0.334E-04   0.978E-06   -78.2761     0.3641  -0.513E-05   0.673E-06  -0.247E-04   0.135E-05   0.422E-04   0.126E-05   -33.2761     0.8394  CK41 CK42 CK48 CK34 CK40 CK49 CK35 CK47 CK33
  120.3000   23.2500   3.08   6.06   0.867E-05   0.946E-06  -0.341E-04   0.951E-06   -81.3556     0.2667  -0.509E-05   0.671E-06  -0.255E-04   0.134E-05   0.428E-04   0.130E-05   -36.3556     0.8568  CK41 CK48 CK42 CK49 CK40 CK47 CK34 CK35
  120.3500   23.2500   3.46   6.04   0.711E-05   0.121E-05  -0.359E-04   0.919E-06   -84.7354     0.1848  -0.661E-05   0.758E-06  -0.288E-04   0.152E-05   0.430E-04   0.150E-05   -39.7354     0.9942  CK48 CK41 CK49 CK42 CK47 CK40
  119.5500   23.3000   1.04   4.51   0.149E-04   0.200E-05  -0.197E-04   0.163E-05   -76.6008     0.9615  -0.101E-04   0.129E-05  -0.477E-05   0.257E-05   0.346E-04   0.237E-05   -31.6008     1.9020  CK07 CK06 CK14 CK13 CK05 CK12
  119.6000   23.3000   1.56   4.66   0.128E-04   0.989E-06  -0.193E-04   0.105E-05   -74.5921     0.6619  -0.112E-04   0.722E-06  -0.650E-05   0.144E-05   0.320E-04   0.129E-05   -29.5921     1.1094  CK14 CK13 CK07 CK06 CK21 CK12 CK20 CK05
  119.6500   23.3000   2.03   4.81   0.122E-04   0.969E-06  -0.170E-04   0.113E-05   -73.2993     0.8057  -0.119E-04   0.743E-06  -0.485E-05   0.149E-05   0.292E-04   0.131E-05   -28.2993     1.2189  CK14 CK13 CK07 CK06 CK21 CK20 CK12
  119.7000   23.3000   2.47   5.08   0.108E-04   0.972E-06  -0.179E-04   0.106E-05   -73.3617     0.7908  -0.128E-04   0.718E-06  -0.709E-05   0.144E-05   0.287E-04   0.127E-05   -28.3617     1.1997  CK14 CK13 CK21 CK20 CK07 CK06 CK12 CK19
  119.7500   23.3000   2.64   5.04   0.861E-05   0.932E-06  -0.198E-04   0.109E-05   -66.7279     1.0513  -0.106E-04   0.717E-06  -0.112E-04   0.144E-05   0.284E-04   0.112E-05   -21.7279     0.9939  CK21 CK20 CK14 CK13 CK28 CK27 CK19 CK12 CK07 CK06
  119.8000   23.3000   2.80   4.99   0.733E-05   0.151E-05  -0.192E-04   0.168E-05   -61.8482     2.0280  -0.791E-05   0.113E-05  -0.119E-04   0.226E-05   0.265E-04   0.157E-05   -16.8482     1.3523  CK21 CK20 CK14 CK13 CK28 CK27 CK19
  119.8500   23.3000   2.82   4.81   0.601E-05   0.140E-05  -0.237E-04   0.149E-05   -62.7853     1.6009  -0.736E-05   0.102E-05  -0.177E-04   0.204E-05   0.297E-04   0.145E-05   -17.7853     1.1449  CK21 CK20 CK28 CK27 CK14 CK13 CK19 CK26
  119.9000   23.3000   2.55   4.81   0.527E-06   0.121E-05  -0.254E-04   0.131E-05   -58.8767     1.7422  -0.948E-05   0.891E-06  -0.249E-04   0.178E-05   0.259E-04   0.114E-05   -13.8767     0.9168  CK28 CK27 CK21 CK20 CK35 CK34 CK26 CK19 CK14
  119.9500   23.3000   2.20   4.74  -0.299E-05   0.154E-05  -0.239E-04   0.167E-05   -56.6915     2.8580  -0.118E-04   0.114E-05  -0.269E-04   0.227E-05   0.209E-04   0.138E-05   -11.6915     1.2358  CK28 CK27 CK21 CK35 CK20 CK34 CK26
  120.0000   23.3000   1.67   5.01  -0.680E-05   0.119E-05  -0.250E-04   0.126E-05   -62.1609     2.2550  -0.145E-04   0.866E-06  -0.318E-04   0.173E-05   0.182E-04   0.121E-05   -17.1609     1.5395  CK28 CK27 CK35 CK34 CK21 CK20 CK26 CK33
  120.0500   23.3000   1.48   4.97  -0.208E-05   0.140E-05  -0.259E-04   0.151E-05   -69.3508     1.6325  -0.135E-04   0.103E-05  -0.280E-04   0.206E-05   0.239E-04   0.169E-05   -24.3508     1.8584  CK35 CK34 CK28 CK27 CK42 CK41 CK33 CK26
  120.1000   23.3000   1.30   5.16   0.256E-05   0.173E-05  -0.244E-04   0.200E-05   -68.8590     1.8949  -0.108E-04   0.132E-05  -0.218E-04   0.265E-05   0.269E-04   0.215E-05   -23.8590     2.0838  CK35 CK34 CK42 CK28 CK41 CK27 CK33
  120.1500   23.3000   1.44   5.12   0.663E-05   0.122E-05  -0.272E-04   0.140E-05   -72.2093     0.9142  -0.747E-05   0.928E-06  -0.206E-04   0.186E-05   0.338E-04   0.160E-05   -27.2093     1.2778  CK35 CK34 CK42 CK41 CK28 CK27 CK33 CK40 CK49
  120.2000   23.3000   1.58   5.09   0.128E-04   0.101E-05  -0.288E-04   0.111E-05   -72.7141     0.5865  -0.402E-05   0.751E-06  -0.160E-04   0.150E-05   0.416E-04   0.131E-05   -27.7141     0.8510  CK42 CK41 CK35 CK34 CK49 CK48 CK40 CK33
  120.2500   23.3000   2.06   4.69   0.114E-04   0.101E-05  -0.283E-04   0.120E-05   -76.2236     0.5232  -0.346E-05   0.783E-06  -0.169E-04   0.157E-05   0.397E-04   0.143E-05   -31.2236     1.0027  CK42 CK41 CK49 CK48 CK35 CK34 CK40
  120.3000   23.3000   2.52   4.49   0.977E-05   0.838E-06  -0.318E-04   0.910E-06   -79.9599     0.2929  -0.415E-05   0.619E-06  -0.220E-04   0.124E-05   0.415E-04   0.118E-05   -34.9599     0.8013  CK42 CK41 CK49 CK48 CK35 CK34 CK40 CK47
  120.3500   23.3000   2.96   4.33   0.740E-05   0.109E-05  -0.337E-04   0.887E-06   -84.0085     0.2034  -0.565E-05   0.703E-06  -0.263E-04   0.141E-05   0.411E-04   0.138E-05   -39.0085     0.9582  CK49 CK48 CK42 CK41 CK47 CK40
  119.5500   23.3500   0.53   3.88   0.109E-04   0.142E-05  -0.105E-04   0.156E-05   -80.8684     0.8854  -0.455E-05   0.105E-05   0.373E-06   0.211E-05   0.214E-04   0.203E-05   -35.8684     2.6834  CK07 CK14 CK06 CK13
  119.6000   23.3500   0.91   4.06   0.990E-05   0.790E-06  -0.978E-05   0.114E-05   -79.5008     0.7229  -0.707E-05   0.693E-06   0.114E-06   0.139E-05   0.197E-04   0.132E-05   -34.5008     1.8844  CK14 CK07 CK13 CK06 CK21 CK20
  119.6500   23.3500   1.28   4.29   0.975E-05   0.840E-06  -0.919E-05   0.124E-05   -77.0999     0.9862  -0.861E-05   0.748E-06   0.557E-06   0.150E-05   0.189E-04   0.139E-05   -32.0999     2.0368  CK14 CK13 CK07 CK21 CK06 CK20
  119.7000   23.3500   1.64   4.62   0.961E-05   0.948E-06  -0.754E-05   0.135E-05   -74.3029     1.4368  -0.994E-05   0.823E-06   0.207E-05   0.165E-05   0.171E-04   0.147E-05   -29.3029     2.3469  CK14 CK21 CK13 CK20 CK07 CK06
  119.7500   23.3500   1.77   4.60   0.828E-05   0.135E-05  -0.104E-04   0.170E-05   -59.4036     2.9197  -0.877E-05   0.108E-05  -0.210E-05   0.217E-05   0.187E-04   0.141E-05   -14.4036     1.6015  CK21 CK14 CK20 CK13 CK28 CK27 CK07
  119.8000   23.3500   1.92   4.61   0.885E-05   0.194E-05  -0.123E-04   0.219E-05   -53.3052     3.8006  -0.680E-05   0.146E-05  -0.346E-05   0.293E-05   0.212E-04   0.163E-05    -8.3052     1.1338  CK21 CK20 CK14 CK28 CK13 CK27
  119.8500   23.3500   1.79   4.44   0.766E-05   0.174E-05  -0.150E-04   0.184E-05   -48.1538     3.1775  -0.684E-05   0.127E-05  -0.738E-05   0.253E-05   0.227E-04   0.129E-05    -3.1538     0.3512  CK21 CK28 CK20 CK27 CK14 CK13 CK35
  119.9000   23.3500   1.54   4.21   0.350E-05   0.197E-05  -0.184E-04   0.204E-05   -47.3306     3.6943  -0.863E-05   0.142E-05  -0.149E-04   0.284E-05   0.219E-04   0.143E-05    -2.3306     0.3012  CK28 CK21 CK27 CK20 CK35 CK34 CK14
  119.9500   23.3500   1.18   4.10  -0.838E-06   0.242E-05  -0.194E-04   0.245E-05   -45.8307     5.3086  -0.106E-04   0.172E-05  -0.202E-04   0.344E-05   0.186E-04   0.172E-05    -0.8307     0.1540  CK28 CK27 CK21 CK35 CK20 CK34
  120.0000   23.3500   0.79   4.13  -0.215E-05   0.181E-05  -0.186E-04   0.205E-05   -52.4842     4.6013  -0.120E-04   0.137E-05  -0.208E-04   0.274E-05   0.165E-04   0.150E-05    -7.4842     1.2302  CK28 CK35 CK27 CK34 CK21 CK20 CK42
  120.0500   23.3500   0.45   4.30   0.601E-06   0.194E-05  -0.183E-04   0.234E-05   -56.5101     4.2320  -0.124E-04   0.152E-05  -0.177E-04   0.304E-05   0.189E-04   0.184E-05   -11.5101     1.7981  CK35 CK28 CK34 CK27 CK42 CK41 CK21
  120.1000   23.3500   0.28   4.37   0.457E-05   0.242E-05  -0.184E-04   0.307E-05   -61.9156     4.0443  -0.113E-04   0.196E-05  -0.139E-04   0.391E-05   0.230E-04   0.272E-05   -16.9156     2.7106  CK35 CK34 CK42 CK28 CK41 CK27
  120.1500   23.3500   0.53   4.23   0.101E-04   0.170E-05  -0.194E-04   0.233E-05   -64.9794     2.1433  -0.760E-05   0.144E-05  -0.930E-05   0.288E-05   0.296E-04   0.216E-05   -19.9794     1.7958  CK35 CK42 CK34 CK41 CK28 CK27 CK49
  120.2000   23.3500   0.93   3.94   0.123E-04   0.108E-05  -0.219E-04   0.160E-05   -70.7530     1.0106  -0.432E-05   0.968E-06  -0.957E-05   0.194E-05   0.341E-04   0.163E-05   -25.7530     1.2708  CK42 CK35 CK41 CK34 CK49 CK48 CK28
  120.2500   23.3500   1.40   3.58   0.133E-04   0.983E-06  -0.232E-04   0.141E-05   -73.0518     0.7527  -0.315E-05   0.860E-06  -0.982E-05   0.172E-05   0.365E-04   0.151E-05   -28.0518     1.1202  CK42 CK41 CK49 CK35 CK48 CK34
  120.3000   23.3500   1.98   3.17   0.113E-04   0.858E-06  -0.251E-04   0.123E-05   -76.8718     0.5221  -0.296E-05   0.750E-06  -0.139E-04   0.150E-05   0.364E-04   0.138E-05   -31.8718     1.0585  CK42 CK49 CK41 CK48 CK35 CK34
  120.3500   23.3500   2.52   2.84   0.773E-05   0.130E-05  -0.277E-04   0.145E-05   -83.1105     0.3750  -0.402E-05   0.973E-06  -0.200E-04   0.195E-05   0.354E-04   0.190E-05   -38.1105     1.5293  CK49 CK42 CK48 CK41
