        **** no. of ground check points =    71 ****
 ..............................................................................

photo no. =      4095

         PHOTO SYSTEM                             GROUND SYSTEM
 pts no. xxxx.xxx yyyy.yyy  weight    xxxxxx.xxx yyyyyy.yyy zzzzzz.zzz weight
          [mm.]    [mm.]  [1/mm.**2]      [m.]       [m.]       [m.]   [1/m.**2]
  409308  -93.672  -46.367  10000.    154470.3002552177.000      5.497   400.
  409309  -96.271   43.988  10000.    154143.7002552877.000      2.062   400.
  409401   -6.418   85.732  10000.    154716.3002553510.000      2.032   400.
  409402     .123   50.754  10000.    154885.6002553252.000      1.772   400.
  409403  -15.468   -5.701  10000.    154949.7002552751.000      2.169   400.
  409404  -12.853  -79.191  10000.    155212.0002552184.000      2.150   400.
  409405  -45.630   64.722  10000.    154475.4002553211.000      2.560   400.
  409406   -5.016  -47.393  10000.    155169.5002552458.000      2.841   400.
  409407  -53.207   -5.774  10000.    154651.6002552626.000      1.322   400.
  409501   77.424  -33.604  10000.    155775.3002552838.000      2.001   400.
  409502   61.908   87.109  10000.    155256.9002553750.000      2.227   400.
  409503  103.207   79.062  10000.    155613.2002553823.000      2.350   400.
  409504   35.114  -27.245  10000.    155420.5002552748.000      1.425   400.
  409505   86.681  -80.426  10000.    155998.3002552500.000      2.655   400.
  409506   34.718  -69.456  10000.    155554.4002552415.000      1.833   400.
  409507   43.021   22.443  10000.    155320.3002553168.000       .894   400.
  409508   94.484   -1.638  10000.    155807.0002553147.000      1.986   400.
  409509   90.540   49.153  10000.    155610.5002553540.000      1.530   400.
  940016   88.528  100.415  10000.    155425.6002553947.000      1.985   400.
  940017   62.310  -93.103  10000.    155847.1002552321.000      2.770   400.
  940018   14.439   96.039  10000.    154848.0002553663.000      1.891   400.
  940019   -8.220   16.919  10000.    154932.1002552954.000      2.804   400.
  940020  -48.586  -52.070  10000.    154842.1002552278.000      1.986   400.
  940021  -58.442 -101.162  10000.    154926.6002551864.000      2.282   400.
  940022  -73.725   11.152  10000.    154433.5002552692.000      3.015   400.
 1340011  -82.247   93.720  10000.    154085.6002553321.000      2.215   400.
 1340012  -71.977   69.320  10000.    154249.9002553160.000      1.254   400.
 1340013     .097   99.554  10000.    154721.8002553643.000      1.701   400.
 1340014   -2.525   55.313  10000.    154849.4002553279.000      1.999   400.
 1340015   91.662   99.337  10000.    155454.3002553948.000      1.885   400.
 1340016  103.094   80.662  10000.    155607.3002553836.000      1.795   400.
 1450007  -86.743  -57.966  10000.    154561.8002552107.000      1.799   400.
 1450008  -89.818  -86.336  10000.    154631.7002551876.000      1.444   400.
 1450009    6.614  -65.879  10000.    155321.7002552351.000      1.497   400.
 1450010   12.642  -82.354  10000.    155422.7002552242.000      1.585   400.
 1450011   81.496  -52.227  10000.    155867.3002552704.000      2.159   400.
 1450012   74.988  -82.127  10000.    155911.9002552448.000      2.426   400.
    5595 -103.997  -51.726  10000.    154407.0002552101.000      5.104   400.
    5594  -49.404  -25.282  10000.    154747.7002552486.000      5.728   400.
    5593    2.452   -4.500  10000.    155087.4002552820.000      5.899   400.
    5592   52.846   12.047  10000.    155431.0002553117.000      6.087   400.
    5591  111.779   27.004  10000.    155848.9002553431.000      6.424   400.

There are  42 points used in the space resection of a single photo.

    X0 =  154947.000   Y0 = 2552766.000   Z0 =  1350.000 [units: meters]
    Focal length =   153.797 mm.
    Initial values:
        omega =       .0000 radians.
        phie  =       .0000 radians.
        kappa =     -1.0000 radians.

    The dimension of normal matrix =   8778


iteration  dxpc<m.>   dypc<m.>   dzpc<m.>  dphie<cc.>  domega<cc.>  dkapa<cc.>

    1       119.972    -95.135   1109.020      6396.7       1640.8    640444.4
    2       121.211    181.543  -1792.266     -1012.1      28047.4    450257.2
    3       -44.454    -56.802    342.751      3771.2       3376.6    -99634.8
    4       -53.350     -2.860    247.097     -1325.1     -12103.3    -77632.1
    5       -29.569     31.241     62.526     -4767.7     -10791.4    -23599.2
    6        -3.016      4.581      1.409      -830.0      -1064.5     -1301.5
    7         -.005       .010      -.013        -2.8         -1.4        -2.0
    8          .000       .000       .000          .0           .0          .0


       pno   mx<mm.>  vmx<mm.>   my<mm.>  vmy<mm.>        X<m.>  VX<m.>        Y<m.>  VY<m.>        Z<m.>  VZ<m.>

    409308  -93.6717    -.0038  -46.3670    -.0047   154470.300    .005  2552177.000    .017        5.497   -.011
    409309  -96.2710    -.0029   43.9885    -.0096   154143.700   -.003  2552877.000    .029        2.062    .003
    409401   -6.4181    -.0060   85.7325    -.0072   154716.300    .008  2553510.000    .026        2.032    .011
    409402     .1227     .0047   50.7542     .0036   154885.600   -.009  2553252.000   -.015        1.772   -.004
    409403  -15.4682    -.0034   -5.7009    -.0019   154949.700    .007  2552751.000    .009        2.169   -.001
    409404  -12.8531    -.0026  -79.1911    -.0025   155212.000    .004  2552184.000    .010        2.150   -.004
    409405  -45.6303     .0016   64.7216    -.0033   154475.400   -.008  2553211.000    .007        2.560    .006
    409406   -5.0158     .0011  -47.3929     .0105   155169.500    .009  2552458.000   -.030        2.841    .009
    409407  -53.2071    -.0035   -5.7742    -.0056   154651.600    .003  2552626.000    .019        1.322   -.004
    409501   77.4240    -.0025  -33.6039     .0031   155775.300    .010  2552838.000   -.006        2.001    .005
    409502   61.9075     .0037   87.1089     .0072   155256.900   -.002  2553750.000   -.023        2.227   -.016
    409503  103.2070    -.0015   79.0620     .0089   155613.200    .014  2553823.000   -.022        2.350   -.011
    409504   35.1143    -.0002  -27.2450    -.0090   155420.500   -.010  2552748.000    .024        1.425   -.004
    409505   86.6808    -.0002  -80.4262     .0053   155998.300    .006  2552500.000   -.014        2.655    .008
    409506   34.7177     .0018  -69.4559     .0045   155554.400    .000  2552415.000   -.014        1.833    .005
    409507   43.0213    -.0021   22.4431    -.0112   155320.300   -.007  2553168.000    .032         .894    .007
    409508   94.4837     .0043   -1.6382     .0078   155807.000   -.003  2553147.000   -.026        1.986   -.008
    409509   90.5396    -.0039   49.1528     .0010   155610.500    .012  2553540.000    .002        1.530    .006
    940016   88.5281    -.0016  100.4155     .0039   155425.600    .009  2553947.000   -.009        1.985   -.005
    940017   62.3097    -.0020  -93.1028     .0076   155847.100    .014  2552321.000   -.018        2.770    .016
    940018   14.4395     .0022   96.0389     .0031   154848.000   -.002  2553663.000   -.011        1.891   -.006
    940019   -8.2204     .0012   16.9189     .0028   154932.100    .000  2552954.000   -.009        2.804   -.001
    940020  -48.5856    -.0002  -52.0705    -.0051   154842.100   -.005  2552278.000    .014        1.986   -.005
    940021  -58.4424     .0007 -101.1625    -.0048   154926.600   -.007  2551864.000    .012        2.282   -.008
    940022  -73.7253    -.0029   11.1524    -.0088   154433.500   -.002  2552692.000    .027        3.015   -.002
   1340011  -82.2474     .0119   93.7199     .0032   154085.600   -.028  2553321.000   -.022        2.215    .012
   1340012  -71.9770     .0132   69.3196     .0029   154249.900   -.032  2553160.000   -.023        1.254    .014
   1340013     .0973     .0118   99.5544     .0046   154721.800   -.026  2553643.000   -.025        1.701   -.009
   1340014   -2.5249     .0072   55.3131    -.0018   154849.400   -.021  2553279.000   -.003        1.999    .002
   1340015   91.6620    -.0059   99.3365    -.0032   155454.300    .012  2553948.000    .015        1.885    .016
   1340016  103.0942    -.0008   80.6619     .0113   155607.300    .015  2553836.000   -.029        1.795   -.016
   1450007  -86.7425     .0008  -57.9660     .0012   154561.800   -.001  2552107.000   -.004        1.799    .002
   1450008  -89.8178    -.0071  -86.3364     .0026   154631.700    .022  2551876.000    .001        1.444   -.008
   1450009    6.6139    -.0026  -65.8792    -.0127   155321.700   -.007  2552351.000    .037        1.497   -.015
   1450010   12.6421    -.0008  -82.3538    -.0021   155422.700    .000  2552242.000    .007        1.585   -.003
   1450011   81.4962    -.0089  -52.2271    -.0072   155867.300    .016  2552704.000    .029        2.159    .007
   1450012   74.9881    -.0030  -82.1265     .0001   155911.900    .008  2552448.000    .003        2.426    .004
      5595 -103.9972    -.0012  -51.7259     .0047   154407.000    .009  2552101.000   -.011        5.104    .002
      5594  -49.4038     .0003  -25.2822     .0042   154747.700    .004  2552486.000   -.012        5.728    .002
      5593    2.4516     .0040   -4.4997     .0009   155087.400   -.010  2552820.000   -.007        5.899    .000
      5592   52.8457     .0008   12.0471    -.0050   155431.000   -.008  2553117.000    .013        6.087    .001
      5591  111.7792    -.0014   27.0040     .0007   155848.900    .005  2553431.000    .000        6.424    .003


  sigma naught =             .653232 [ unitless ]


  parameter              value      Std. Dev.

     GXPC      155057.789   m.      .057  m.
     GYPC     2552828.579   m.      .052  m.
     GZPC        1320.525   m.      .018  m.
     phie           .2230 gon.      23.7 cc.
    omega           .9104 gon.      20.7 cc.
    kappa         25.1912 gon.       8.1 cc.

      root mean square errors of ground points :
        R.M.S. --- XYZ =      .023 meters
        R.M.S. --- XY  =      .022 meters
        R.M.S. --- Z   =      .008 meters

      root mean square errors of photo points :
        R.M.S. --- xy  =  .008 mm.
        R.M.S. --- x   =  .005 mm.
        R.M.S. --- y   =  .006 mm.


      There is(are)    1 photo(s) to compute the space resection.
        **** END the Space Resection of a single photo ****
