     lon       lat      ve     vn      eps1      eps1(sig)     eps2      eps2(sig)     theta   theta(sig)  rotation     rot(sig)  dilatation   dila(sig)     gamma    gamma(sig)      psi     psi(sig)  stations
  119.5500   22.6000  46.88  -2.28   0.811E-05   0.814E-06  -0.727E-05   0.808E-06   -45.9473     2.1356  -0.161E-04   0.573E-06   0.841E-06   0.115E-05   0.154E-04   0.574E-06    -0.9473     0.0706  CK01 CK02 CK08 CK09 CK03 CK10
  119.6000   22.6000  46.88  -1.85   0.739E-05   0.655E-06  -0.714E-05   0.655E-06   -44.9452     1.8261  -0.158E-04   0.463E-06   0.243E-06   0.926E-06   0.145E-04   0.463E-06     0.0548     0.0035  CK08 CK01 CK09 CK02 CK15 CK16 CK10 CK03
  119.6500   22.6000  46.86  -1.43   0.703E-05   0.839E-06  -0.690E-05   0.836E-06   -44.5131     2.4352  -0.155E-04   0.592E-06   0.126E-06   0.118E-05   0.139E-04   0.592E-06     0.4869     0.0414  CK08 CK09 CK01 CK02 CK15 CK16 CK10
  119.7000   22.6000  46.81  -1.00   0.666E-05   0.736E-06  -0.761E-05   0.731E-06   -43.6188     2.0828  -0.156E-04   0.519E-06  -0.952E-06   0.104E-05   0.143E-04   0.521E-06     1.3812     0.1004  CK08 CK09 CK15 CK16 CK01 CK02 CK10 CK17
  119.7500   22.6000  46.63  -0.72   0.631E-05   0.612E-06  -0.916E-05   0.583E-06   -37.7008     1.5653  -0.136E-04   0.423E-06  -0.286E-05   0.845E-06   0.155E-04   0.461E-06     7.2992     0.3945  CK15 CK16 CK08 CK09 CK22 CK23 CK17 CK10 CK01
  119.8000   22.6000  46.44  -0.43   0.717E-05   0.690E-06  -0.965E-05   0.625E-06   -30.9863     1.5857  -0.111E-04   0.465E-06  -0.248E-05   0.931E-06   0.168E-04   0.600E-06    14.0137     0.7451  CK15 CK16 CK08 CK22 CK09 CK23 CK17
  119.8500   22.6000  46.11  -0.29   0.678E-05   0.681E-06  -0.125E-04   0.649E-06   -33.7029     1.3951  -0.109E-04   0.470E-06  -0.576E-05   0.941E-06   0.193E-04   0.565E-06    11.2971     0.5360  CK15 CK16 CK22 CK23 CK08 CK09 CK17 CK24
  119.9000   22.6000  45.91  -0.20   0.727E-05   0.706E-06  -0.125E-04   0.676E-06   -38.6670     1.4185  -0.107E-04   0.489E-06  -0.519E-05   0.977E-06   0.197E-04   0.523E-06     6.3330     0.3110  CK22 CK23 CK15 CK16 CK29 CK30 CK24 CK17 CK08
  119.9500   22.6000  45.71  -0.10   0.697E-05   0.102E-05  -0.126E-04   0.992E-06   -41.7782     2.0748  -0.100E-04   0.710E-06  -0.566E-05   0.142E-05   0.196E-04   0.723E-06     3.2218     0.2328  CK22 CK23 CK15 CK29 CK16 CK30 CK24
  120.0000   22.6000  45.66   0.02   0.787E-05   0.799E-06  -0.124E-04   0.816E-06   -48.0502     1.6025  -0.120E-04   0.571E-06  -0.454E-05   0.114E-05   0.203E-04   0.580E-06    -3.0502     0.1713  CK22 CK23 CK29 CK30 CK15 CK16 CK24 CK31 CK36
  120.0500   22.6000  45.62   0.18   0.933E-05   0.808E-06  -0.110E-04   0.846E-06   -55.9966     1.5260  -0.140E-04   0.585E-06  -0.170E-05   0.117E-05   0.204E-04   0.697E-06   -10.9966     0.6163  CK29 CK30 CK22 CK23 CK36 CK37 CK31 CK24
  120.1000   22.6000  45.83   0.46   0.912E-05   0.770E-06  -0.117E-04   0.848E-06   -58.5068     1.4036  -0.151E-04   0.573E-06  -0.258E-05   0.115E-05   0.208E-04   0.729E-06   -13.5068     0.7156  CK29 CK30 CK36 CK22 CK37 CK23 CK31
  120.1500   22.6000  45.89   0.76   0.802E-05   0.585E-06  -0.139E-04   0.630E-06   -56.1167     1.0380  -0.163E-04   0.430E-06  -0.592E-05   0.860E-06   0.220E-04   0.514E-06   -11.1167     0.4243  CK29 CK30 CK36 CK37 CK22 CK23 CK31 CK38 CK43
  120.2000   22.6000  46.02   1.02   0.771E-05   0.854E-06  -0.158E-04   0.896E-06   -56.0403     1.3992  -0.159E-04   0.619E-06  -0.807E-05   0.124E-05   0.235E-04   0.738E-06   -11.0403     0.5676  CK36 CK37 CK29 CK30 CK43 CK44 CK38 CK31
  120.2500   22.6000  45.95   1.23   0.577E-05   0.132E-05  -0.166E-04   0.141E-05   -54.8834     2.3275  -0.139E-04   0.966E-06  -0.108E-04   0.193E-05   0.224E-04   0.112E-05    -9.8834     0.8364  CK36 CK37 CK43 CK29 CK44 CK30 CK38
  120.3000   22.6000  45.73   1.34   0.434E-05   0.137E-05  -0.159E-04   0.140E-05   -51.6167     2.6980  -0.116E-04   0.981E-06  -0.116E-04   0.196E-05   0.203E-04   0.106E-05    -6.6167     0.6345  CK36 CK37 CK43 CK44 CK29 CK30 CK38 CK45
  120.3500   22.6000  45.40   1.36   0.280E-05   0.219E-05  -0.179E-04   0.218E-05   -45.2937     4.2676  -0.780E-05   0.154E-05  -0.151E-04   0.309E-05   0.207E-04   0.154E-05    -0.2937     0.0438  CK43 CK44 CK36 CK37 CK45 CK38
  119.5500   22.6500  45.70  -2.26   0.779E-05   0.104E-05  -0.874E-05   0.101E-05   -48.3716     2.5011  -0.161E-04   0.727E-06  -0.958E-06   0.145E-05   0.165E-04   0.741E-06    -3.3716     0.2957  CK02 CK01 CK09 CK08 CK03 CK10
  119.6000   22.6500  45.72  -1.86   0.725E-05   0.833E-06  -0.880E-05   0.835E-06   -48.9054     2.0845  -0.162E-04   0.590E-06  -0.155E-05   0.118E-05   0.161E-04   0.606E-06    -3.9054     0.2859  CK09 CK02 CK08 CK01 CK10 CK03 CK16 CK15
  119.6500   22.6500  45.70  -1.44   0.694E-05   0.801E-06  -0.948E-05   0.807E-06   -48.0819     1.9726  -0.165E-04   0.569E-06  -0.254E-05   0.114E-05   0.164E-04   0.578E-06    -3.0819     0.2130  CK09 CK08 CK02 CK16 CK01 CK10 CK15 CK03 CK17
  119.7000   22.6500  45.66  -1.02   0.680E-05   0.943E-06  -0.956E-05   0.947E-06   -48.4528     2.3223  -0.168E-04   0.668E-06  -0.276E-05   0.134E-05   0.164E-04   0.683E-06    -3.4528     0.2813  CK09 CK08 CK16 CK15 CK10 CK02 CK17 CK01
  119.7500   22.6500  45.53  -0.70   0.673E-05   0.766E-06  -0.106E-04   0.761E-06   -43.5721     1.7823  -0.150E-04   0.540E-06  -0.390E-05   0.108E-05   0.174E-04   0.542E-06     1.4279     0.0888  CK16 CK09 CK15 CK08 CK17 CK10 CK23 CK22 CK02
  119.8000   22.6500  45.34  -0.47   0.676E-05   0.745E-06  -0.132E-04   0.738E-06   -40.9659     1.5063  -0.140E-04   0.525E-06  -0.644E-05   0.105E-05   0.200E-04   0.540E-06     4.0341     0.2114  CK16 CK15 CK09 CK23 CK17 CK08 CK22 CK10 CK24
  119.8500   22.6500  45.10  -0.27   0.748E-05   0.809E-06  -0.144E-04   0.801E-06   -36.9470     1.4899  -0.120E-04   0.570E-06  -0.693E-05   0.114E-05   0.219E-04   0.632E-06     8.0530     0.4133  CK16 CK23 CK15 CK22 CK17 CK09 CK24 CK08
  119.9000   22.6500  44.89  -0.19   0.817E-05   0.785E-06  -0.156E-04   0.772E-06   -41.0059     1.3259  -0.114E-04   0.551E-06  -0.747E-05   0.110E-05   0.238E-04   0.566E-06     3.9941     0.1843  CK23 CK16 CK22 CK15 CK24 CK17 CK30 CK29 CK09
  119.9500   22.6500  44.64  -0.19   0.858E-05   0.800E-06  -0.152E-04   0.796E-06   -43.1247     1.3580  -0.115E-04   0.564E-06  -0.665E-05   0.113E-05   0.238E-04   0.568E-06     1.8753     0.0888  CK23 CK22 CK16 CK30 CK24 CK15 CK29 CK17 CK31
  120.0000   22.6500  44.52  -0.16   0.850E-05   0.779E-06  -0.143E-04   0.782E-06   -45.9348     1.3854  -0.121E-04   0.552E-06  -0.580E-05   0.110E-05   0.228E-04   0.552E-06    -0.9348     0.0452  CK23 CK30 CK22 CK29 CK24 CK31 CK16 CK15 CK37
  120.0500   22.6500  44.52  -0.02   0.915E-05   0.727E-06  -0.134E-04   0.747E-06   -51.4696     1.2929  -0.139E-04   0.521E-06  -0.421E-05   0.104E-05   0.225E-04   0.559E-06    -6.4696     0.2970  CK30 CK23 CK29 CK22 CK31 CK24 CK37 CK36 CK16
  120.1000   22.6500  44.52   0.16   0.970E-05   0.622E-06  -0.137E-04   0.636E-06   -54.4433     1.0321  -0.157E-04   0.445E-06  -0.397E-05   0.890E-06   0.234E-04   0.510E-06    -9.4433     0.3531  CK30 CK29 CK37 CK23 CK31 CK36 CK22 CK38 CK24
  120.1500   22.6500  44.68   0.39   0.105E-04   0.527E-06  -0.145E-04   0.552E-06   -56.7389     0.8026  -0.167E-04   0.382E-06  -0.401E-05   0.763E-06   0.250E-04   0.464E-06   -11.7389     0.3486  CK30 CK37 CK29 CK36 CK31 CK38 CK23 CK22 CK44
  120.2000   22.6500  44.67   0.61   0.903E-05   0.712E-06  -0.156E-04   0.722E-06   -55.6379     1.1006  -0.163E-04   0.507E-06  -0.654E-05   0.101E-05   0.246E-04   0.599E-06   -10.6379     0.4286  CK37 CK30 CK36 CK29 CK38 CK44 CK31 CK43
  120.2500   22.6500  44.70   0.83   0.850E-05   0.809E-06  -0.158E-04   0.828E-06   -54.6481     1.2910  -0.149E-04   0.579E-06  -0.725E-05   0.116E-05   0.242E-04   0.667E-06    -9.6481     0.4520  CK37 CK36 CK44 CK30 CK38 CK43 CK29 CK45 CK31
  120.3000   22.6500  44.67   0.95   0.713E-05   0.122E-05  -0.155E-04   0.122E-05   -53.5347     2.0903  -0.129E-04   0.863E-06  -0.836E-05   0.173E-05   0.226E-04   0.968E-06    -8.5347     0.6418  CK37 CK44 CK36 CK43 CK38 CK45 CK30 CK29
  120.3500   22.6500  44.57   0.99   0.677E-05   0.219E-05  -0.164E-04   0.209E-05   -50.3651     3.6702  -0.969E-05   0.151E-05  -0.964E-05   0.302E-05   0.232E-04   0.159E-05    -5.3651     0.6955  CK44 CK43 CK37 CK36 CK45 CK38
  119.5500   22.7000  44.49  -2.35   0.742E-05   0.129E-05  -0.111E-04   0.124E-05   -49.1796     2.7391  -0.157E-04   0.896E-06  -0.372E-05   0.179E-05   0.186E-04   0.924E-06    -4.1796     0.4025  CK02 CK09 CK03 CK01 CK10 CK08
  119.6000   22.7000  44.47  -1.98   0.719E-05   0.986E-06  -0.114E-04   0.984E-06   -51.0676     2.0937  -0.170E-04   0.697E-06  -0.425E-05   0.139E-05   0.186E-04   0.741E-06    -6.0676     0.4502  CK09 CK02 CK10 CK03 CK08 CK01 CK16 CK17
  119.6500   22.7000  44.42  -1.59   0.678E-05   0.903E-06  -0.119E-04   0.913E-06   -50.7775     1.9322  -0.173E-04   0.642E-06  -0.509E-05   0.128E-05   0.186E-04   0.679E-06    -5.7775     0.3950  CK09 CK10 CK02 CK08 CK16 CK03 CK17 CK01 CK15
  119.7000   22.7000  44.39  -1.17   0.671E-05   0.901E-06  -0.118E-04   0.907E-06   -50.7283     1.9340  -0.177E-04   0.639E-06  -0.513E-05   0.128E-05   0.186E-04   0.676E-06    -5.7283     0.3920  CK09 CK16 CK10 CK08 CK17 CK15 CK02 CK03 CK01
  119.7500   22.7000  44.28  -0.85   0.730E-05   0.837E-06  -0.140E-04   0.850E-06   -49.4544     1.5840  -0.175E-04   0.597E-06  -0.672E-05   0.119E-05   0.213E-04   0.618E-06    -4.4544     0.2483  CK16 CK09 CK17 CK10 CK15 CK08 CK23 CK24 CK02
  119.8000   22.7000  44.08  -0.60   0.720E-05   0.806E-06  -0.151E-04   0.805E-06   -44.2048     1.4620  -0.156E-04   0.570E-06  -0.791E-05   0.114E-05   0.223E-04   0.570E-06     0.7952     0.0406  CK16 CK17 CK09 CK15 CK23 CK10 CK24 CK08 CK22
  119.8500   22.7000  43.86  -0.46   0.809E-05   0.722E-06  -0.163E-04   0.717E-06   -43.1548     1.1957  -0.143E-04   0.509E-06  -0.819E-05   0.102E-05   0.244E-04   0.512E-06     1.8452     0.0770  CK16 CK23 CK17 CK15 CK24 CK22 CK09 CK10 CK08 CK30
  119.9000   22.7000  43.67  -0.31   0.916E-05   0.710E-06  -0.177E-04   0.703E-06   -42.5234     1.0659  -0.127E-04   0.499E-06  -0.852E-05   0.999E-06   0.268E-04   0.505E-06     2.4766     0.0920  CK23 CK16 CK24 CK17 CK22 CK15 CK30 CK31 CK09 CK29
  119.9500   22.7000  43.42  -0.34   0.957E-05   0.798E-06  -0.173E-04   0.797E-06   -44.2115     1.2048  -0.127E-04   0.564E-06  -0.770E-05   0.113E-05   0.268E-04   0.565E-06     0.7885     0.0332  CK23 CK24 CK16 CK30 CK22 CK17 CK31 CK15 CK29
  120.0000   22.7000  43.27  -0.33   0.979E-05   0.676E-06  -0.160E-04   0.679E-06   -46.3959     1.0613  -0.132E-04   0.479E-06  -0.624E-05   0.958E-06   0.258E-04   0.481E-06    -1.3959     0.0518  CK23 CK30 CK24 CK31 CK22 CK29 CK16 CK17 CK37 CK15
  120.0500   22.7000  43.20  -0.25   0.977E-05   0.610E-06  -0.154E-04   0.620E-06   -49.5068     0.9772  -0.147E-04   0.435E-06  -0.565E-05   0.870E-06   0.252E-04   0.451E-06    -4.5068     0.1550  CK30 CK23 CK31 CK24 CK29 CK22 CK37 CK38 CK36 CK16
  120.1000   22.7000  43.16  -0.12   0.101E-04   0.603E-06  -0.147E-04   0.611E-06   -52.1029     0.9619  -0.159E-04   0.429E-06  -0.466E-05   0.858E-06   0.248E-04   0.466E-06    -7.1029     0.2435  CK30 CK31 CK37 CK29 CK23 CK38 CK24 CK36 CK22
  120.1500   22.7000  43.25   0.07   0.110E-04   0.484E-06  -0.151E-04   0.501E-06   -54.1158     0.7272  -0.167E-04   0.348E-06  -0.418E-05   0.697E-06   0.261E-04   0.396E-06    -9.1158     0.2395  CK30 CK37 CK31 CK38 CK29 CK36 CK23 CK24 CK44 CK22
  120.2000   22.7000  43.30   0.28   0.100E-04   0.495E-06  -0.159E-04   0.512E-06   -53.7743     0.7504  -0.164E-04   0.356E-06  -0.581E-05   0.712E-06   0.259E-04   0.401E-06    -8.7743     0.2373  CK37 CK30 CK38 CK36 CK31 CK29 CK44 CK45 CK43 CK23
  120.2500   22.7000  43.35   0.46   0.103E-04   0.666E-06  -0.156E-04   0.678E-06   -54.7876     0.9907  -0.157E-04   0.475E-06  -0.521E-05   0.951E-06   0.259E-04   0.550E-06    -9.7876     0.3523  CK37 CK38 CK44 CK36 CK30 CK45 CK31 CK43 CK29
  120.3000   22.7000  43.44   0.61   0.102E-04   0.103E-05  -0.155E-04   0.102E-05   -54.6023     1.5242  -0.143E-04   0.724E-06  -0.527E-05   0.145E-05   0.257E-04   0.834E-06    -9.6023     0.5309  CK37 CK44 CK38 CK45 CK36 CK43 CK30 CK31
  120.3500   22.7000  43.53   0.68   0.106E-04   0.195E-05  -0.153E-04   0.180E-05   -53.7618     2.7993  -0.119E-04   0.133E-05  -0.466E-05   0.265E-05   0.259E-04   0.150E-05    -8.7618     0.8839  CK44 CK37 CK45 CK43 CK38 CK36
  119.5500   22.7500  42.48  -2.37   0.147E-04   0.185E-05  -0.188E-04   0.185E-05   -44.9793     2.2354  -0.220E-04   0.131E-05  -0.407E-05   0.262E-05   0.336E-04   0.131E-05     0.0207     0.0016  CK02 CK03 CK09 CK10 CK01 CK04 CK08 CK11
  119.6000   22.7500  42.46  -2.06   0.151E-04   0.123E-05  -0.175E-04   0.121E-05   -47.6459     1.5093  -0.231E-04   0.861E-06  -0.245E-05   0.172E-05   0.326E-04   0.872E-06    -2.6459     0.1398  CK09 CK10 CK02 CK03 CK08 CK11 CK16 CK17 CK01 CK04
  119.6500   22.7500  42.50  -1.69   0.152E-04   0.113E-05  -0.173E-04   0.113E-05   -49.1578     1.3945  -0.238E-04   0.799E-06  -0.202E-05   0.160E-05   0.325E-04   0.824E-06    -4.1578     0.2038  CK09 CK10 CK02 CK03 CK16 CK17 CK08 CK11 CK01 CK04
  119.7000   22.7500  42.36  -1.27   0.125E-04   0.109E-05  -0.189E-04   0.109E-05   -45.2841     1.4011  -0.246E-04   0.768E-06  -0.632E-05   0.154E-05   0.314E-04   0.768E-06    -0.2841     0.0139  CK09 CK10 CK16 CK17 CK02 CK03 CK08 CK11 CK15 CK18
  119.7500   22.7500  42.26  -0.96   0.144E-04   0.823E-06  -0.195E-04   0.824E-06   -46.2237     0.9816  -0.237E-04   0.582E-06  -0.513E-05   0.116E-05   0.340E-04   0.584E-06    -1.2237     0.0420  CK16 CK17 CK09 CK10 CK15 CK23 CK18 CK24 CK08 CK11 CK02 CK03
  119.8000   22.7500  42.17  -0.67   0.159E-04   0.952E-06  -0.202E-04   0.949E-06   -46.9073     1.0642  -0.229E-04   0.672E-06  -0.422E-05   0.134E-05   0.361E-04   0.677E-06    -1.9073     0.0710  CK16 CK17 CK09 CK10 CK23 CK24 CK15 CK18 CK08 CK11
  119.8500   22.7500  41.89  -0.54   0.135E-04   0.893E-06  -0.237E-04   0.900E-06   -42.9319     0.9750  -0.209E-04   0.634E-06  -0.102E-04   0.127E-05   0.372E-04   0.639E-06     2.0681     0.0703  CK16 CK17 CK23 CK24 CK09 CK10 CK15 CK18 CK22 CK25
  119.9000   22.7500  41.72  -0.46   0.168E-04   0.738E-06  -0.234E-04   0.739E-06   -44.5667     0.7452  -0.186E-04   0.522E-06  -0.663E-05   0.104E-05   0.401E-04   0.522E-06     0.4333     0.0113  CK23 CK24 CK16 CK17 CK22 CK30 CK31 CK25 CK15 CK18 CK09
  119.9500   22.7500  41.66  -0.53   0.138E-04   0.747E-06  -0.219E-04   0.747E-06   -44.9461     0.8489  -0.169E-04   0.528E-06  -0.812E-05   0.106E-05   0.357E-04   0.528E-06     0.0539     0.0016  CK23 CK24 CK16 CK30 CK17 CK31 CK22 CK25 CK15 CK29
  120.0000   22.7500  41.40  -0.52   0.148E-04   0.785E-06  -0.223E-04   0.786E-06   -44.5335     0.8591  -0.182E-04   0.556E-06  -0.750E-05   0.111E-05   0.371E-04   0.556E-06     0.4665     0.0140  CK23 CK24 CK30 CK31 CK22 CK16 CK17 CK25 CK29 CK32
  120.0500   22.7500  41.28  -0.47   0.161E-04   0.781E-06  -0.184E-04   0.770E-06   -48.5661     0.9035  -0.192E-04   0.548E-06  -0.223E-05   0.110E-05   0.345E-04   0.561E-06    -3.5661     0.1131  CK30 CK31 CK23 CK24 CK37 CK29 CK38 CK32 CK22 CK25
  120.1000   22.7500  41.42  -0.32   0.136E-04   0.668E-06  -0.175E-04   0.664E-06   -48.7656     0.8605  -0.188E-04   0.471E-06  -0.399E-05   0.942E-06   0.311E-04   0.483E-06    -3.7656     0.1138  CK30 CK31 CK37 CK38 CK23 CK24 CK29 CK32 CK36 CK22
  120.1500   22.7500  41.30  -0.13   0.151E-04   0.685E-06  -0.204E-04   0.683E-06   -47.5311     0.7769  -0.214E-04   0.484E-06  -0.526E-05   0.967E-06   0.355E-04   0.489E-06    -2.5311     0.0688  CK30 CK31 CK37 CK38 CK29 CK23 CK24 CK32 CK36 CK39 CK44
  120.2000   22.7500  41.34   0.04   0.178E-04   0.759E-06  -0.187E-04   0.741E-06   -51.3074     0.8123  -0.219E-04   0.530E-06  -0.898E-06   0.106E-05   0.365E-04   0.567E-06    -6.3074     0.1818  CK37 CK38 CK30 CK31 CK44 CK45 CK36 CK39 CK29 CK32
  120.2500   22.7500  41.45   0.24   0.159E-04   0.761E-06  -0.192E-04   0.755E-06   -49.4341     0.8635  -0.215E-04   0.536E-06  -0.332E-05   0.107E-05   0.351E-04   0.555E-06    -4.4341     0.1347  CK37 CK38 CK44 CK45 CK30 CK31 CK36 CK39 CK43 CK46
  120.3000   22.7500  41.54   0.43   0.170E-04   0.859E-06  -0.183E-04   0.839E-06   -50.2624     0.9597  -0.208E-04   0.601E-06  -0.131E-05   0.120E-05   0.353E-04   0.630E-06    -5.2624     0.1783  CK37 CK38 CK44 CK45 CK36 CK30 CK39 CK31 CK43 CK46
  120.3500   22.7500  41.72   0.58   0.196E-04   0.142E-05  -0.169E-04   0.129E-05   -52.2895     1.4593  -0.195E-04   0.959E-06   0.265E-05   0.192E-05   0.365E-04   0.105E-05    -7.2895     0.3796  CK44 CK45 CK37 CK38 CK43 CK46 CK36 CK39
  119.5500   22.8000  40.59  -2.41   0.220E-04   0.320E-05  -0.268E-04   0.324E-05   -43.5471     2.6768  -0.282E-04   0.228E-05  -0.475E-05   0.456E-05   0.487E-04   0.229E-05     1.4529     0.1357  CK03 CK10 CK02 CK09 CK04 CK11
  119.6000   22.8000  40.49  -2.14   0.217E-04   0.194E-05  -0.249E-04   0.194E-05   -45.2873     1.6878  -0.294E-04   0.137E-05  -0.323E-05   0.275E-05   0.466E-04   0.137E-05    -0.2873     0.0169  CK10 CK03 CK09 CK02 CK11 CK04 CK17 CK16
  119.6500   22.8000  40.20  -1.79   0.198E-04   0.139E-05  -0.232E-04   0.139E-05   -44.6995     1.3097  -0.291E-04   0.982E-06  -0.340E-05   0.196E-05   0.429E-04   0.982E-06     0.3005     0.0137  CK10 CK09 CK03 CK11 CK17 CK02 CK16 CK04 CK18 CK08
  119.7000   22.8000  40.28  -1.36   0.214E-04   0.145E-05  -0.246E-04   0.145E-05   -45.3246     1.2736  -0.317E-04   0.102E-05  -0.317E-05   0.205E-05   0.460E-04   0.102E-05    -0.3246     0.0144  CK10 CK17 CK09 CK16 CK11 CK18 CK03 CK02 CK04
  119.7500   22.8000  40.26  -1.08   0.212E-04   0.135E-05  -0.266E-04   0.134E-05   -44.1527     1.1410  -0.306E-04   0.951E-06  -0.541E-05   0.190E-05   0.478E-04   0.952E-06     0.8473     0.0337  CK17 CK10 CK16 CK09 CK18 CK11 CK24 CK23 CK03
  119.8000   22.8000  39.89  -0.82   0.205E-04   0.114E-05  -0.259E-04   0.114E-05   -45.0333     0.9933  -0.273E-04   0.804E-06  -0.534E-05   0.161E-05   0.464E-04   0.804E-06    -0.0333     0.0012  CK17 CK16 CK10 CK24 CK18 CK09 CK23 CK11 CK25 CK15
  119.8500   22.8000  39.94  -0.68   0.231E-04   0.100E-05  -0.285E-04   0.101E-05   -45.5569     0.7883  -0.277E-04   0.710E-06  -0.547E-05   0.142E-05   0.516E-04   0.710E-06    -0.5569     0.0153  CK17 CK24 CK16 CK23 CK18 CK25 CK10 CK09 CK11 CK31
  119.9000   22.8000  39.81  -0.67   0.220E-04   0.967E-06  -0.294E-04   0.967E-06   -44.9780     0.7619  -0.258E-04   0.684E-06  -0.745E-05   0.137E-05   0.514E-04   0.684E-06     0.0220     0.0006  CK24 CK17 CK23 CK16 CK25 CK18 CK31 CK30 CK10
  119.9500   22.8000  39.47  -0.64   0.211E-04   0.845E-06  -0.263E-04   0.845E-06   -45.3103     0.7223  -0.226E-04   0.598E-06  -0.512E-05   0.120E-05   0.474E-04   0.598E-06    -0.3103     0.0078  CK24 CK23 CK17 CK31 CK25 CK16 CK30 CK18 CK32 CK22
  120.0000   22.8000  39.56  -0.65   0.227E-04   0.827E-06  -0.262E-04   0.831E-06   -46.0915     0.6871  -0.243E-04   0.586E-06  -0.347E-05   0.117E-05   0.488E-04   0.587E-06    -1.0915     0.0262  CK24 CK31 CK23 CK30 CK25 CK32 CK17 CK16 CK38 CK18
  120.0500   22.8000  39.46  -0.60   0.206E-04   0.887E-06  -0.249E-04   0.888E-06   -45.0559     0.7894  -0.249E-04   0.628E-06  -0.433E-05   0.126E-05   0.455E-04   0.628E-06    -0.0559     0.0015  CK31 CK24 CK30 CK23 CK32 CK25 CK38 CK37 CK17 CK39
  120.1000   22.8000  39.23  -0.47   0.191E-04   0.928E-06  -0.231E-04   0.928E-06   -45.4270     0.8903  -0.240E-04   0.656E-06  -0.395E-05   0.131E-05   0.422E-04   0.656E-06    -0.4270     0.0133  CK31 CK30 CK38 CK24 CK32 CK37 CK23 CK39 CK25 CK29
  120.1500   22.8000  39.36  -0.33   0.205E-04   0.106E-05  -0.237E-04   0.106E-05   -45.4059     0.9718  -0.254E-04   0.749E-06  -0.325E-05   0.150E-05   0.442E-04   0.749E-06    -0.4059     0.0138  CK31 CK38 CK30 CK37 CK32 CK39 CK24 CK23 CK45
  120.2000   22.8000  39.37  -0.17   0.221E-04   0.944E-06  -0.228E-04   0.948E-06   -46.2644     0.8527  -0.266E-04   0.669E-06  -0.786E-06   0.134E-05   0.449E-04   0.671E-06    -1.2644     0.0377  CK38 CK31 CK37 CK30 CK39 CK32 CK45 CK44 CK46 CK24
  120.2500   22.8000  39.35   0.09   0.224E-04   0.917E-06  -0.215E-04   0.914E-06   -48.7739     0.8366  -0.259E-04   0.647E-06   0.868E-06   0.129E-05   0.439E-04   0.664E-06    -3.7739     0.1109  CK38 CK37 CK45 CK31 CK39 CK44 CK30 CK46 CK32 CK36
  120.3000   22.8000  39.67   0.24   0.255E-04   0.113E-05  -0.210E-04   0.113E-05   -48.9589     0.9772  -0.273E-04   0.800E-06   0.445E-05   0.160E-05   0.465E-04   0.823E-06    -3.9589     0.1359  CK38 CK45 CK37 CK44 CK39 CK46 CK31 CK30
  120.3500   22.8000  40.01   0.45   0.287E-04   0.164E-05  -0.186E-04   0.155E-05   -51.3869     1.3325  -0.273E-04   0.113E-05   0.101E-04   0.226E-05   0.473E-04   0.121E-05    -6.3869     0.3021  CK45 CK38 CK44 CK37 CK46 CK39
  119.5500   22.8500  37.41  -2.35   0.321E-04   0.275E-05  -0.313E-04   0.281E-05   -43.3674     1.7780  -0.351E-04   0.197E-05   0.773E-06   0.393E-05   0.634E-04   0.198E-05     1.6326     0.1013  CK03 CK04 CK10 CK11 CK02 CK09 CK05
  119.6000   22.8500  37.37  -2.13   0.304E-04   0.172E-05  -0.312E-04   0.173E-05   -42.7027     1.1341  -0.366E-04   0.122E-05  -0.853E-06   0.244E-05   0.616E-04   0.123E-05     2.2973     0.0908  CK10 CK03 CK11 CK04 CK09 CK02 CK17 CK18 CK12
  119.6500   22.8500  37.16  -1.77   0.296E-04   0.142E-05  -0.303E-04   0.143E-05   -43.0726     0.9649  -0.374E-04   0.101E-05  -0.734E-06   0.202E-05   0.599E-04   0.101E-05     1.9274     0.0649  CK10 CK11 CK03 CK17 CK09 CK04 CK18 CK02 CK16 CK12
  119.7000   22.8500  37.09  -1.36   0.296E-04   0.136E-05  -0.289E-04   0.136E-05   -43.8830     0.9397  -0.378E-04   0.961E-06   0.714E-06   0.192E-05   0.586E-04   0.963E-06     1.1170     0.0366  CK10 CK17 CK11 CK18 CK09 CK03 CK16 CK04 CK12 CK02
  119.7500   22.8500  37.20  -1.18   0.286E-04   0.122E-05  -0.315E-04   0.122E-05   -43.7741     0.8233  -0.357E-04   0.863E-06  -0.292E-05   0.173E-05   0.600E-04   0.865E-06     1.2259     0.0352  CK17 CK10 CK18 CK11 CK16 CK09 CK24 CK25 CK03 CK19
  119.8000   22.8500  36.96  -0.92   0.289E-04   0.117E-05  -0.319E-04   0.117E-05   -44.5308     0.7769  -0.340E-04   0.824E-06  -0.297E-05   0.165E-05   0.608E-04   0.824E-06     0.4692     0.0127  CK17 CK18 CK10 CK24 CK16 CK11 CK25 CK09 CK23 CK19
  119.8500   22.8500  36.96  -0.82   0.297E-04   0.107E-05  -0.331E-04   0.107E-05   -44.8676     0.6925  -0.329E-04   0.759E-06  -0.344E-05   0.152E-05   0.628E-04   0.759E-06     0.1324     0.0032  CK17 CK24 CK18 CK25 CK16 CK23 CK10 CK11 CK19 CK31
  119.9000   22.8500  36.95  -0.68   0.298E-04   0.958E-06  -0.315E-04   0.957E-06   -43.9099     0.6330  -0.312E-04   0.677E-06  -0.172E-05   0.135E-05   0.613E-04   0.679E-06     1.0901     0.0241  CK24 CK17 CK25 CK18 CK23 CK16 CK31 CK32 CK10 CK26
  119.9500   22.8500  36.75  -0.64   0.300E-04   0.927E-06  -0.306E-04   0.928E-06   -44.3338     0.6197  -0.295E-04   0.656E-06  -0.627E-06   0.131E-05   0.606E-04   0.656E-06     0.6662     0.0144  CK24 CK25 CK17 CK31 CK23 CK18 CK32 CK16 CK30 CK26
  120.0000   22.8500  36.79  -0.67   0.298E-04   0.923E-06  -0.284E-04   0.923E-06   -44.8623     0.6430  -0.295E-04   0.653E-06   0.145E-05   0.131E-05   0.582E-04   0.653E-06     0.1377     0.0031  CK24 CK31 CK25 CK32 CK23 CK30 CK17 CK18 CK26 CK38
  120.0500   22.8500  36.74  -0.68   0.270E-04   0.975E-06  -0.294E-04   0.975E-06   -44.2686     0.7000  -0.304E-04   0.689E-06  -0.241E-05   0.138E-05   0.564E-04   0.690E-06     0.7314     0.0179  CK31 CK24 CK32 CK25 CK30 CK23 CK38 CK39 CK33 CK17
  120.1000   22.8500  36.55  -0.53   0.263E-04   0.103E-05  -0.289E-04   0.103E-05   -44.2428     0.7569  -0.307E-04   0.730E-06  -0.258E-05   0.146E-05   0.553E-04   0.731E-06     0.7572     0.0200  CK31 CK32 CK38 CK24 CK30 CK39 CK25 CK37 CK23 CK33
  120.1500   22.8500  36.57  -0.40   0.272E-04   0.103E-05  -0.287E-04   0.103E-05   -44.3455     0.7464  -0.315E-04   0.727E-06  -0.149E-05   0.145E-05   0.558E-04   0.728E-06     0.6545     0.0171  CK31 CK38 CK32 CK39 CK30 CK37 CK24 CK25 CK45 CK33
  120.2000   22.8500  36.50  -0.19   0.282E-04   0.120E-05  -0.284E-04   0.120E-05   -45.3638     0.8621  -0.324E-04   0.852E-06  -0.254E-06   0.170E-05   0.566E-04   0.852E-06    -0.3638     0.0109  CK38 CK31 CK39 CK32 CK37 CK45 CK30 CK46 CK40
  120.2500   22.8500  36.52   0.01   0.298E-04   0.103E-05  -0.270E-04   0.103E-05   -46.6174     0.7312  -0.327E-04   0.726E-06   0.279E-05   0.145E-05   0.568E-04   0.729E-06    -1.6174     0.0413  CK38 CK39 CK45 CK31 CK37 CK46 CK32 CK44 CK30 CK40
  120.3000   22.8500  36.81   0.24   0.312E-04   0.112E-05  -0.258E-04   0.112E-05   -47.5753     0.7926  -0.330E-04   0.791E-06   0.543E-05   0.158E-05   0.570E-04   0.801E-06    -2.5753     0.0714  CK38 CK45 CK39 CK46 CK37 CK44 CK31 CK32 CK40
  120.3500   22.8500  36.96   0.48   0.329E-04   0.183E-05  -0.246E-04   0.175E-05   -48.6963     1.2490  -0.342E-04   0.126E-05   0.827E-05   0.253E-05   0.575E-04   0.129E-05    -3.6963     0.1621  CK45 CK38 CK46 CK39 CK44 CK37 CK47
  119.5500   22.9000  33.49  -2.19   0.392E-04   0.201E-05  -0.397E-04   0.211E-05   -41.5205     1.0587  -0.434E-04   0.146E-05  -0.520E-06   0.291E-05   0.788E-04   0.149E-05     3.4795     0.1283  CK04 CK03 CK11 CK10 CK05 CK02 CK12 CK09
  119.6000   22.9000  33.38  -1.92   0.404E-04   0.138E-05  -0.364E-04   0.140E-05   -42.9337     0.7334  -0.442E-04   0.983E-06   0.396E-05   0.197E-05   0.768E-04   0.990E-06     2.0663     0.0529  CK11 CK10 CK04 CK03 CK12 CK05 CK18 CK17 CK09 CK02
  119.6500   22.9000  33.50  -1.68   0.416E-04   0.127E-05  -0.393E-04   0.128E-05   -42.6079     0.6373  -0.465E-04   0.901E-06   0.229E-05   0.180E-05   0.810E-04   0.910E-06     2.3921     0.0532  CK11 CK10 CK04 CK03 CK18 CK17 CK12 CK09 CK05 CK19
  119.7000   22.9000  33.29  -1.32   0.365E-04   0.131E-05  -0.376E-04   0.132E-05   -42.6722     0.7173  -0.444E-04   0.928E-06  -0.104E-05   0.186E-05   0.741E-04   0.937E-06     2.3278     0.0582  CK11 CK10 CK18 CK17 CK12 CK04 CK03 CK19 CK09 CK16
  119.7500   22.9000  33.24  -1.11   0.390E-04   0.111E-05  -0.359E-04   0.111E-05   -45.1081     0.6007  -0.420E-04   0.786E-06   0.317E-05   0.157E-05   0.749E-04   0.786E-06    -0.1081     0.0023  CK18 CK17 CK11 CK10 CK19 CK25 CK12 CK24 CK16 CK09 CK04
  119.8000   22.9000  33.37  -0.89   0.406E-04   0.110E-05  -0.376E-04   0.110E-05   -44.3466     0.5710  -0.429E-04   0.779E-06   0.305E-05   0.156E-05   0.782E-04   0.780E-06     0.6534     0.0130  CK18 CK17 CK11 CK25 CK10 CK24 CK19 CK16 CK12 CK26
  119.8500   22.9000  33.28  -0.71   0.358E-04   0.112E-05  -0.372E-04   0.113E-05   -42.9471     0.6232  -0.389E-04   0.794E-06  -0.144E-05   0.159E-05   0.730E-04   0.800E-06     2.0529     0.0446  CK18 CK17 CK25 CK24 CK19 CK11 CK10 CK26 CK16 CK23
  119.9000   22.9000  33.32  -0.58   0.387E-04   0.988E-06  -0.354E-04   0.988E-06   -44.8869     0.5403  -0.367E-04   0.699E-06   0.336E-05   0.140E-05   0.741E-04   0.699E-06     0.1131     0.0021  CK25 CK24 CK18 CK17 CK26 CK32 CK19 CK31 CK23 CK16 CK11
  119.9500   22.9000  33.39  -0.61   0.403E-04   0.112E-05  -0.360E-04   0.112E-05   -44.1086     0.5952  -0.385E-04   0.793E-06   0.425E-05   0.159E-05   0.763E-04   0.794E-06     0.8914     0.0185  CK25 CK24 CK18 CK32 CK17 CK31 CK26 CK23 CK19 CK33
  120.0000   22.9000  33.31  -0.55   0.368E-04   0.118E-05  -0.345E-04   0.119E-05   -42.9560     0.6734  -0.359E-04   0.838E-06   0.226E-05   0.168E-05   0.713E-04   0.845E-06     2.0440     0.0480  CK25 CK24 CK32 CK31 CK26 CK18 CK17 CK33 CK23 CK30
  120.0500   22.9000  33.24  -0.53   0.371E-04   0.121E-05  -0.326E-04   0.121E-05   -44.2152     0.7036  -0.363E-04   0.856E-06   0.451E-05   0.171E-05   0.697E-04   0.857E-06     0.7848     0.0193  CK32 CK31 CK25 CK24 CK33 CK39 CK38 CK26 CK30 CK23
  120.1000   22.9000  33.22  -0.49   0.375E-04   0.121E-05  -0.372E-04   0.122E-05   -42.4830     0.6596  -0.391E-04   0.859E-06   0.322E-06   0.172E-05   0.746E-04   0.869E-06     2.5170     0.0579  CK32 CK31 CK39 CK25 CK38 CK24 CK33 CK30 CK40 CK26
  120.1500   22.9000  33.03  -0.35   0.330E-04   0.105E-05  -0.361E-04   0.105E-05   -42.8287     0.6147  -0.381E-04   0.741E-06  -0.308E-05   0.148E-05   0.691E-04   0.748E-06     2.1713     0.0465  CK32 CK31 CK39 CK38 CK33 CK25 CK40 CK24 CK30 CK37 CK46
  120.2000   22.9000  32.96  -0.16   0.363E-04   0.118E-05  -0.338E-04   0.118E-05   -45.2844     0.6830  -0.388E-04   0.836E-06   0.251E-05   0.167E-05   0.701E-04   0.836E-06    -0.2844     0.0068  CK39 CK38 CK32 CK31 CK40 CK46 CK45 CK33 CK37 CK30
  120.2500   22.9000  33.06   0.04   0.386E-04   0.115E-05  -0.365E-04   0.115E-05   -45.2211     0.6170  -0.419E-04   0.810E-06   0.210E-05   0.162E-05   0.752E-04   0.810E-06    -0.2211     0.0048  CK39 CK38 CK46 CK45 CK32 CK31 CK40 CK37 CK47 CK33
  120.3000   22.9000  33.08   0.26   0.372E-04   0.131E-05  -0.341E-04   0.131E-05   -45.6399     0.7426  -0.407E-04   0.924E-06   0.305E-05   0.185E-05   0.713E-04   0.925E-06    -0.6399     0.0166  CK39 CK38 CK46 CK45 CK40 CK32 CK47 CK31 CK37 CK44
  120.3500   22.9000  33.32   0.54   0.415E-04   0.213E-05  -0.297E-04   0.202E-05   -48.9685     1.1700  -0.415E-04   0.147E-05   0.118E-04   0.293E-05   0.712E-04   0.151E-05    -3.9685     0.1631  CK46 CK45 CK39 CK38 CK47 CK40 CK44 CK37
  119.5500   22.9500  29.39  -1.99   0.505E-04   0.200E-05  -0.485E-04   0.207E-05   -41.1644     0.8333  -0.537E-04   0.144E-05   0.198E-05   0.288E-05   0.990E-04   0.148E-05     3.8356     0.1112  CK04 CK11 CK03 CK05 CK10 CK12
  119.6000   22.9500  29.22  -1.75   0.507E-04   0.129E-05  -0.463E-04   0.129E-05   -42.3240     0.5403  -0.534E-04   0.915E-06   0.438E-05   0.183E-05   0.970E-04   0.927E-06     2.6760     0.0504  CK11 CK04 CK10 CK12 CK03 CK05 CK18 CK17 CK19
  119.6500   22.9500  29.12  -1.49   0.503E-04   0.136E-05  -0.455E-04   0.135E-05   -42.9391     0.5730  -0.530E-04   0.958E-06   0.485E-05   0.192E-05   0.958E-04   0.965E-06     2.0609     0.0412  CK11 CK10 CK04 CK12 CK18 CK03 CK05 CK17 CK19
  119.7000   22.9500  29.11  -1.22   0.495E-04   0.139E-05  -0.447E-04   0.139E-05   -43.7732     0.5966  -0.524E-04   0.981E-06   0.472E-05   0.196E-05   0.942E-04   0.983E-06     1.2268     0.0255  CK11 CK18 CK10 CK12 CK17 CK19 CK04 CK03 CK05
  119.7500   22.9500  29.18  -1.02   0.484E-04   0.117E-05  -0.433E-04   0.116E-05   -44.3098     0.5144  -0.505E-04   0.823E-06   0.505E-05   0.165E-05   0.917E-04   0.824E-06     0.6902     0.0124  CK18 CK11 CK17 CK19 CK10 CK12 CK25 CK04 CK24 CK26
  119.8000   22.9500  29.23  -0.79   0.483E-04   0.121E-05  -0.423E-04   0.121E-05   -44.6838     0.5429  -0.491E-04   0.858E-06   0.598E-05   0.172E-05   0.905E-04   0.858E-06     0.3162     0.0060  CK18 CK17 CK19 CK11 CK25 CK10 CK12 CK24 CK26
  119.8500   22.9500  29.39  -0.64   0.485E-04   0.113E-05  -0.410E-04   0.113E-05   -44.5589     0.5110  -0.476E-04   0.798E-06   0.754E-05   0.160E-05   0.895E-04   0.799E-06     0.4411     0.0079  CK18 CK25 CK17 CK19 CK24 CK26 CK11 CK10 CK12 CK32
  119.9000   22.9500  29.49  -0.49   0.474E-04   0.120E-05  -0.415E-04   0.119E-05   -43.3467     0.5450  -0.454E-04   0.845E-06   0.593E-05   0.169E-05   0.888E-04   0.849E-06     1.6533     0.0314  CK25 CK18 CK24 CK26 CK17 CK19 CK32 CK31 CK11 CK33
  119.9500   22.9500  29.52  -0.44   0.483E-04   0.138E-05  -0.400E-04   0.137E-05   -43.2714     0.6297  -0.450E-04   0.971E-06   0.836E-05   0.194E-05   0.883E-04   0.976E-06     1.7286     0.0380  CK25 CK24 CK26 CK18 CK32 CK17 CK31 CK19 CK33
  120.0000   22.9500  29.59  -0.40   0.485E-04   0.127E-05  -0.399E-04   0.126E-05   -43.1750     0.5809  -0.448E-04   0.895E-06   0.859E-05   0.179E-05   0.883E-04   0.901E-06     1.8250     0.0370  CK25 CK32 CK24 CK26 CK31 CK33 CK18 CK17 CK19 CK39
  120.0500   22.9500  29.52  -0.34   0.467E-04   0.132E-05  -0.426E-04   0.130E-05   -42.0590     0.5950  -0.449E-04   0.927E-06   0.411E-05   0.185E-05   0.892E-04   0.941E-06     2.9410     0.0610  CK32 CK25 CK31 CK33 CK24 CK26 CK39 CK38 CK40 CK18
  120.1000   22.9500  29.36  -0.31   0.454E-04   0.142E-05  -0.444E-04   0.142E-05   -42.1119     0.6405  -0.455E-04   0.100E-05   0.104E-05   0.201E-05   0.898E-04   0.102E-05     2.8881     0.0645  CK32 CK31 CK33 CK39 CK25 CK38 CK24 CK40 CK26
  120.1500   22.9500  29.26  -0.22   0.453E-04   0.122E-05  -0.441E-04   0.121E-05   -42.8869     0.5509  -0.464E-04   0.860E-06   0.126E-05   0.172E-05   0.894E-04   0.867E-06     2.1131     0.0406  CK32 CK39 CK31 CK33 CK38 CK40 CK25 CK24 CK46 CK26
  120.2000   22.9500  29.14  -0.12   0.443E-04   0.115E-05  -0.452E-04   0.114E-05   -43.2374     0.5190  -0.482E-04   0.811E-06  -0.928E-06   0.162E-05   0.895E-04   0.815E-06     1.7626     0.0319  CK39 CK32 CK38 CK40 CK31 CK33 CK46 CK45 CK47 CK25
  120.2500   22.9500  29.04   0.07   0.461E-04   0.135E-05  -0.436E-04   0.135E-05   -44.4709     0.6084  -0.491E-04   0.952E-06   0.256E-05   0.190E-05   0.897E-04   0.953E-06     0.5291     0.0112  CK39 CK38 CK40 CK46 CK32 CK45 CK47 CK31 CK33
  120.3000   22.9500  29.16   0.31   0.475E-04   0.156E-05  -0.425E-04   0.156E-05   -45.4576     0.7014  -0.499E-04   0.110E-05   0.503E-05   0.220E-05   0.900E-04   0.110E-05    -0.4576     0.0112  CK39 CK46 CK38 CK40 CK45 CK47 CK32 CK31 CK33
  120.3500   22.9500  29.42   0.58   0.508E-04   0.313E-05  -0.392E-04   0.305E-05   -47.8291     1.3843  -0.515E-04   0.218E-05   0.116E-04   0.437E-05   0.899E-04   0.222E-05    -2.8291     0.1372  CK46 CK39 CK45 CK47 CK38 CK40
  119.5500   23.0000  24.52  -1.76   0.471E-04   0.170E-05  -0.479E-04   0.177E-05   -42.0466     0.7420  -0.519E-04   0.123E-05  -0.783E-06   0.246E-05   0.949E-04   0.125E-05     2.9534     0.0764  CK04 CK05 CK11 CK12 CK03 CK10 CK06 CK13
  119.6000   23.0000  24.38  -1.55   0.488E-04   0.130E-05  -0.468E-04   0.131E-05   -43.3169     0.5533  -0.517E-04   0.923E-06   0.193E-05   0.185E-05   0.956E-04   0.928E-06     1.6831     0.0325  CK11 CK04 CK12 CK05 CK10 CK03 CK18 CK19 CK13 CK06
  119.6500   23.0000  24.18  -1.32   0.499E-04   0.130E-05  -0.469E-04   0.130E-05   -44.1601     0.5429  -0.523E-04   0.917E-06   0.296E-05   0.183E-05   0.968E-04   0.919E-06     0.8399     0.0159  CK11 CK12 CK04 CK18 CK05 CK19 CK10 CK13 CK03 CK17
  119.7000   23.0000  24.39  -1.17   0.486E-04   0.141E-05  -0.447E-04   0.141E-05   -45.9124     0.6113  -0.496E-04   0.996E-06   0.383E-05   0.199E-05   0.933E-04   0.998E-06    -0.9124     0.0195  CK11 CK12 CK18 CK19 CK10 CK04 CK17 CK05 CK13 CK20
  119.7500   23.0000  24.62  -0.96   0.470E-04   0.116E-05  -0.432E-04   0.115E-05   -46.3317     0.5182  -0.499E-04   0.816E-06   0.386E-05   0.163E-05   0.902E-04   0.819E-06    -1.3317     0.0241  CK18 CK11 CK19 CK12 CK17 CK10 CK25 CK26 CK20 CK04 CK13
  119.8000   23.0000  24.65  -0.74   0.473E-04   0.119E-05  -0.420E-04   0.119E-05   -46.1453     0.5386  -0.491E-04   0.840E-06   0.531E-05   0.168E-05   0.893E-04   0.842E-06    -1.1453     0.0215  CK18 CK19 CK11 CK25 CK12 CK26 CK17 CK20 CK10 CK24
  119.8500   23.0000  24.94  -0.50   0.458E-04   0.130E-05  -0.407E-04   0.129E-05   -46.1469     0.6047  -0.472E-04   0.914E-06   0.507E-05   0.183E-05   0.865E-04   0.916E-06    -1.1469     0.0242  CK18 CK19 CK25 CK26 CK17 CK11 CK24 CK12 CK20 CK27
  119.9000   23.0000  25.17  -0.37   0.451E-04   0.123E-05  -0.413E-04   0.123E-05   -44.3445     0.5751  -0.463E-04   0.867E-06   0.376E-05   0.173E-05   0.864E-04   0.868E-06     0.6555     0.0132  CK25 CK26 CK18 CK19 CK24 CK32 CK17 CK33 CK27 CK20 CK11
  119.9500   23.0000  25.08  -0.19   0.482E-04   0.132E-05  -0.408E-04   0.133E-05   -43.7912     0.6029  -0.463E-04   0.937E-06   0.738E-05   0.187E-05   0.891E-04   0.940E-06     1.2088     0.0254  CK25 CK26 CK18 CK32 CK19 CK33 CK24 CK27 CK17 CK31
  120.0000   23.0000  25.21  -0.15   0.482E-04   0.120E-05  -0.407E-04   0.120E-05   -43.4375     0.5457  -0.456E-04   0.847E-06   0.749E-05   0.169E-05   0.890E-04   0.851E-06     1.5625     0.0297  CK25 CK26 CK32 CK33 CK24 CK18 CK31 CK19 CK27 CK34 CK39
  120.0500   23.0000  25.15  -0.09   0.474E-04   0.116E-05  -0.445E-04   0.116E-05   -42.1283     0.5125  -0.451E-04   0.822E-06   0.297E-05   0.164E-05   0.919E-04   0.835E-06     2.8717     0.0513  CK32 CK33 CK25 CK26 CK31 CK39 CK24 CK40 CK34 CK27 CK18
  120.1000   23.0000  24.84  -0.04   0.474E-04   0.122E-05  -0.463E-04   0.122E-05   -41.7518     0.5270  -0.460E-04   0.863E-06   0.110E-05   0.173E-05   0.938E-04   0.879E-06     3.2482     0.0596  CK32 CK33 CK39 CK25 CK40 CK26 CK31 CK34 CK38 CK24
  120.1500   23.0000  24.82  -0.02   0.464E-04   0.105E-05  -0.464E-04   0.105E-05   -42.5001     0.4589  -0.468E-04   0.743E-06  -0.169E-07   0.149E-05   0.927E-04   0.751E-06     2.4999     0.0400  CK32 CK33 CK39 CK40 CK31 CK38 CK25 CK26 CK34 CK41 CK46
  120.2000   23.0000  24.57   0.01   0.450E-04   0.117E-05  -0.460E-04   0.118E-05   -42.9322     0.5214  -0.482E-04   0.828E-06  -0.103E-05   0.166E-05   0.910E-04   0.834E-06     2.0678     0.0376  CK39 CK40 CK32 CK33 CK38 CK46 CK31 CK47 CK41 CK34
  120.2500   23.0000  24.35   0.17   0.467E-04   0.119E-05  -0.456E-04   0.119E-05   -44.2267     0.5230  -0.500E-04   0.842E-06   0.116E-05   0.168E-05   0.923E-04   0.843E-06     0.7733     0.0141  CK39 CK40 CK46 CK32 CK47 CK33 CK38 CK41 CK45 CK31
  120.3000   23.0000  24.52   0.39   0.475E-04   0.142E-05  -0.435E-04   0.141E-05   -45.0337     0.6305  -0.503E-04   0.100E-05   0.399E-05   0.200E-05   0.909E-04   0.100E-05    -0.0337     0.0007  CK39 CK46 CK40 CK47 CK38 CK45 CK32 CK33 CK41 CK48
  120.3500   23.0000  24.71   0.66   0.499E-04   0.238E-05  -0.403E-04   0.232E-05   -47.0780     1.0536  -0.512E-04   0.166E-05   0.957E-05   0.332E-05   0.901E-04   0.168E-05    -2.0780     0.0766  CK46 CK47 CK39 CK40 CK45 CK38 CK48 CK41
  119.5500   23.0500  19.66  -1.54   0.438E-04   0.254E-05  -0.474E-04   0.261E-05   -43.0084     1.1442  -0.504E-04   0.182E-05  -0.364E-05   0.364E-05   0.911E-04   0.183E-05     1.9916     0.0795  CK05 CK04 CK12 CK11 CK06 CK13 CK03
  119.6000   23.0500  19.48  -1.41   0.462E-04   0.162E-05  -0.469E-04   0.163E-05   -43.8012     0.7060  -0.496E-04   0.115E-05  -0.770E-06   0.229E-05   0.931E-04   0.115E-05     1.1988     0.0295  CK12 CK05 CK11 CK04 CK13 CK06 CK19 CK18 CK10 CK03
  119.6500   23.0500  19.58  -1.29   0.467E-04   0.175E-05  -0.447E-04   0.175E-05   -45.8973     0.7757  -0.474E-04   0.124E-05   0.202E-05   0.248E-05   0.914E-04   0.124E-05    -0.8973     0.0243  CK12 CK11 CK05 CK19 CK04 CK13 CK18 CK06 CK10 CK20
  119.7000   23.0500  19.70  -1.22   0.487E-04   0.193E-05  -0.440E-04   0.192E-05   -47.4503     0.8397  -0.473E-04   0.136E-05   0.473E-05   0.273E-05   0.927E-04   0.138E-05    -2.4503     0.0720  CK12 CK11 CK19 CK18 CK13 CK05 CK20 CK04 CK10
  119.7500   23.0500  19.86  -0.97   0.464E-04   0.142E-05  -0.414E-04   0.141E-05   -48.0263     0.6479  -0.472E-04   0.999E-06   0.497E-05   0.200E-05   0.879E-04   0.102E-05    -3.0263     0.0687  CK19 CK12 CK18 CK11 CK20 CK13 CK26 CK25 CK17 CK05 CK10
  119.8000   23.0500  20.28  -0.74   0.440E-04   0.150E-05  -0.404E-04   0.149E-05   -48.5266     0.7125  -0.469E-04   0.106E-05   0.357E-05   0.212E-05   0.844E-04   0.108E-05    -3.5266     0.0882  CK19 CK18 CK12 CK26 CK11 CK20 CK25 CK13 CK17 CK27
  119.8500   23.0500  20.55  -0.44   0.436E-04   0.175E-05  -0.390E-04   0.174E-05   -48.2798     0.8495  -0.480E-04   0.123E-05   0.454E-05   0.247E-05   0.826E-04   0.126E-05    -3.2798     0.0977  CK19 CK18 CK26 CK25 CK20 CK12 CK27 CK11 CK17
  119.9000   23.0500  20.59  -0.29   0.433E-04   0.146E-05  -0.387E-04   0.146E-05   -45.9702     0.7200  -0.465E-04   0.103E-05   0.460E-05   0.206E-05   0.821E-04   0.103E-05    -0.9702     0.0244  CK26 CK19 CK25 CK18 CK27 CK20 CK33 CK32 CK24 CK12 CK17
  119.9500   23.0500  20.80  -0.07   0.435E-04   0.163E-05  -0.398E-04   0.163E-05   -44.3600     0.7940  -0.459E-04   0.116E-05   0.369E-05   0.231E-05   0.834E-04   0.116E-05     0.6400     0.0177  CK26 CK25 CK19 CK33 CK18 CK27 CK32 CK20 CK34 CK24
  120.0000   23.0500  20.64   0.12   0.463E-04   0.137E-05  -0.423E-04   0.137E-05   -43.2615     0.6256  -0.452E-04   0.967E-06   0.400E-05   0.193E-05   0.885E-04   0.972E-06     1.7385     0.0379  CK26 CK33 CK25 CK32 CK27 CK19 CK34 CK18 CK24 CK40 CK31
  120.0500   23.0500  20.61   0.15   0.464E-04   0.139E-05  -0.456E-04   0.139E-05   -42.4400     0.6125  -0.458E-04   0.984E-06   0.785E-06   0.197E-05   0.921E-04   0.996E-06     2.5600     0.0547  CK33 CK32 CK26 CK25 CK34 CK40 CK27 CK39 CK31 CK19
  120.1000   23.0500  20.49   0.14   0.455E-04   0.129E-05  -0.471E-04   0.129E-05   -41.8947     0.5631  -0.448E-04   0.911E-06  -0.160E-05   0.182E-05   0.926E-04   0.926E-06     3.1053     0.0609  CK33 CK32 CK40 CK26 CK39 CK34 CK25 CK41 CK27 CK31
  120.1500   23.0500  20.05   0.16   0.452E-04   0.111E-05  -0.478E-04   0.111E-05   -41.4351     0.4830  -0.450E-04   0.784E-06  -0.265E-05   0.157E-05   0.930E-04   0.802E-06     3.5649     0.0599  CK33 CK40 CK32 CK39 CK34 CK41 CK26 CK25 CK31 CK47 CK38
  120.2000   23.0500  19.97   0.14   0.442E-04   0.144E-05  -0.473E-04   0.145E-05   -42.1098     0.6398  -0.479E-04   0.102E-05  -0.308E-05   0.204E-05   0.915E-04   0.104E-05     2.8902     0.0644  CK40 CK39 CK33 CK32 CK41 CK47 CK34 CK46 CK38
  120.2500   23.0500  19.85   0.30   0.450E-04   0.140E-05  -0.443E-04   0.140E-05   -43.4212     0.6365  -0.479E-04   0.992E-06   0.751E-06   0.198E-05   0.893E-04   0.997E-06     1.5788     0.0351  CK40 CK39 CK47 CK33 CK46 CK41 CK32 CK48 CK38 CK34
  120.3000   23.0500  19.75   0.49   0.466E-04   0.155E-05  -0.431E-04   0.155E-05   -44.8517     0.6998  -0.494E-04   0.110E-05   0.348E-05   0.219E-05   0.897E-04   0.110E-05     0.1483     0.0036  CK40 CK47 CK39 CK46 CK41 CK48 CK33 CK32 CK38 CK45
  120.3500   23.0500  19.92   0.74   0.480E-04   0.297E-05  -0.419E-04   0.294E-05   -45.9325     1.3308  -0.506E-04   0.209E-05   0.616E-05   0.418E-05   0.899E-04   0.209E-05    -0.9325     0.0433  CK47 CK46 CK40 CK39 CK48 CK41 CK45
  119.5500   23.1000  15.04  -1.46   0.393E-04   0.329E-05  -0.452E-04   0.333E-05   -43.6126     1.5853  -0.451E-04   0.234E-05  -0.587E-05   0.468E-05   0.846E-04   0.235E-05     1.3874     0.0767  CK05 CK12 CK06 CK04 CK13 CK11
  119.6000   23.1000  14.95  -1.39   0.408E-04   0.234E-05  -0.433E-04   0.234E-05   -45.5777     1.1247  -0.429E-04   0.165E-05  -0.246E-05   0.330E-05   0.841E-04   0.165E-05    -0.5777     0.0227  CK12 CK05 CK13 CK06 CK11 CK04 CK19 CK20
  119.6500   23.1000  15.09  -1.33   0.424E-04   0.209E-05  -0.424E-04   0.210E-05   -47.3882     1.0000  -0.428E-04   0.148E-05   0.593E-08   0.297E-05   0.847E-04   0.150E-05    -2.3882     0.0836  CK12 CK13 CK05 CK11 CK19 CK06 CK20 CK04 CK18
  119.7000   23.1000  15.35  -1.32   0.429E-04   0.209E-05  -0.415E-04   0.210E-05   -48.6071     0.9990  -0.418E-04   0.148E-05   0.148E-05   0.297E-05   0.844E-04   0.152E-05    -3.6071     0.1265  CK12 CK19 CK13 CK11 CK20 CK18 CK05 CK06 CK04
  119.7500   23.1000  15.56  -1.11   0.420E-04   0.170E-05  -0.382E-04   0.174E-05   -50.2516     0.8541  -0.423E-04   0.122E-05   0.380E-05   0.243E-05   0.803E-04   0.128E-05    -5.2516     0.1583  CK19 CK12 CK20 CK13 CK18 CK11 CK26 CK27 CK05 CK25
  119.8000   23.1000  16.00  -0.93   0.395E-04   0.183E-05  -0.369E-04   0.184E-05   -49.8512     0.9597  -0.433E-04   0.130E-05   0.255E-05   0.260E-05   0.764E-04   0.135E-05    -4.8512     0.1641  CK19 CK20 CK12 CK18 CK26 CK13 CK27 CK11 CK25
  119.8500   23.1000  16.24  -0.62   0.368E-04   0.165E-05  -0.372E-04   0.167E-05   -48.4359     0.9029  -0.438E-04   0.117E-05  -0.469E-06   0.235E-05   0.740E-04   0.120E-05    -3.4359     0.1088  CK19 CK26 CK20 CK18 CK27 CK25 CK12 CK13 CK11 CK33
  119.9000   23.1000  16.39  -0.31   0.375E-04   0.173E-05  -0.368E-04   0.174E-05   -47.4284     0.9420  -0.441E-04   0.123E-05   0.766E-06   0.245E-05   0.743E-04   0.124E-05    -2.4284     0.0800  CK26 CK19 CK27 CK25 CK20 CK18 CK33 CK34 CK12 CK32
  119.9500   23.1000  16.56   0.01   0.377E-04   0.196E-05  -0.391E-04   0.196E-05   -45.3643     1.0346  -0.441E-04   0.139E-05  -0.141E-05   0.277E-05   0.768E-04   0.139E-05    -0.3643     0.0132  CK26 CK27 CK25 CK19 CK33 CK20 CK34 CK18 CK32
  120.0000   23.1000  16.42   0.20   0.392E-04   0.170E-05  -0.417E-04   0.169E-05   -43.7826     0.8495  -0.434E-04   0.120E-05  -0.250E-05   0.240E-05   0.808E-04   0.120E-05     1.2174     0.0361  CK26 CK33 CK27 CK25 CK34 CK32 CK19 CK20 CK18 CK40
  120.0500   23.1000  16.25   0.31   0.425E-04   0.151E-05  -0.430E-04   0.150E-05   -43.1634     0.7137  -0.426E-04   0.106E-05  -0.459E-06   0.213E-05   0.854E-04   0.107E-05     1.8366     0.0457  CK33 CK26 CK34 CK32 CK27 CK25 CK40 CK41 CK39 CK19
  120.1000   23.1000  16.08   0.32   0.422E-04   0.152E-05  -0.451E-04   0.152E-05   -42.0100     0.7059  -0.422E-04   0.108E-05  -0.288E-05   0.215E-05   0.873E-04   0.109E-05     2.9900     0.0735  CK33 CK34 CK40 CK32 CK26 CK41 CK27 CK39 CK25
  120.1500   23.1000  15.71   0.29   0.411E-04   0.134E-05  -0.456E-04   0.132E-05   -41.3167     0.6192  -0.425E-04   0.938E-06  -0.451E-05   0.188E-05   0.868E-04   0.961E-06     3.6833     0.0794  CK33 CK40 CK34 CK32 CK41 CK39 CK26 CK27 CK47 CK25
  120.2000   23.1000  15.52   0.40   0.430E-04   0.142E-05  -0.431E-04   0.141E-05   -42.7244     0.6660  -0.435E-04   0.100E-05  -0.132E-06   0.200E-05   0.861E-04   0.101E-05     2.2756     0.0528  CK40 CK33 CK41 CK39 CK34 CK32 CK47 CK48 CK46 CK26
  120.2500   23.1000  15.38   0.45   0.421E-04   0.167E-05  -0.420E-04   0.166E-05   -43.0290     0.8033  -0.449E-04   0.118E-05   0.756E-07   0.236E-05   0.841E-04   0.119E-05     1.9710     0.0552  CK40 CK41 CK47 CK39 CK33 CK48 CK34 CK46 CK32
  120.3000   23.1000  15.29   0.62   0.428E-04   0.187E-05  -0.413E-04   0.187E-05   -43.6946     0.9008  -0.457E-04   0.132E-05   0.148E-05   0.264E-05   0.840E-04   0.133E-05     1.3054     0.0410  CK40 CK47 CK41 CK48 CK39 CK46 CK33 CK34 CK32
  120.3500   23.1000  15.29   0.83   0.443E-04   0.365E-05  -0.388E-04   0.365E-05   -45.2416     1.7801  -0.472E-04   0.258E-05   0.544E-05   0.516E-05   0.831E-04   0.258E-05    -0.2416     0.0150  CK47 CK40 CK48 CK46 CK41 CK39
  119.5500   23.1500  11.80  -1.39   0.292E-04   0.222E-05  -0.348E-04   0.230E-05   -42.5457     1.4321  -0.330E-04   0.160E-05  -0.555E-05   0.320E-05   0.640E-04   0.162E-05     2.4543     0.1225  CK05 CK06 CK12 CK13 CK04 CK07 CK11 CK14
  119.6000   23.1500  11.65  -1.38   0.312E-04   0.157E-05  -0.335E-04   0.158E-05   -44.6233     0.9872  -0.319E-04   0.111E-05  -0.234E-05   0.223E-05   0.647E-04   0.111E-05     0.3767     0.0130  CK12 CK13 CK05 CK06 CK11 CK19 CK04 CK14 CK20 CK07
  119.6500   23.1500  11.55  -1.43   0.362E-04   0.160E-05  -0.339E-04   0.160E-05   -48.0091     0.9205  -0.346E-04   0.113E-05   0.233E-05   0.226E-05   0.701E-04   0.115E-05    -3.0091     0.0970  CK12 CK13 CK05 CK06 CK19 CK20 CK11 CK14 CK04 CK18
  119.7000   23.1500  12.00  -1.41   0.369E-04   0.152E-05  -0.283E-04   0.148E-05   -51.4687     0.9071  -0.306E-04   0.106E-05   0.858E-05   0.212E-05   0.653E-04   0.114E-05    -6.4687     0.2084  CK12 CK13 CK19 CK20 CK05 CK11 CK06 CK14 CK18 CK21
  119.7500   23.1500  12.35  -1.24   0.322E-04   0.117E-05  -0.280E-04   0.117E-05   -50.7036     0.7718  -0.320E-04   0.828E-06   0.420E-05   0.166E-05   0.602E-04   0.875E-06    -5.7036     0.1557  CK19 CK20 CK12 CK13 CK18 CK26 CK27 CK11 CK21 CK14 CK05 CK06
  119.8000   23.1500  12.72  -1.16   0.318E-04   0.145E-05  -0.286E-04   0.143E-05   -51.2889     0.9433  -0.351E-04   0.102E-05   0.319E-05   0.204E-05   0.604E-04   0.109E-05    -6.2889     0.2105  CK19 CK20 CK12 CK13 CK26 CK27 CK18 CK21 CK11 CK25
  119.8500   23.1500  13.05  -0.73   0.293E-04   0.145E-05  -0.249E-04   0.141E-05   -51.1207     1.0440  -0.354E-04   0.101E-05   0.440E-05   0.202E-05   0.542E-04   0.108E-05    -6.1207     0.2265  CK19 CK20 CK26 CK27 CK18 CK12 CK13 CK21 CK25 CK28
  119.9000   23.1500  13.09  -0.36   0.249E-04   0.129E-05  -0.292E-04   0.129E-05   -46.2397     0.9674  -0.359E-04   0.914E-06  -0.428E-05   0.183E-05   0.541E-04   0.917E-06    -1.2397     0.0419  CK26 CK27 CK19 CK20 CK25 CK33 CK34 CK28 CK18 CK21 CK12
  119.9500   23.1500  13.01  -0.03   0.298E-04   0.153E-05  -0.330E-04   0.153E-05   -45.1994     0.9849  -0.385E-04   0.108E-05  -0.325E-05   0.216E-05   0.628E-04   0.108E-05    -0.1994     0.0069  CK26 CK27 CK19 CK33 CK20 CK34 CK25 CK28 CK18 CK32
  120.0000   23.1500  13.11   0.17   0.304E-04   0.154E-05  -0.318E-04   0.153E-05   -46.4183     0.9982  -0.350E-04   0.108E-05  -0.135E-05   0.217E-05   0.622E-04   0.109E-05    -1.4183     0.0495  CK26 CK27 CK33 CK34 CK25 CK19 CK20 CK28 CK32 CK35
  120.0500   23.1500  12.92   0.34   0.295E-04   0.141E-05  -0.381E-04   0.142E-05   -42.6207     0.8492  -0.327E-04   0.100E-05  -0.859E-05   0.200E-05   0.675E-04   0.101E-05     2.3793     0.0704  CK33 CK34 CK26 CK27 CK32 CK40 CK41 CK35 CK25 CK28
  120.1000   23.1500  12.58   0.26   0.314E-04   0.133E-05  -0.388E-04   0.133E-05   -42.9694     0.7679  -0.345E-04   0.941E-06  -0.736E-05   0.188E-05   0.702E-04   0.948E-06     2.0306     0.0544  CK33 CK34 CK40 CK26 CK41 CK27 CK32 CK35 CK39 CK25
  120.1500   23.1500  12.42   0.32   0.296E-04   0.118E-05  -0.345E-04   0.119E-05   -42.8164     0.7487  -0.320E-04   0.838E-06  -0.491E-05   0.168E-05   0.641E-04   0.845E-06     2.1836     0.0570  CK33 CK34 CK40 CK41 CK32 CK26 CK27 CK35 CK39 CK42 CK47
  120.2000   23.1500  12.19   0.38   0.275E-04   0.131E-05  -0.342E-04   0.134E-05   -40.1608     0.8703  -0.330E-04   0.937E-06  -0.665E-05   0.187E-05   0.617E-04   0.976E-06     4.8392     0.1463  CK40 CK41 CK33 CK34 CK47 CK39 CK48 CK42 CK32 CK35
  120.2500   23.1500  11.88   0.61   0.334E-04   0.137E-05  -0.336E-04   0.138E-05   -42.1684     0.8323  -0.360E-04   0.973E-06  -0.147E-06   0.195E-05   0.670E-04   0.987E-06     2.8316     0.0821  CK40 CK41 CK47 CK48 CK33 CK34 CK39 CK42 CK46 CK32
  120.3000   23.1500  11.88   0.70   0.324E-04   0.145E-05  -0.298E-04   0.146E-05   -44.3660     0.9479  -0.340E-04   0.103E-05   0.262E-05   0.206E-05   0.622E-04   0.103E-05     0.6340     0.0210  CK40 CK41 CK47 CK48 CK39 CK33 CK46 CK34 CK42 CK49
  120.3500   23.1500  11.91   0.87   0.316E-04   0.232E-05  -0.299E-04   0.234E-05   -44.3064     1.5353  -0.355E-04   0.165E-05   0.169E-05   0.329E-05   0.614E-04   0.165E-05     0.6936     0.0372  CK47 CK48 CK40 CK41 CK46 CK49 CK39 CK42
  119.5500   23.2000   8.77  -1.36   0.209E-04   0.204E-05  -0.290E-04   0.220E-05   -38.7913     1.7198  -0.240E-04   0.150E-05  -0.815E-05   0.300E-05   0.499E-04   0.160E-05     6.2087     0.3698  CK06 CK13 CK05 CK12 CK07 CK14 CK04
  119.6000   23.2000   8.28  -1.38   0.219E-04   0.119E-05  -0.210E-04   0.119E-05   -45.2275     1.1186  -0.199E-04   0.838E-06   0.833E-06   0.168E-05   0.429E-04   0.838E-06    -0.2275     0.0089  CK13 CK06 CK12 CK05 CK14 CK07 CK20 CK19
  119.6500   23.2000   8.80  -1.42   0.274E-04   0.111E-05  -0.222E-04   0.111E-05   -48.3635     0.8989  -0.230E-04   0.784E-06   0.520E-05   0.157E-05   0.496E-04   0.800E-06    -3.3635     0.1060  CK13 CK12 CK06 CK20 CK14 CK05 CK19 CK07 CK21 CK11
  119.7000   23.2000   9.14  -1.51   0.287E-04   0.104E-05  -0.211E-04   0.104E-05   -49.7275     0.8340  -0.226E-04   0.736E-06   0.757E-05   0.147E-05   0.499E-04   0.765E-06    -4.7275     0.1389  CK13 CK20 CK12 CK19 CK14 CK06 CK21 CK05 CK07 CK11
  119.7500   23.2000   9.11  -1.43   0.246E-04   0.812E-06  -0.152E-04   0.840E-06   -54.3055     0.7974  -0.210E-04   0.584E-06   0.941E-05   0.117E-05   0.398E-04   0.667E-06    -9.3055     0.2685  CK20 CK13 CK19 CK12 CK21 CK14 CK27 CK26 CK06
  119.8000   23.2000   9.81  -1.17   0.246E-04   0.105E-05  -0.189E-04   0.104E-05   -50.9969     0.9508  -0.271E-04   0.738E-06   0.567E-05   0.148E-05   0.435E-04   0.784E-06    -5.9969     0.2020  CK20 CK19 CK13 CK27 CK21 CK12 CK26 CK14 CK28 CK18
  119.8500   23.2000   9.98  -0.81   0.204E-04   0.977E-06  -0.210E-04   0.981E-06   -48.0324     0.9526  -0.288E-04   0.692E-06  -0.619E-06   0.138E-05   0.414E-04   0.704E-06    -3.0324     0.1012  CK20 CK27 CK19 CK26 CK21 CK28 CK13 CK12 CK34 CK18 CK14
  119.9000   23.2000   9.84  -0.48   0.160E-04   0.116E-05  -0.204E-04   0.116E-05   -45.6194     1.2883  -0.278E-04   0.820E-06  -0.442E-05   0.164E-05   0.365E-04   0.821E-06    -0.6194     0.0279  CK27 CK20 CK26 CK19 CK28 CK21 CK34 CK33 CK13
  119.9500   23.2000  10.12  -0.20   0.195E-04   0.117E-05  -0.258E-04   0.117E-05   -45.4126     1.0454  -0.294E-04   0.826E-06  -0.623E-05   0.165E-05   0.453E-04   0.827E-06    -0.4126     0.0151  CK27 CK26 CK20 CK34 CK28 CK19 CK33 CK21 CK35 CK25
  120.0000   23.2000   9.85   0.04   0.209E-04   0.119E-05  -0.280E-04   0.119E-05   -45.7254     0.9854  -0.287E-04   0.841E-06  -0.714E-05   0.168E-05   0.489E-04   0.842E-06    -0.7254     0.0250  CK27 CK34 CK26 CK33 CK28 CK35 CK20 CK19 CK41 CK25
  120.0500   23.2000   9.72   0.18   0.222E-04   0.123E-05  -0.305E-04   0.123E-05   -45.4796     0.9436  -0.268E-04   0.868E-06  -0.821E-05   0.174E-05   0.527E-04   0.868E-06    -0.4796     0.0158  CK34 CK27 CK33 CK26 CK35 CK28 CK41 CK40 CK20 CK32
  120.1000   23.2000   9.67   0.29   0.218E-04   0.123E-05  -0.284E-04   0.123E-05   -44.3388     0.9925  -0.256E-04   0.870E-06  -0.657E-05   0.174E-05   0.502E-04   0.871E-06     0.6612     0.0229  CK34 CK33 CK41 CK27 CK35 CK40 CK26 CK42 CK28 CK32
  120.1500   23.2000   9.13   0.38   0.152E-04   0.125E-05  -0.238E-04   0.124E-05   -43.4027     1.2901  -0.221E-04   0.879E-06  -0.858E-05   0.176E-05   0.390E-04   0.883E-06     1.5973     0.0719  CK34 CK41 CK33 CK40 CK35 CK42 CK27 CK26 CK48
  120.2000   23.2000   9.20   0.43   0.202E-04   0.118E-05  -0.244E-04   0.118E-05   -42.4271     1.0718  -0.250E-04   0.834E-06  -0.415E-05   0.167E-05   0.446E-04   0.844E-06     2.5729     0.0961  CK41 CK34 CK40 CK33 CK42 CK35 CK48 CK47 CK49 CK39
  120.2500   23.2000   8.99   0.57   0.204E-04   0.111E-05  -0.243E-04   0.111E-05   -41.6614     1.0091  -0.253E-04   0.787E-06  -0.390E-05   0.157E-05   0.447E-04   0.803E-06     3.3386     0.1173  CK41 CK40 CK48 CK34 CK42 CK47 CK33 CK49 CK35 CK39
  120.3000   23.2000   8.46   0.78   0.192E-04   0.116E-05  -0.207E-04   0.116E-05   -41.6533     1.1772  -0.219E-04   0.819E-06  -0.155E-05   0.164E-05   0.399E-04   0.836E-06     3.3467     0.1372  CK41 CK48 CK40 CK47 CK42 CK49 CK34 CK33
  120.3500   23.2000   8.79   0.93   0.242E-04   0.195E-05  -0.226E-04   0.195E-05   -45.0993     1.6878  -0.273E-04   0.138E-05   0.158E-05   0.276E-05   0.469E-04   0.138E-05    -0.0993     0.0058  CK48 CK41 CK47 CK40 CK49 CK42 CK46
  119.5500   23.2500   6.45  -1.23   0.170E-04   0.203E-05  -0.212E-04   0.217E-05   -37.8583     2.2239  -0.175E-04   0.149E-05  -0.419E-05   0.297E-05   0.383E-04   0.162E-05     7.1417     0.5487  CK06 CK13 CK07 CK14 CK05 CK12
  119.6000   23.2500   6.37  -1.31   0.201E-04   0.124E-05  -0.172E-04   0.124E-05   -43.4723     1.3454  -0.169E-04   0.876E-06   0.298E-05   0.175E-05   0.373E-04   0.880E-06     1.5277     0.0717  CK13 CK06 CK14 CK07 CK12 CK05 CK20 CK21
  119.6500   23.2500   6.54  -1.39   0.231E-04   0.102E-05  -0.158E-04   0.103E-05   -47.3537     1.0636  -0.176E-04   0.724E-06   0.734E-05   0.145E-05   0.389E-04   0.732E-06    -2.3537     0.0876  CK13 CK14 CK06 CK20 CK12 CK07 CK21 CK05 CK19
  119.7000   23.2500   6.91  -1.48   0.252E-04   0.914E-06  -0.145E-04   0.920E-06   -50.0162     0.9211  -0.176E-04   0.648E-06   0.107E-04   0.130E-05   0.397E-04   0.677E-06    -5.0162     0.1630  CK13 CK20 CK14 CK21 CK12 CK06 CK19 CK07 CK05
  119.7500   23.2500   7.07  -1.44   0.249E-04   0.875E-06  -0.127E-04   0.890E-06   -49.8169     0.9365  -0.198E-04   0.624E-06   0.122E-04   0.125E-05   0.376E-04   0.650E-06    -4.8169     0.1590  CK20 CK13 CK21 CK14 CK19 CK12 CK27 CK28 CK06
  119.8000   23.2500   7.49  -1.19   0.209E-04   0.107E-05  -0.137E-04   0.108E-05   -49.2419     1.2503  -0.224E-04   0.763E-06   0.729E-05   0.153E-05   0.346E-04   0.788E-06    -4.2419     0.1865  CK20 CK21 CK13 CK27 CK19 CK14 CK28 CK12 CK26
  119.8500   23.2500   7.61  -0.86   0.176E-04   0.102E-05  -0.157E-04   0.102E-05   -45.4812     1.2424  -0.243E-04   0.723E-06   0.194E-05   0.145E-05   0.333E-04   0.723E-06    -0.4812     0.0209  CK20 CK27 CK21 CK28 CK19 CK26 CK13 CK14 CK34 CK12
  119.9000   23.2500   7.68  -0.63   0.149E-04   0.118E-05  -0.188E-04   0.117E-05   -44.3108     1.4108  -0.248E-04   0.830E-06  -0.387E-05   0.166E-05   0.337E-04   0.831E-06     0.6892     0.0339  CK27 CK20 CK28 CK21 CK26 CK19 CK34 CK35 CK13
  119.9500   23.2500   7.63  -0.32   0.159E-04   0.124E-05  -0.215E-04   0.124E-05   -44.4053     1.3458  -0.244E-04   0.878E-06  -0.558E-05   0.176E-05   0.374E-04   0.878E-06     0.5947     0.0279  CK27 CK28 CK20 CK34 CK26 CK21 CK35 CK19 CK33
  120.0000   23.2500   7.45  -0.10   0.162E-04   0.135E-05  -0.241E-04   0.136E-05   -46.0249     1.3628  -0.226E-04   0.960E-06  -0.787E-05   0.192E-05   0.403E-04   0.961E-06    -1.0249     0.0488  CK27 CK34 CK28 CK35 CK26 CK33 CK20 CK21 CK41
  120.0500   23.2500   7.35   0.05   0.164E-04   0.137E-05  -0.227E-04   0.138E-05   -47.4637     1.4205  -0.216E-04   0.973E-06  -0.636E-05   0.195E-05   0.391E-04   0.984E-06    -2.4637     0.1225  CK34 CK27 CK35 CK28 CK33 CK26 CK41 CK42 CK20
  120.1000   23.2500   7.29   0.14   0.157E-04   0.133E-05  -0.221E-04   0.133E-05   -46.4977     1.4264  -0.203E-04   0.942E-06  -0.645E-05   0.188E-05   0.378E-04   0.946E-06    -1.4977     0.0746  CK34 CK35 CK41 CK27 CK33 CK42 CK28 CK40 CK26
  120.1500   23.2500   7.09   0.24   0.137E-04   0.132E-05  -0.186E-04   0.132E-05   -44.3959     1.6559  -0.202E-04   0.933E-06  -0.485E-05   0.187E-05   0.323E-04   0.934E-06     0.6041     0.0349  CK34 CK41 CK35 CK42 CK33 CK40 CK27 CK28 CK48
  120.2000   23.2500   7.01   0.37   0.127E-04   0.126E-05  -0.193E-04   0.126E-05   -42.3681     1.5947  -0.200E-04   0.891E-06  -0.659E-05   0.178E-05   0.320E-04   0.902E-06     2.6319     0.1463  CK41 CK34 CK42 CK35 CK40 CK33 CK48 CK49 CK47
  120.2500   23.2500   6.77   0.58   0.136E-04   0.115E-05  -0.191E-04   0.114E-05   -41.5816     1.4191  -0.199E-04   0.810E-06  -0.548E-05   0.162E-05   0.327E-04   0.827E-06     3.4184     0.1689  CK41 CK42 CK48 CK34 CK40 CK49 CK35 CK47 CK33
  120.3000   23.2500   6.51   0.75   0.143E-04   0.124E-05  -0.184E-04   0.123E-05   -42.3514     1.5322  -0.196E-04   0.874E-06  -0.406E-05   0.175E-05   0.327E-04   0.885E-06     2.6486     0.1415  CK41 CK48 CK42 CK49 CK40 CK47 CK34 CK35
  120.3500   23.2500   6.30   0.90   0.153E-04   0.181E-05  -0.201E-04   0.186E-05   -41.6992     2.1011  -0.200E-04   0.130E-05  -0.477E-05   0.260E-05   0.354E-04   0.132E-05     3.3008     0.2416  CK48 CK41 CK49 CK42 CK47 CK40
  119.5500   23.3000   4.86  -1.01   0.161E-04   0.177E-05  -0.198E-04   0.191E-05   -34.5230     2.0728  -0.152E-04   0.130E-05  -0.374E-05   0.260E-05   0.359E-04   0.153E-05    10.4770     0.7413  CK07 CK06 CK14 CK13 CK05 CK12
  119.6000   23.3000   4.72  -1.11   0.196E-04   0.123E-05  -0.150E-04   0.121E-05   -41.5753     1.4332  -0.151E-04   0.863E-06   0.459E-05   0.173E-05   0.345E-04   0.882E-06     3.4247     0.1709  CK14 CK13 CK07 CK06 CK21 CK12 CK20 CK05
  119.6500   23.3000   4.75  -1.23   0.210E-04   0.134E-05  -0.110E-04   0.134E-05   -45.2572     1.7001  -0.141E-04   0.949E-06   0.101E-04   0.190E-05   0.320E-04   0.949E-06    -0.2572     0.0153  CK14 CK13 CK07 CK06 CK21 CK20 CK12
  119.7000   23.3000   5.15  -1.32   0.246E-04   0.101E-05  -0.110E-04   0.103E-05   -49.8464     1.1456  -0.157E-04   0.723E-06   0.135E-04   0.145E-05   0.356E-04   0.753E-06    -4.8464     0.1957  CK14 CK13 CK21 CK20 CK07 CK06 CK12 CK19
  119.7500   23.3000   5.36  -1.19   0.228E-04   0.905E-06  -0.111E-04   0.919E-06   -46.7895     1.0870  -0.182E-04   0.645E-06   0.117E-04   0.129E-05   0.339E-04   0.649E-06    -1.7895     0.0680  CK21 CK20 CK14 CK13 CK28 CK27 CK19 CK12 CK07 CK06
  119.8000   23.3000   5.59  -1.10   0.217E-04   0.158E-05  -0.102E-04   0.155E-05   -42.8190     1.9863  -0.205E-04   0.111E-05   0.115E-04   0.221E-05   0.319E-04   0.112E-05     2.1810     0.1511  CK21 CK20 CK14 CK13 CK28 CK27 CK19
  119.8500   23.3000   5.70  -0.72   0.182E-04   0.140E-05  -0.133E-04   0.139E-05   -41.9275     1.7934  -0.237E-04   0.986E-06   0.497E-05   0.197E-05   0.315E-04   0.100E-05     3.0725     0.1920  CK21 CK20 CK28 CK27 CK14 CK13 CK19 CK26
  119.9000   23.3000   5.71  -0.54   0.164E-04   0.122E-05  -0.182E-04   0.119E-05   -40.3704     1.4058  -0.231E-04   0.850E-06  -0.185E-05   0.170E-05   0.346E-04   0.882E-06     4.6296     0.2262  CK28 CK27 CK21 CK20 CK35 CK34 CK26 CK19 CK14
  119.9500   23.3000   5.56  -0.33   0.152E-04   0.189E-05  -0.196E-04   0.186E-05   -42.5420     2.1797  -0.214E-04   0.133E-05  -0.445E-05   0.265E-05   0.348E-04   0.134E-05     2.4580     0.1868  CK28 CK27 CK21 CK35 CK20 CK34 CK26
  120.0000   23.3000   5.50  -0.27   0.171E-04   0.173E-05  -0.212E-04   0.173E-05   -46.3080     1.8264  -0.204E-04   0.122E-05  -0.408E-05   0.245E-05   0.383E-04   0.123E-05    -1.3080     0.0835  CK28 CK27 CK35 CK34 CK21 CK20 CK26 CK33
  120.0500   23.3000   5.43  -0.10   0.169E-04   0.169E-05  -0.207E-04   0.171E-05   -48.5949     1.8219  -0.187E-04   0.120E-05  -0.374E-05   0.241E-05   0.376E-04   0.123E-05    -3.5949     0.2298  CK35 CK34 CK28 CK27 CK42 CK41 CK33 CK26
  120.1000   23.3000   5.46  -0.09   0.130E-04   0.182E-05  -0.165E-04   0.187E-05   -48.9287     2.5083  -0.174E-04   0.131E-05  -0.356E-05   0.261E-05   0.295E-04   0.134E-05    -3.9287     0.3462  CK35 CK34 CK42 CK28 CK41 CK27 CK33
  120.1500   23.3000   5.46   0.05   0.120E-04   0.132E-05  -0.166E-04   0.134E-05   -46.8772     1.8802  -0.179E-04   0.941E-06  -0.462E-05   0.188E-05   0.286E-04   0.947E-06    -1.8772     0.1234  CK35 CK34 CK42 CK41 CK28 CK27 CK33 CK40 CK49
  120.2000   23.3000   5.40   0.22   0.782E-05   0.136E-05  -0.169E-04   0.135E-05   -42.4741     2.2215  -0.181E-04   0.959E-06  -0.909E-05   0.192E-05   0.247E-04   0.970E-06     2.5259     0.1956  CK42 CK41 CK35 CK34 CK49 CK48 CK40 CK33
  120.2500   23.3000   5.08   0.51   0.787E-05   0.138E-05  -0.156E-04   0.135E-05   -41.7455     2.3546  -0.162E-04   0.964E-06  -0.770E-05   0.193E-05   0.234E-04   0.982E-06     3.2545     0.2669  CK42 CK41 CK49 CK48 CK35 CK34 CK40
  120.3000   23.3000   4.85   0.68   0.113E-04   0.120E-05  -0.177E-04   0.119E-05   -41.8651     1.6675  -0.175E-04   0.845E-06  -0.641E-05   0.169E-05   0.290E-04   0.860E-06     3.1349     0.1821  CK42 CK41 CK49 CK48 CK35 CK34 CK40 CK47
  120.3500   23.3000   4.54   0.80   0.131E-04   0.170E-05  -0.208E-04   0.175E-05   -41.0486     2.0647  -0.172E-04   0.122E-05  -0.775E-05   0.245E-05   0.339E-04   0.126E-05     3.9514     0.2839  CK49 CK48 CK42 CK41 CK47 CK40
  119.5500   23.3500   3.66  -0.59   0.151E-04   0.174E-05  -0.153E-04   0.162E-05   -24.4920     2.2341  -0.943E-05   0.119E-05  -0.184E-06   0.238E-05   0.305E-04   0.180E-05    20.5080     1.4662  CK07 CK14 CK06 CK13
  119.6000   23.3500   3.39  -0.73   0.184E-04   0.197E-05  -0.907E-05   0.174E-05   -35.4879     2.7367  -0.108E-04   0.131E-05   0.933E-05   0.262E-05   0.275E-04   0.151E-05     9.5121     0.8921  CK14 CK07 CK13 CK06 CK21 CK20
  119.6500   23.3500   3.38  -0.86   0.207E-04   0.206E-05  -0.784E-05   0.194E-05   -40.7721     2.8403  -0.119E-04   0.141E-05   0.128E-04   0.283E-05   0.285E-04   0.146E-05     4.2279     0.4176  CK14 CK13 CK07 CK21 CK06 CK20
  119.7000   23.3500   3.67  -1.00   0.231E-04   0.175E-05  -0.659E-05   0.176E-05   -45.6431     2.3937  -0.125E-04   0.124E-05   0.165E-04   0.248E-05   0.297E-04   0.124E-05    -0.6431     0.0537  CK14 CK21 CK13 CK20 CK07 CK06
  119.7500   23.3500   3.79  -0.83   0.214E-04   0.177E-05  -0.631E-05   0.169E-05   -42.0623     2.5363  -0.158E-04   0.123E-05   0.151E-04   0.245E-05   0.277E-04   0.124E-05     2.9377     0.2596  CK21 CK14 CK20 CK13 CK28 CK27 CK07
  119.8000   23.3500   3.93  -0.67   0.202E-04   0.245E-05  -0.671E-05   0.225E-05   -39.0167     3.5334  -0.183E-04   0.166E-05   0.135E-04   0.332E-05   0.269E-04   0.177E-05     5.9833     0.7326  CK21 CK20 CK14 CK28 CK13 CK27
  119.8500   23.3500   3.98  -0.45   0.199E-04   0.216E-05  -0.986E-05   0.184E-05   -35.2352     2.7285  -0.188E-04   0.142E-05   0.101E-04   0.284E-05   0.298E-04   0.164E-05     9.7648     0.9121  CK21 CK28 CK20 CK27 CK14 CK13 CK35
  119.9000   23.3500   3.87  -0.22   0.189E-04   0.208E-05  -0.132E-04   0.172E-05   -33.5875     2.4067  -0.197E-04   0.135E-05   0.570E-05   0.270E-05   0.321E-04   0.163E-05    11.4125     0.9336  CK28 CK21 CK27 CK20 CK35 CK34 CK14
  119.9500   23.3500   3.81  -0.14   0.176E-04   0.281E-05  -0.146E-04   0.248E-05   -36.2857     3.3409  -0.178E-04   0.187E-05   0.298E-05   0.375E-05   0.321E-04   0.211E-05     8.7143     1.0007  CK28 CK27 CK21 CK35 CK20 CK34
  120.0000   23.3500   3.84  -0.19   0.165E-04   0.249E-05  -0.140E-04   0.240E-05   -42.7996     3.2449  -0.160E-04   0.173E-05   0.252E-05   0.346E-05   0.305E-04   0.174E-05     2.2004     0.2490  CK28 CK35 CK27 CK34 CK21 CK20 CK42
  120.0500   23.3500   3.97  -0.31   0.125E-04   0.224E-05  -0.142E-04   0.243E-05   -49.9055     3.4873  -0.134E-04   0.165E-05  -0.166E-05   0.330E-05   0.267E-04   0.172E-05    -4.9055     0.6030  CK35 CK28 CK34 CK27 CK42 CK41 CK21
  120.1000   23.3500   4.14  -0.33   0.945E-05   0.232E-05  -0.130E-04   0.265E-05   -54.1995     4.2657  -0.128E-04   0.176E-05  -0.354E-05   0.352E-05   0.224E-04   0.201E-05    -9.1995     1.4189  CK35 CK34 CK42 CK28 CK41 CK27
  120.1500   23.3500   4.20  -0.19   0.529E-05   0.173E-05  -0.122E-04   0.196E-05   -52.6743     4.1232  -0.127E-04   0.131E-05  -0.693E-05   0.261E-05   0.175E-04   0.144E-05    -7.6743     1.1317  CK35 CK42 CK34 CK41 CK28 CK27 CK49
  120.2000   23.3500   4.13   0.09   0.350E-05   0.156E-05  -0.116E-04   0.168E-05   -49.3751     4.3013  -0.122E-04   0.114E-05  -0.806E-05   0.229E-05   0.151E-04   0.118E-05    -4.3751     0.6621  CK42 CK35 CK41 CK34 CK49 CK48 CK28
  120.2500   23.3500   3.95   0.32   0.242E-05   0.176E-05  -0.126E-04   0.170E-05   -42.3850     4.6741  -0.124E-04   0.122E-05  -0.102E-04   0.245E-05   0.150E-04   0.124E-05     2.6150     0.4261  CK42 CK41 CK49 CK35 CK48 CK34
  120.3000   23.3500   3.57   0.50   0.397E-05   0.168E-05  -0.149E-04   0.161E-05   -41.8217     3.5354  -0.123E-04   0.116E-05  -0.109E-04   0.233E-05   0.189E-04   0.119E-05     3.1783     0.3914  CK42 CK49 CK41 CK48 CK35 CK34
  120.3500   23.3500   3.12   0.56   0.658E-05   0.232E-05  -0.198E-04   0.229E-05   -41.1859     3.5429  -0.110E-04   0.163E-05  -0.132E-04   0.326E-05   0.264E-04   0.167E-05     3.8141     0.4703  CK49 CK42 CK48 CK41
