        **** no. of ground check points =    11 ****
 ..............................................................................

photo no. =      4095

         PHOTO SYSTEM                             GROUND SYSTEM
 pts no. xxxx.xxx yyyy.yyy  weight    xxxxxx.xxx yyyyyy.yyy zzzzzz.zzz weight
          [mm.]    [mm.]  [1/mm.**2]      [m.]       [m.]       [m.]   [1/m.**2]
  409401   -6.418   85.732  10000.    154716.3002553510.000      2.032   400.
  409402     .123   50.754  10000.    154885.6002553252.000      1.772   400.
  409404  -12.853  -79.191  10000.    155212.0002552184.000      2.150   400.
  409406   -5.016  -47.393  10000.    155169.5002552458.000      2.841   400.
  940018   14.439   96.039  10000.    154848.0002553663.000      1.891   400.
  940019   -8.220   16.919  10000.    154932.1002552954.000      2.804   400.
 1340013     .097   99.554  10000.    154721.8002553643.000      1.701   400.
 1340014   -2.525   55.313  10000.    154849.4002553279.000      1.999   400.
 1450009    6.614  -65.879  10000.    155321.7002552351.000      1.497   400.
 1450010   12.642  -82.354  10000.    155422.7002552242.000      1.585   400.
    5593    2.452   -4.500  10000.    155087.4002552820.000      5.899   400.

There are  11 points used in the space resection of a single photo.

    X0 =  154947.000   Y0 = 2552766.000   Z0 =  1350.000 [units: meters]
    Focal length =   153.797 mm.
    Initial values:
        omega =       .0000 radians.
        phie  =       .0000 radians.
        kappa =     -1.0000 radians.

    The dimension of normal matrix =    780


iteration  dxpc<m.>   dypc<m.>   dzpc<m.>  dphie<cc.>  domega<cc.>  dkapa<cc.>

    1       108.554    -93.109   1108.132      2050.9       1060.9    639928.1
    2       136.122    182.177  -1790.250      2350.8      28893.5    451404.2
    3       -48.562    -56.476    343.446      4066.6       1874.4    -99195.1
    4       -54.811     -1.976    247.375     -1196.7     -12646.4    -78303.5
    5       -28.657     28.162     60.845     -4669.0      -9263.0    -24040.7
    6        -2.762      3.594      1.032      -811.3       -705.0     -1282.1
    7         -.003       .004      -.012        -2.3           .2        -1.6
    8          .000       .000       .000          .0           .0          .0


       pno   mx<mm.>  vmx<mm.>   my<mm.>  vmy<mm.>        X<m.>  VX<m.>        Y<m.>  VY<m.>        Z<m.>  VZ<m.>

    409401   -6.4181    -.0104   85.7325    -.0057   154716.300    .021  2553510.000    .027        2.032    .008
    409402     .1227     .0017   50.7542     .0019   154885.600   -.003  2553252.000   -.007        1.772   -.002
    409404  -12.8531    -.0009  -79.1911    -.0032   155212.000   -.001  2552184.000    .010        2.150   -.005
    409406   -5.0158     .0016  -47.3929     .0098   155169.500    .007  2552458.000   -.029        2.841    .009
    940018   14.4395    -.0027   96.0389    -.0003   154848.000    .007  2553663.000    .004        1.891    .001
    940019   -8.2204    -.0007   16.9189     .0008   154932.100    .003  2552954.000   -.001        2.804    .000
   1340013     .0973     .0071   99.5544     .0054   154721.800   -.013  2553643.000   -.022        1.701   -.010
   1340014   -2.5249     .0040   55.3131    -.0031   154849.400   -.014  2553279.000    .004        1.999    .003
   1450009    6.6139    -.0022  -65.8792    -.0094   155321.700   -.005  2552351.000    .028        1.497   -.011
   1450010   12.6421    -.0006  -82.3538     .0047   155422.700    .007  2552242.000   -.012        1.585    .007
      5593    2.4516     .0030   -4.4997    -.0009   155087.400   -.009  2552820.000   -.001        5.899    .000


  sigma naught =             .654375 [ unitless ]


  parameter              value      Std. Dev.

     GXPC      155056.880   m.      .721  m.
     GYPC     2552828.376   m.      .314  m.
     GZPC        1320.568   m.      .050  m.
     phie           .1789 gon.     346.0 cc.
    omega           .9215 gon.     146.9 cc.
    kappa         25.1889 gon.      21.7 cc.

      root mean square errors of ground points :
        R.M.S. --- XYZ =      .021 meters
        R.M.S. --- XY  =      .020 meters
        R.M.S. --- Z   =      .007 meters

      root mean square errors of photo points :
        R.M.S. --- xy  =  .007 mm.
        R.M.S. --- x   =  .004 mm.
        R.M.S. --- y   =  .005 mm.
