	****	no.	of	ground	check	points	=	71	****			
	..............................................................................											
												
photo	no.	=	4095									
												
	PHOTO	SYSTEM	GROUND	SYSTEM								
	pts	no.	xxxx.xxx	yyyy.yyy	weight	xxxxxx.xxx	yyyyyy.yyy	zzzzzz.zzz	weight			
	[mm.]	[mm.]	[1/mm.**2]	[m.]	[m.]	[m.]	[1/m.**2]					
	409401	-6.418	85.732	10000	154716.3002553510.000	2.032	400					
	409502	61.908	87.109	10000	155256.9002553750.000	2.227	400					
	940016	88.528	100.415	10000	155425.6002553947.000	1.985	400					
	940018	14.439	96.039	10000	154848.0002553663.000	1.891	400					
	1340011	-82.247	93.72	10000	154085.6002553321.000	2.215	400					
	1340013	0.097	99.554	10000	154721.8002553643.000	1.701	400					
	1340015	91.662	99.337	10000	155454.3002553948.000	1.885	400					
												
There	are	7	points	used	in	the	space	resection	of	a	single	photo.
												
	X0	=	154947	Y0	=	2552766	Z0	=	1350	[units:	meters]	
	Focal	length	=	153.797	mm.							
	Initial	values:										
	omega	=	0	radians.								
	phie	=	0	radians.								
	kappa	=	-1	radians.								
												
	The	dimension	of	normal	matrix	=	378					
												
												
iteration												
		dxpc<m.>	dypc<m.>	dzpc<m.>	dphie<cc.>	domega<cc.>	dkapa<cc.>					
	1	96.647	92.621	1112.91	1294.2	387.5	634355.7					
	2	160.651	198.733	1768.123	6359.3	24633.7	456598.6					
	3	64.065	65.735	349.014	442.8	90	108648					
	4	64.538	1.951	229.251	1677.2	9284.9	75439.1					
	5	17.575	22.078	46.268	649.3	5309.3	17776.8					
	6	0.324	2.031	0.969	55.2	383.7	568.4					
	7	0.001	0.005	0.001	0.8	2.1	0.3					
	8	0	0	0	0	0	0					
												
												
	pno	mx<mm.>	vmx<mm.>	my<mm.>	vmy<mm.>	X<m.>	VX<m.>	Y<m.>	VY<m.>	Z<m.>	VZ<m.>	
												
	409401	-6.4181	-0.0101	85.7325	-0.0089	154716.3	0.017	2553510	0.035	2.032	0.014	
	409502	61.9075	0.0048	87.1089	0.0055	155256.9	-0.007	2553750	-0.02	2.227	-0.015	
	940016	88.5281	0.0004	100.4155	0.0023	155425.6	0.001	2553947	-0.006	1.985	-0.005	
	940018	14.4395	-0.0004	96.0389	0.0017	154848	0.003	2553663	-0.004	1.891	-0.003	
	1340011	-82.2474	0.0011	93.7199	0.0011	154085.6	-0.002	2553321	-0.004	2.215	0	
	1340013	0.0973	0.008	99.5544	0.0033	154721.8	-0.018	2553643	-0.018	1.701	-0.006	
	1340015	91.662	-0.0038	99.3365	-0.0049	155454.3	0.005	2553948	0.017	1.885	0.016	
												
												
	sigma	naught	=	0.796856	[	unitless	]					
												
												
	parameter	value	Std.	Dev.								
												
	GXPC	155057.794	m.	0.663	m.							
	GYPC	2552828.541	m.	1.21	m.							
	GZPC	1320.291	m.	0.87	m.							
	phie	0.224	gon.	294.4	cc.							
	omega	0.9176	gon.	589.7	cc.							
	kappa	25.1902	gon.	70.5	cc.							
												
	root	mean	square	errors	of	ground	points	:				
	R.M.S.	---	XYZ	=	0.023	meters						
	R.M.S.	---	XY	=	0.021	meters						
	R.M.S.	---	Z	=	0.01	meters						
												
	root	mean	square	errors	of	photo	points	:				
	R.M.S.	---	xy	=	0.007	mm.						
	R.M.S.	---	x	=	0.005	mm.						
	R.M.S.	---	y	=	0.005	mm.						
												
												
	There	is(are)	1	photo(s)	to	compute	the	space	resection.			
	****	END	the	Space	Resection	of	a	single	photo	****		
