        **** no. of ground check points =    71 ****
 ..............................................................................

photo no. =      4095

         PHOTO SYSTEM                             GROUND SYSTEM
 pts no. xxxx.xxx yyyy.yyy  weight    xxxxxx.xxx yyyyyy.yyy zzzzzz.zzz weight
          [mm.]    [mm.]  [1/mm.**2]      [m.]       [m.]       [m.]   [1/m.**2]
  409309  -96.271   43.988  10000.    154143.7002552877.000      2.062   400.
  409401   -6.418   85.732  10000.    154716.3002553510.000      2.032   400.
  409405  -45.630   64.722  10000.    154475.4002553211.000      2.560   400.
  940019   -8.220   16.919  10000.    154932.1002552954.000      2.804   400.
  940022  -73.725   11.152  10000.    154433.5002552692.000      3.015   400.
 1340011  -82.247   93.720  10000.    154085.6002553321.000      2.215   400.
 1340012  -71.977   69.320  10000.    154249.9002553160.000      1.254   400.
 1340014   -2.525   55.313  10000.    154849.4002553279.000      1.999   400.

There are   8 points used in the space resection of a single photo.

    X0 =  154947.000   Y0 = 2552766.000   Z0 =  1350.000 [units: meters]
    Focal length =   153.797 mm.
    Initial values:
        omega =       .0000 radians.
        phie  =       .0000 radians.
        kappa =     -1.0000 radians.

    The dimension of normal matrix =    465


iteration  dxpc<m.>   dypc<m.>   dzpc<m.>  dphie<cc.>  domega<cc.>  dkapa<cc.>

    1        97.061   -102.398   1111.491     -1907.6       3929.4    636395.0
    2       177.058    218.723  -1780.638     12391.0      20671.9    455838.6
    3       -60.534    -74.646    345.650       878.7       3622.3   -106180.8
    4       -72.014    -11.713    238.629     -4935.5      -9043.8    -77185.6
    5       -29.559     28.474     54.483     -4013.6      -9064.8    -19684.7
    6        -1.263      4.470      1.055      -227.2      -1175.7      -645.6
    7          .006       .017      -.010         2.5         -6.1         1.0
    8          .000       .000       .000          .0           .0          .0


       pno   mx<mm.>  vmx<mm.>   my<mm.>  vmy<mm.>        X<m.>  VX<m.>        Y<m.>  VY<m.>        Z<m.>  VZ<m.>

    409309  -96.2710    -.0034   43.9885    -.0084   154143.700    .000  2552877.000    .026        2.062    .001
    409401   -6.4181    -.0098   85.7325    -.0019   154716.300    .024  2553510.000    .016        2.032    .002
    409405  -45.6303    -.0022   64.7216    -.0008   154475.400    .005  2553211.000    .005        2.560   -.001
    940019   -8.2204    -.0024   16.9189     .0041   154932.100    .011  2552954.000   -.008        2.804   -.002
    940022  -73.7253    -.0017   11.1524    -.0071   154433.500   -.003  2552692.000    .021        3.015   -.001
   1340011  -82.2474     .0063   93.7199     .0083   154085.600   -.008  2553321.000   -.029        2.215   -.005
   1340012  -71.9770     .0096   69.3196     .0055   154249.900   -.019  2553160.000   -.026        1.254    .005
   1340014   -2.5249     .0035   55.3131     .0003   154849.400   -.009  2553279.000   -.005        1.999    .000


  sigma naught =             .823193 [ unitless ]


  parameter              value      Std. Dev.

     GXPC      155057.756   m.      .357  m.
     GYPC     2552828.928   m.      .425  m.
     GZPC        1320.660   m.      .259  m.
     phie           .2188 gon.     170.0 cc.
    omega           .8933 gon.     181.7 cc.
    kappa         25.1918 gon.      64.6 cc.

      root mean square errors of ground points :
        R.M.S. --- XYZ =      .023 meters
        R.M.S. --- XY  =      .023 meters
        R.M.S. --- Z   =      .003 meters

      root mean square errors of photo points :
        R.M.S. --- xy  =  .008 mm.
        R.M.S. --- x   =  .006 mm.
        R.M.S. --- y   =  .005 mm.


      There is(are)    1 photo(s) to compute the space resection.
        **** END the Space Resection of a single photo ****
