        **** no. of ground check points =    71 ****
 ..............................................................................

photo no. =      4095

         PHOTO SYSTEM                             GROUND SYSTEM
 pts no. xxxx.xxx yyyy.yyy  weight    xxxxxx.xxx yyyyyy.yyy zzzzzz.zzz weight
          [mm.]    [mm.]  [1/mm.**2]      [m.]       [m.]       [m.]   [1/m.**2]
  409308  -93.572  -46.367  10000.    154470.3002552177.000      5.497   400.
  409309  -96.271   43.988  10000.    154143.7002552877.000      2.062   400.
  409401   -6.418   85.732  10000.    154716.3002553510.000      2.032   400.
  409402     .123   50.754  10000.    154885.6002553252.000      1.772   400.
  409403  -15.468   -5.701  10000.    154949.7002552751.000      2.169   400.
  409404  -12.853  -79.191  10000.    155212.0002552184.000      2.150   400.
  409405  -45.630   64.722  10000.    154475.4002553211.000      2.560   400.
  409406   -5.016  -47.393  10000.    155169.5002552458.000      2.841   400.
  409407  -53.207   -5.774  10000.    154651.6002552626.000      1.322   400.
  409501   77.424  -33.604  10000.    155775.3002552838.000      2.001   400.
  409502   61.908   87.109  10000.    155256.9002553750.000      2.227   400.
  409503  103.207   79.062  10000.    155613.2002553823.000      2.350   400.
  409504   35.114  -27.245  10000.    155420.5002552748.000      1.425   400.
  409505   86.681  -80.426  10000.    155998.3002552500.000      2.655   400.
  409506   34.718  -69.456  10000.    155554.4002552415.000      1.833   400.
  409507   43.021   22.443  10000.    155320.3002553168.000       .894   400.
  409508   94.484   -1.638  10000.    155807.0002553147.000      1.986   400.
  409509   90.540   49.153  10000.    155610.5002553540.000      1.530   400.
  940016   88.528  100.415  10000.    155425.6002553947.000      1.985   400.
  940017   62.310  -93.103  10000.    155847.1002552321.000      2.770   400.
  940018   14.439   96.039  10000.    154848.0002553663.000      1.891   400.
  940019   -8.220   16.919  10000.    154932.1002552954.000      2.804   400.
  940020  -48.586  -52.070  10000.    154842.1002552278.000      1.986   400.
  940021  -58.442 -101.162  10000.    154926.6002551864.000      2.282   400.
  940022  -73.725   11.152  10000.    154433.5002552692.000      3.015   400.
 1340011  -82.247   93.720  10000.    154085.6002553321.000      2.215   400.
 1340012  -71.977   69.320  10000.    154249.9002553160.000      1.254   400.
 1340013     .097   99.554  10000.    154721.8002553643.000      1.701   400.
 1340014   -2.525   55.313  10000.    154849.4002553279.000      1.999   400.
 1340015   91.662   99.337  10000.    155454.3002553948.000      1.885   400.
 1340016  103.094   80.662  10000.    155607.3002553836.000      1.795   400.
 1450007  -86.743  -57.966  10000.    154561.8002552107.000      1.799   400.
 1450008  -89.818  -86.336  10000.    154631.7002551876.000      1.444   400.
 1450009    6.614  -65.879  10000.    155321.7002552351.000      1.497   400.
 1450010   12.642  -82.354  10000.    155422.7002552242.000      1.585   400.
 1450011   81.496  -52.227  10000.    155867.3002552704.000      2.159   400.
 1450012   74.988  -82.127  10000.    155911.9002552448.000      2.426   400.
    5595 -103.997  -51.726  10000.    154407.0002552101.000      5.104   400.
    5594  -49.404  -25.282  10000.    154747.7002552486.000      5.728   400.
    5593    2.452   -4.500  10000.    155087.4002552820.000      5.899   400.
    5592   52.846   12.047  10000.    155431.0002553117.000      6.087   400.
    5591  111.779   27.004  10000.    155848.9002553431.000      6.424   400.

There are  42 points used in the space resection of a single photo.

    X0 =  154947.000   Y0 = 2552766.000   Z0 =  1350.000 [units: meters]
    Focal length =   153.797 mm.
    Initial values:
        omega =       .0000 radians.
        phie  =       .0000 radians.
        kappa =     -1.0000 radians.

    The dimension of normal matrix =   8778


iteration  dxpc<m.>   dypc<m.>   dzpc<m.>  dphie<cc.>  domega<cc.>  dkapa<cc.>

    1       119.847    -95.061   1109.000      6350.9       1620.2    640422.0
    2       121.616    182.053  -1791.937      -908.1      27918.0    450265.9
    3       -44.523    -56.933    342.791      3762.0       3341.9    -99675.7
    4       -53.502     -2.994    246.949     -1354.8     -12051.6    -77622.3
    5       -29.610     31.055     62.379     -4771.2     -10711.3    -23568.8
    6        -3.005      4.541      1.403      -825.5      -1052.3     -1296.2
    7         -.005       .009      -.013        -2.6         -1.2        -2.0
    8          .000       .000       .000          .0           .0          .0


       pno   mx<mm.>  vmx<mm.>   my<mm.>  vmy<mm.>        X<m.>  VX<m.>        Y<m.>  VY<m.>        Z<m.>  VZ<m.>

    409308  -93.5717    -.0656  -46.3670    -.0013   154470.300    .176  2552177.000    .079        5.497   -.118
    409309  -96.2710     .0008   43.9885    -.0134   154143.700   -.017  2552877.000    .035        2.062    .013
    409401   -6.4181    -.0061   85.7325    -.0090   154716.300    .006  2553510.000    .031        2.032    .014
    409402     .1227     .0049   50.7542     .0018   154885.600   -.011  2553252.000   -.010        1.772   -.002
    409403  -15.4682    -.0022   -5.7009    -.0031   154949.700    .002  2552751.000    .011        2.169   -.001
    409404  -12.8531    -.0005  -79.1911    -.0003   155212.000    .001  2552184.000    .001        2.150   -.001
    409405  -45.6303     .0025   64.7216    -.0063   154475.400   -.014  2553211.000    .014        2.560    .010
    409406   -5.0158     .0025  -47.3929     .0110   155169.500    .006  2552458.000   -.033        2.841    .010
    409407  -53.2071    -.0007   -5.7742    -.0072   154651.600   -.006  2552626.000    .020        1.322   -.001
    409501   77.4240    -.0025  -33.6039     .0032   155775.300    .010  2552838.000   -.006        2.001    .006
    409502   61.9075     .0040   87.1089     .0076   155256.900   -.002  2553750.000   -.025        2.227   -.017
    409503  103.2070     .0001   79.0620     .0102   155613.200    .011  2553823.000   -.027        2.350   -.016
    409504   35.1143     .0000  -27.2450    -.0091   155420.500   -.010  2552748.000    .025        1.425   -.004
    409505   86.6808    -.0004  -80.4262     .0067   155998.300    .009  2552500.000   -.018        2.655    .011
    409506   34.7177     .0021  -69.4559     .0058   155554.400    .001  2552415.000   -.018        1.833    .006
    409507   43.0213    -.0021   22.4431    -.0121   155320.300   -.008  2553168.000    .035         .894    .007
    409508   94.4837     .0048   -1.6382     .0077   155807.000   -.004  2553147.000   -.026        1.986   -.009
    409509   90.5396    -.0030   49.1528     .0013   155610.500    .009  2553540.000    .000        1.530    .004
    940016   88.5281    -.0004  100.4155     .0055   155425.600    .007  2553947.000   -.014        1.985   -.010
    940017   62.3097    -.0021  -93.1028     .0097   155847.100    .017  2552321.000   -.024        2.770    .019
    940018   14.4395     .0018   96.0389     .0022   154848.000   -.003  2553663.000   -.008        1.891   -.005
    940019   -8.2204     .0019   16.9189     .0011   154932.100   -.004  2552954.000   -.005        2.804    .000
    940020  -48.5856     .0034  -52.0705    -.0043   154842.100   -.014  2552278.000    .008        1.986   -.001
    940021  -58.4424     .0057 -101.1625    -.0009   154926.600   -.017  2551864.000   -.004        2.282    .005
    940022  -73.7253     .0006   11.1524    -.0112   154433.500   -.014  2552692.000    .030        3.015    .004
   1340011  -82.2474     .0133   93.7199    -.0008   154085.600   -.036  2553321.000   -.013        2.215    .022
   1340012  -71.9770     .0150   69.3196    -.0008   154249.900   -.041  2553160.000   -.015        1.254    .021
   1340013     .0973     .0114   99.5544     .0033   154721.800   -.027  2553643.000   -.021        1.701   -.006
   1340014   -2.5249     .0074   55.3131    -.0038   154849.400   -.024  2553279.000    .002        1.999    .004
   1340015   91.6620    -.0047   99.3365    -.0015   155454.300    .011  2553948.000    .009        1.885    .011
   1340016  103.0942     .0007   80.6619     .0127   155607.300    .012  2553836.000   -.034        1.795   -.021
   1450007  -86.7425     .0068  -57.9660     .0022   154561.800   -.016  2552107.000   -.014        1.799    .014
   1450008  -89.8178    -.0002  -86.3364     .0056   154631.700    .007  2551876.000   -.015        1.444    .009
   1450009    6.6139    -.0014  -65.8792    -.0113   155321.700   -.009  2552351.000    .032        1.497   -.014
   1450010   12.6421     .0003  -82.3538     .0001   155422.700   -.001  2552242.000   -.001        1.585    .000
   1450011   81.4962    -.0090  -52.2271    -.0067   155867.300    .017  2552704.000    .028        2.159    .008
   1450012   74.9881    -.0032  -82.1265     .0016   155911.900    .010  2552448.000   -.001        2.426    .007
      5595 -103.9972     .0059  -51.7259     .0052   154407.000   -.010  2552101.000   -.021        5.104    .017
      5594  -49.4038     .0034  -25.2822     .0035   154747.700   -.005  2552486.000   -.013        5.728    .005
      5593    2.4516     .0047   -4.4997    -.0001   155087.400   -.013  2552820.000   -.005        5.899    .000
      5592   52.8457     .0008   12.0471    -.0057   155431.000   -.009  2553117.000    .014        6.087    .001
      5591  111.7792    -.0002   27.0040     .0010   155848.900    .001  2553431.000   -.002        6.424    .000


  sigma naught =            1.147455 [ unitless ]


  parameter              value      Std. Dev.

     GXPC      155057.819   m.      .100  m.
     GYPC     2552828.672   m.      .091  m.
     GZPC        1320.573   m.      .032  m.
     phie           .2251 gon.      41.6 cc.
    omega           .9064 gon.      36.4 cc.
    kappa         25.1903 gon.      14.2 cc.

      root mean square errors of ground points :
        R.M.S. --- XYZ =      .043 meters
        R.M.S. --- XY  =      .038 meters
        R.M.S. --- Z   =      .021 meters

      root mean square errors of photo points :
        R.M.S. --- xy  =  .013 mm.
        R.M.S. --- x   =  .011 mm.
        R.M.S. --- y   =  .007 mm.
