        **** no. of ground check points =    71 ****
 ..............................................................................

photo no. =      4095

         PHOTO SYSTEM                             GROUND SYSTEM
 pts no. xxxx.xxx yyyy.yyy  weight    xxxxxx.xxx yyyyyy.yyy zzzzzz.zzz weight
          [mm.]    [mm.]  [1/mm.**2]      [m.]       [m.]       [m.]   [1/m.**2]
  409404  -12.853  -79.191  10000.    155212.0002552184.000      2.150   400.
  409505   86.681  -80.426  10000.    155998.3002552500.000      2.655   400.
  409506   34.718  -69.456  10000.    155554.4002552415.000      1.833   400.
  940017   62.310  -93.103  10000.    155847.1002552321.000      2.770   400.
  940020  -48.586  -52.070  10000.    154842.1002552278.000      1.986   400.
  940021  -58.442 -101.162  10000.    154926.6002551864.000      2.282   400.
 1450007  -86.743  -57.966  10000.    154561.8002552107.000      1.799   400.
 1450008  -89.818  -86.336  10000.    154631.7002551876.000      1.444   400.
 1450009    6.614  -65.879  10000.    155321.7002552351.000      1.497   400.
 1450010   12.642  -82.354  10000.    155422.7002552242.000      1.585   400.
 1450011   81.496  -52.227  10000.    155867.3002552704.000      2.159   400.
 1450012   74.988  -82.127  10000.    155911.9002552448.000      2.426   400.
    5595 -103.997  -51.726  10000.    154407.0002552101.000      5.104   400.

There are  13 points used in the space resection of a single photo.

    X0 =  154947.000   Y0 = 2552766.000   Z0 =  1350.000 [units: meters]
    Focal length =   153.797 mm.
    Initial values:
        omega =       .0000 radians.
        phie  =       .0000 radians.
        kappa =     -1.0000 radians.

    The dimension of normal matrix =   1035


iteration  dxpc<m.>   dypc<m.>   dzpc<m.>  dphie<cc.>  domega<cc.>  dkapa<cc.>

    1       102.849    -93.457   1104.836       222.8       -106.1    645233.9
    2       162.077    167.399  -1787.627      8428.4      34579.5    444713.7
    3       -57.928    -60.763    344.711      1590.8       5603.6    -95577.0
    4       -64.281      -.177    246.722     -3637.8     -14485.9    -78124.4
    5       -29.982     43.138     60.560     -3961.8     -15140.1    -26014.8
    6        -1.801      6.535      1.274      -355.9      -1404.5     -1723.6
    7          .008       .011      -.010          .4          1.7        -4.1
    8          .000       .000       .000          .0           .0          .0


       pno   mx<mm.>  vmx<mm.>   my<mm.>  vmy<mm.>        X<m.>  VX<m.>        Y<m.>  VY<m.>        Z<m.>  VZ<m.>

    409404  -12.8531    -.0028  -79.1911    -.0017   155212.000    .006  2552184.000    .008        2.150   -.003
    409505   86.6808     .0050  -80.4262     .0054   155998.300   -.007  2552500.000   -.020        2.655    .000
    409506   34.7177     .0027  -69.4559     .0049   155554.400   -.002  2552415.000   -.017        1.833    .005
    940017   62.3097     .0012  -93.1028     .0073   155847.100    .005  2552321.000   -.021        2.770    .011
    940020  -48.5856    -.0009  -52.0705    -.0045   154842.100   -.003  2552278.000    .013        1.986   -.005
    940021  -58.4424     .0023 -101.1625    -.0029   154926.600   -.010  2551864.000    .005        2.282   -.003
   1450007  -86.7425     .0022  -57.9660     .0018   154561.800   -.004  2552107.000   -.007        1.799    .006
   1450008  -89.8178    -.0042  -86.3364     .0043   154631.700    .016  2551876.000   -.007        1.444    .000
   1450009    6.6139    -.0029  -65.8792    -.0120   155321.700   -.006  2552351.000    .036        1.497   -.014
   1450010   12.6421    -.0004  -82.3538    -.0016   155422.700   -.001  2552242.000    .005        1.585   -.002
   1450011   81.4962    -.0046  -52.2271    -.0059   155867.300    .006  2552704.000    .021        2.159    .001
   1450012   74.9881     .0011  -82.1265     .0001   155911.900   -.003  2552448.000   -.001        2.426   -.001
      5595 -103.9972     .0012  -51.7259     .0049   154407.000    .002  2552101.000   -.015        5.104    .007


  sigma naught =             .570922 [ unitless ]


  parameter              value      Std. Dev.

     GXPC      155057.942   m.      .175  m.
     GYPC     2552828.686   m.      .239  m.
     GZPC        1320.466   m.      .122  m.
     phie           .2287 gon.      66.8 cc.
    omega           .9048 gon.     113.5 cc.
    kappa         25.1884 gon.      29.6 cc.

      root mean square errors of ground points :
        R.M.S. --- XYZ =      .019 meters
        R.M.S. --- XY  =      .018 meters
        R.M.S. --- Z   =      .006 meters

      root mean square errors of photo points :
        R.M.S. --- xy  =  .006 mm.
        R.M.S. --- x   =  .003 mm.
        R.M.S. --- y   =  .005 mm.
