        **** no. of ground check points =    71 ****
 ..............................................................................

photo no. =      4095

         PHOTO SYSTEM                             GROUND SYSTEM
 pts no. xxxx.xxx yyyy.yyy  weight    xxxxxx.xxx yyyyyy.yyy zzzzzz.zzz weight
          [mm.]    [mm.]  [1/mm.**2]      [m.]       [m.]       [m.]   [1/m.**2]
  409308  -93.672  -46.367  10000.    154470.3002552177.000      5.497   400.
  409309  -96.271   43.988  10000.    154143.7002552877.000      2.062   400.
  409401   -6.418   85.732  10000.    154716.3002553510.000      2.032   400.
  409402     .223   50.754  10000.    154885.6002553252.000      1.772   400.
  409403  -15.468   -5.701  10000.    154949.7002552751.000      2.169   400.
  409404  -12.853  -79.191  10000.    155212.0002552184.000      2.150   400.
  409405  -45.630   64.722  10000.    154475.4002553211.000      2.560   400.
  409406   -5.016  -47.393  10000.    155169.5002552458.000      2.841   400.
  409407  -53.207   -5.774  10000.    154651.6002552626.000      1.322   400.
  409501   77.424  -33.604  10000.    155775.3002552838.000      2.001   400.
  409502   61.908   87.109  10000.    155256.9002553750.000      2.227   400.
  409503  103.207   79.062  10000.    155613.2002553823.000      2.350   400.
  409504   35.114  -27.245  10000.    155420.5002552748.000      1.425   400.
  409505   86.681  -80.426  10000.    155998.3002552500.000      2.655   400.
  409506   34.718  -69.456  10000.    155554.4002552415.000      1.833   400.
  409507   43.021   22.443  10000.    155320.3002553168.000       .894   400.
  409508   94.484   -1.638  10000.    155807.0002553147.000      1.986   400.
  409509   90.540   49.153  10000.    155610.5002553540.000      1.530   400.
  940016   88.528  100.415  10000.    155425.6002553947.000      1.985   400.
  940017   62.310  -93.103  10000.    155847.1002552321.000      2.770   400.
  940018   14.439   96.039  10000.    154848.0002553663.000      1.891   400.
  940019   -8.220   16.919  10000.    154932.1002552954.000      2.804   400.
  940020  -48.586  -52.070  10000.    154842.1002552278.000      1.986   400.
  940021  -58.442 -101.162  10000.    154926.6002551864.000      2.282   400.
  940022  -73.725   11.152  10000.    154433.5002552692.000      3.015   400.
 1340011  -82.247   93.720  10000.    154085.6002553321.000      2.215   400.
 1340012  -71.977   69.320  10000.    154249.9002553160.000      1.254   400.
 1340013     .097   99.554  10000.    154721.8002553643.000      1.701   400.
 1340014   -2.525   55.313  10000.    154849.4002553279.000      1.999   400.
 1340015   91.662   99.337  10000.    155454.3002553948.000      1.885   400.
 1340016  103.094   80.662  10000.    155607.3002553836.000      1.795   400.
 1450007  -86.743  -57.966  10000.    154561.8002552107.000      1.799   400.
 1450008  -89.818  -86.336  10000.    154631.7002551876.000      1.444   400.
 1450009    6.614  -65.879  10000.    155321.7002552351.000      1.497   400.
 1450010   12.642  -82.354  10000.    155422.7002552242.000      1.585   400.
 1450011   81.496  -52.227  10000.    155867.3002552704.000      2.159   400.
 1450012   74.988  -82.127  10000.    155911.9002552448.000      2.426   400.
    5595 -103.997  -51.726  10000.    154407.0002552101.000      5.104   400.
    5594  -49.404  -25.282  10000.    154747.7002552486.000      5.728   400.
    5593    2.452   -4.500  10000.    155087.4002552820.000      5.899   400.
    5592   52.846   12.047  10000.    155431.0002553117.000      6.087   400.
    5591  111.779   27.004  10000.    155848.9002553431.000      6.424   400.

There are  42 points used in the space resection of a single photo.

    X0 =  154947.000   Y0 = 2552766.000   Z0 =  1350.000 [units: meters]
    Focal length =   153.797 mm.
    Initial values:
        omega =       .0000 radians.
        phie  =       .0000 radians.
        kappa =     -1.0000 radians.

    The dimension of normal matrix =   8778


iteration  dxpc<m.>   dypc<m.>   dzpc<m.>  dphie<cc.>  domega<cc.>  dkapa<cc.>

    1       119.956    -95.085   1109.046      6395.7       1627.2    640443.6
    2       120.858    181.299  -1792.320     -1096.7      28096.7    450273.3
    3       -44.399    -56.746    342.741      3765.8       3393.5    -99634.8
    4       -53.218     -2.827    247.104     -1288.4     -12113.3    -77633.9
    5       -29.480     31.295     62.552     -4742.8     -10817.9    -23602.8
    6        -3.012      4.593      1.413      -829.5      -1069.1     -1302.6
    7         -.005       .010      -.013        -3.0         -1.5        -2.0
    8          .000       .000       .000          .0           .0          .0


       pno   mx<mm.>  vmx<mm.>   my<mm.>  vmy<mm.>        X<m.>  VX<m.>        Y<m.>  VY<m.>        Z<m.>  VZ<m.>

    409308  -93.6717    -.0037  -46.3670    -.0046   154470.300    .005  2552177.000    .017        5.497   -.010
    409309  -96.2710    -.0020   43.9885    -.0073   154143.700   -.003  2552877.000    .022        2.062    .003
    409401   -6.4181    -.0024   85.7325    -.0066   154716.300   -.001  2553510.000    .020        2.032    .011
    409402     .2227    -.0668   50.7542     .0040   154885.600    .183  2553252.000    .064        1.772   -.003
    409403  -15.4682    -.0008   -5.7009    -.0016   154949.700    .000  2552751.000    .005        2.169    .000
    409404  -12.8531    -.0006  -79.1911    -.0025   155212.000   -.001  2552184.000    .007        2.150   -.004
    409405  -45.6303     .0044   64.7216    -.0018   154475.400   -.014  2553211.000    .000        2.560    .006
    409406   -5.0158     .0034  -47.3929     .0107   155169.500    .003  2552458.000   -.033        2.841    .009
    409407  -53.2071    -.0016   -5.7742    -.0049   154651.600   -.001  2552626.000    .015        1.322   -.002
    409501   77.4240    -.0014  -33.6039     .0031   155775.300    .007  2552838.000   -.007        2.001    .004
    409502   61.9075     .0065   87.1089     .0057   155256.900   -.011  2553750.000   -.022        2.227   -.017
    409503  103.2070    -.0002   79.0620     .0063   155613.200    .008  2553823.000   -.017        2.350   -.009
    409504   35.1143     .0020  -27.2450    -.0089   155420.500   -.016  2552748.000    .022        1.425   -.006
    409505   86.6808     .0002  -80.4262     .0062   155998.300    .007  2552500.000   -.017        2.655    .009
    409506   34.7177     .0036  -69.4559     .0049   155554.400   -.004  2552415.000   -.017        1.833    .004
    409507   43.0213     .0004   22.4431    -.0117   155320.300   -.014  2553168.000    .031         .894    .005
    409508   94.4837     .0050   -1.6382     .0071   155807.000   -.006  2553147.000   -.025        1.986   -.009
    409509   90.5396    -.0025   49.1528    -.0007   155610.500    .006  2553540.000    .005        1.530    .005
    940016   88.5281     .0005  100.4155     .0014   155425.600    .000  2553947.000   -.004        1.985   -.004
    940017   62.3097    -.0010  -93.1028     .0084   155847.100    .012  2552321.000   -.022        2.770    .016
    940018   14.4395     .0058   96.0389     .0030   154848.000   -.012  2553663.000   -.014        1.891   -.007
    940019   -8.2204     .0042   16.9189     .0032   154932.100   -.008  2552954.000   -.013        2.804   -.001
    940020  -48.5856     .0015  -52.0705    -.0050   154842.100   -.010  2552278.000    .012        1.986   -.003
    940021  -58.4424     .0016 -101.1625    -.0054   154926.600   -.011  2551864.000    .013        2.282   -.008
    940022  -73.7253    -.0015   11.1524    -.0075   154433.500   -.004  2552692.000    .022        3.015    .000
   1340011  -82.2474     .0139   93.7199     .0062   154085.600   -.030  2553321.000   -.032        2.215    .010
   1340012  -71.9770     .0154   69.3196     .0052   154249.900   -.035  2553160.000   -.031        1.254    .014
   1340013     .0973     .0155   99.5544     .0050   154721.800   -.036  2553643.000   -.031        1.701   -.010
   1340014   -2.5249     .0106   55.3131    -.0015   154849.400   -.030  2553279.000   -.008        1.999    .002
   1340015   91.6620    -.0040   99.3365    -.0058   155454.300    .004  2553948.000    .020        1.885    .018
   1340016  103.0942     .0005   80.6619     .0087   155607.300    .008  2553836.000   -.023        1.795   -.014
   1450007  -86.7425     .0011  -57.9660     .0010   154561.800   -.002  2552107.000   -.004        1.799    .003
   1450008  -89.8178    -.0071  -86.3364     .0019   154631.700    .022  2551876.000    .003        1.444   -.009
   1450009    6.6139    -.0004  -65.8792    -.0125   155321.700   -.013  2552351.000    .034        1.497   -.015
   1450010   12.6421     .0012  -82.3538    -.0018   155422.700   -.005  2552242.000    .004        1.585   -.003
   1450011   81.4962    -.0082  -52.2271    -.0068   155867.300    .014  2552704.000    .028        2.159    .006
   1450012   74.9881    -.0022  -82.1265     .0009   155911.900    .007  2552448.000    .000        2.426    .005
      5595 -103.9972    -.0016  -51.7259     .0047   154407.000    .010  2552101.000   -.011        5.104    .001
      5594  -49.4038     .0022  -25.2822     .0046   154747.700   -.001  2552486.000   -.015        5.728    .004
      5593    2.4516     .0068   -4.4997     .0012   155087.400   -.017  2552820.000   -.011        5.899    .000
      5592   52.8457     .0030   12.0471    -.0054   155431.000   -.014  2553117.000    .011        6.087   -.002
      5591  111.7792    -.0011   27.0040    -.0009   155848.900    .002  2553431.000    .004        6.424    .003


  sigma naught =            1.105518 [ unitless ]


  parameter              value      Std. Dev.

     GXPC      155057.700   m.      .097  m.
     GYPC     2552828.540   m.      .087  m.
     GZPC        1320.523   m.      .031  m.
     phie           .2201 gon.      40.0 cc.
    omega           .9116 gon.      35.1 cc.
    kappa         25.1921 gon.      13.6 cc.

      root mean square errors of ground points :
        R.M.S. --- XYZ =      .038 meters
        R.M.S. --- XY  =      .038 meters
        R.M.S. --- Z   =      .008 meters

      root mean square errors of photo points :
        R.M.S. --- xy  =  .013 mm.
        R.M.S. --- x   =  .012 mm.
        R.M.S. --- y   =  .006 mm.
