        **** no. of ground check points =    11 ****
 ..............................................................................

photo no. =      4095

         PHOTO SYSTEM                             GROUND SYSTEM
 pts no. xxxx.xxx yyyy.yyy  weight    xxxxxx.xxx yyyyyy.yyy zzzzzz.zzz weight
          [mm.]    [mm.]  [1/mm.**2]      [m.]       [m.]       [m.]   [1/m.**2]
  409501   77.424  -33.604  10000.    155775.3002552838.000      2.001   400.
  409504   35.114  -27.245  10000.    155420.5002552748.000      1.425   400.
  409505   86.681  -80.426  10000.    155998.3002552500.000      2.655   400.
  409506   34.718  -69.456  10000.    155554.4002552415.000      1.833   400.
  409508   94.484   -1.638  10000.    155807.0002553147.000      1.986   400.
  940017   62.310  -93.103  10000.    155847.1002552321.000      2.770   400.
 1450009    6.614  -65.879  10000.    155321.7002552351.000      1.497   400.
 1450010   12.642  -82.354  10000.    155422.7002552242.000      1.585   400.
 1450011   81.496  -52.227  10000.    155867.3002552704.000      2.159   400.
 1450012   74.988  -82.127  10000.    155911.9002552448.000      2.426   400.
    5593    2.452   -4.500  10000.    155087.4002552820.000      5.899   400.

There are  11 points used in the space resection of a single photo.

    X0 =  154947.000   Y0 = 2552766.000   Z0 =  1350.000 [units: meters]
    Focal length =   153.797 mm.
    Initial values:
        omega =       .0000 radians.
        phie  =       .0000 radians.
        kappa =     -1.0000 radians.

    The dimension of normal matrix =    780


iteration  dxpc<m.>   dypc<m.>   dzpc<m.>  dphie<cc.>  domega<cc.>  dkapa<cc.>

    1        98.791    -98.942   1099.600     -2489.5       2120.4    644655.6
    2       151.704    193.365  -1787.931      6817.4      28685.1    445659.9
    3       -55.236    -64.280    339.629      -734.3       3311.7    -95406.2
    4       -61.683     -4.671    248.361     -1684.9     -13674.1    -78771.3
    5       -21.529     32.001     68.770       611.4     -10308.1    -26015.4
    6         -.770      4.765      2.443       -39.1       -887.0     -1563.0
    7          .000       .015      -.010        -3.0         -2.1        -2.9
    8          .000       .000       .000          .0           .0          .0


       pno   mx<mm.>  vmx<mm.>   my<mm.>  vmy<mm.>        X<m.>  VX<m.>        Y<m.>  VY<m.>        Z<m.>  VZ<m.>

    409501   77.4240    -.0031  -33.6039     .0032   155775.300    .012  2552838.000   -.005        2.001    .006
    409504   35.1143    -.0015  -27.2450    -.0060   155420.500   -.003  2552748.000    .018        1.425   -.002
    409505   86.6808     .0046  -80.4262     .0004   155998.300   -.012  2552500.000   -.006        2.655   -.007
    409506   34.7177     .0016  -69.4559     .0068   155554.400    .003  2552415.000   -.020        1.833    .008
    409508   94.4837     .0014   -1.6382     .0063   155807.000    .003  2553147.000   -.018        1.986   -.003
    940017   62.3097     .0006  -93.1028     .0035   155847.100    .002  2552321.000   -.010        2.770    .005
   1450009    6.6139    -.0021  -65.8792    -.0069   155321.700   -.002  2552351.000    .021        1.497   -.008
   1450010   12.6421    -.0008  -82.3538     .0018   155422.700    .004  2552242.000   -.004        1.585    .003
   1450011   81.4962    -.0075  -52.2271    -.0083   155867.300    .011  2552704.000    .031        2.159    .004
   1450012   74.9881     .0004  -82.1265    -.0038   155911.900   -.005  2552448.000    .010        2.426   -.006
      5593    2.4516     .0064   -4.4997     .0031   155087.400   -.014  2552820.000   -.015        5.899    .000


  sigma naught =             .605491 [ unitless ]


  parameter              value      Std. Dev.

     GXPC      155058.276   m.      .256  m.
     GYPC     2552828.254   m.      .249  m.
     GZPC        1320.862   m.      .170  m.
     phie           .2478 gon.     123.2 cc.
    omega           .9246 gon.     104.8 cc.
    kappa         25.1937 gon.      40.2 cc.

      root mean square errors of ground points :
        R.M.S. --- XYZ =      .019 meters
        R.M.S. --- XY  =      .018 meters
        R.M.S. --- Z   =      .005 meters

      root mean square errors of photo points :
        R.M.S. --- xy  =  .006 mm.
        R.M.S. --- x   =  .004 mm.
        R.M.S. --- y   =  .005 mm.
