        **** no. of ground check points =    71 ****
 ..............................................................................

photo no. =      4095

         PHOTO SYSTEM                             GROUND SYSTEM
 pts no. xxxx.xxx yyyy.yyy  weight    xxxxxx.xxx yyyyyy.yyy zzzzzz.zzz weight
          [mm.]    [mm.]  [1/mm.**2]      [m.]       [m.]       [m.]   [1/m.**2]
  409402     .123   50.754  10000.    154885.6002553252.000      1.772   400.
  409502   61.908   87.109  10000.    155256.9002553750.000      2.227   400.
  409503  103.207   79.062  10000.    155613.2002553823.000      2.350   400.
  409507   43.021   22.443  10000.    155320.3002553168.000       .894   400.
  409509   90.540   49.153  10000.    155610.5002553540.000      1.530   400.
  940016   88.528  100.415  10000.    155425.6002553947.000      1.985   400.
  940018   14.439   96.039  10000.    154848.0002553663.000      1.891   400.
 1340013     .097   99.554  10000.    154721.8002553643.000      1.701   400.
 1340015   91.662   99.337  10000.    155454.3002553948.000      1.885   400.
 1340016  103.094   80.662  10000.    155607.3002553836.000      1.795   400.
    5592   52.846   12.047  10000.    155431.0002553117.000      6.087   400.
    5591  111.779   27.004  10000.    155848.9002553431.000      6.424   400.

There are  12 points used in the space resection of a single photo.

    X0 =  154947.000   Y0 = 2552766.000   Z0 =  1350.000 [units: meters]
    Focal length =   153.797 mm.
    Initial values:
        omega =       .0000 radians.
        phie  =       .0000 radians.
        kappa =     -1.0000 radians.

    The dimension of normal matrix =    903


iteration  dxpc<m.>   dypc<m.>   dzpc<m.>  dphie<cc.>  domega<cc.>  dkapa<cc.>

    1        93.608    -96.196   1097.819     -2193.3       4266.7    633407.6
    2       155.693    209.781  -1750.652      7232.1      20142.5    457094.6
    3       -57.940    -66.288    346.174       241.3        353.7   -108420.6
    4       -60.701     -6.996    228.602     -1603.4      -9553.6    -75103.8
    5       -18.916     19.994     47.429     -1188.5      -5579.3    -17808.2
    6         -.652      2.086      1.053      -143.6       -423.6      -594.8
    7         -.001       .004       .000         -.9         -1.4         -.5
    8          .000       .000       .000          .0           .0          .0


       pno   mx<mm.>  vmx<mm.>   my<mm.>  vmy<mm.>        X<m.>  VX<m.>        Y<m.>  VY<m.>        Z<m.>  VZ<m.>

    409402     .1227     .0014   50.7542     .0046   154885.600    .001  2553252.000   -.014        1.772   -.005
    409502   61.9075     .0021   87.1089     .0048   155256.900    .000  2553750.000   -.015        2.227   -.011
    409503  103.2070    -.0007   79.0620     .0066   155613.200    .009  2553823.000   -.017        2.350   -.009
    409507   43.0213    -.0045   22.4431    -.0112   155320.300    .000  2553168.000    .035         .894    .009
    409509   90.5396    -.0028   49.1528    -.0002   155610.500    .007  2553540.000    .004        1.530    .005
    940016   88.5281    -.0024  100.4155     .0002   155425.600    .007  2553947.000    .002        1.985    .004
    940018   14.4395     .0007   96.0389    -.0002   154848.000   -.002  2553663.000    .000        1.891    .000
   1340013     .0973     .0110   99.5544     .0009   154721.800   -.028  2553643.000   -.015        1.701   -.002
   1340015   91.6620    -.0066   99.3365    -.0068   155454.300    .010  2553948.000    .025        1.885    .024
   1340016  103.0942    -.0001   80.6619     .0089   155607.300    .010  2553836.000   -.023        1.795   -.014
      5592   52.8457    -.0009   12.0471    -.0057   155431.000   -.004  2553117.000    .016        6.087    .002
      5591  111.7792     .0028   27.0040    -.0017   155848.900   -.010  2553431.000    .002        6.424   -.005


  sigma naught =             .679727 [ unitless ]


  parameter              value      Std. Dev.

     GXPC      155058.091   m.      .235  m.
     GYPC     2552828.387   m.      .199  m.
     GZPC        1320.423   m.      .163  m.
     phie           .2344 gon.      90.5 cc.
    omega           .9205 gon.      96.8 cc.
    kappa         25.1954 gon.      40.7 cc.

      root mean square errors of ground points :
        R.M.S. --- XYZ =      .022 meters
        R.M.S. --- XY  =      .020 meters
        R.M.S. --- Z   =      .010 meters

      root mean square errors of photo points :
        R.M.S. --- xy  =  .007 mm.
        R.M.S. --- x   =  .004 mm.
        R.M.S. --- y   =  .006 mm.


      There is(are)    1 photo(s) to compute the space resection.
        **** END the Space Resection of a single photo ****
