        **** no. of ground check points =    71 ****
 ..............................................................................

photo no. =      4095

         PHOTO SYSTEM                             GROUND SYSTEM
 pts no. xxxx.xxx yyyy.yyy  weight    xxxxxx.xxx yyyyyy.yyy zzzzzz.zzz weight
          [mm.]    [mm.]  [1/mm.**2]      [m.]       [m.]       [m.]   [1/m.**2]
  409308  -93.772  -46.367  10000.    154470.3002552177.000      5.497   400.
  409309  -96.271   43.988  10000.    154143.7002552877.000      2.062   400.
  409401   -6.418   85.732  10000.    154716.3002553510.000      2.032   400.
  409402     .123   50.754  10000.    154885.6002553252.000      1.772   400.
  409403  -15.468   -5.701  10000.    154949.7002552751.000      2.169   400.
  409404  -12.853  -79.191  10000.    155212.0002552184.000      2.150   400.
  409405  -45.630   64.722  10000.    154475.4002553211.000      2.560   400.
  409406   -5.016  -47.393  10000.    155169.5002552458.000      2.841   400.
  409407  -53.207   -5.774  10000.    154651.6002552626.000      1.322   400.
  409501   77.424  -33.604  10000.    155775.3002552838.000      2.001   400.
  409502   61.908   87.109  10000.    155256.9002553750.000      2.227   400.
  409503  103.207   79.062  10000.    155613.2002553823.000      2.350   400.
  409504   35.114  -27.245  10000.    155420.5002552748.000      1.425   400.
  409505   86.681  -80.426  10000.    155998.3002552500.000      2.655   400.
  409506   34.718  -69.456  10000.    155554.4002552415.000      1.833   400.
  409507   43.021   22.443  10000.    155320.3002553168.000       .894   400.
  409508   94.484   -1.638  10000.    155807.0002553147.000      1.986   400.
  409509   90.540   49.153  10000.    155610.5002553540.000      1.530   400.
  940016   88.528  100.415  10000.    155425.6002553947.000      1.985   400.
  940017   62.310  -93.103  10000.    155847.1002552321.000      2.770   400.
  940018   14.439   96.039  10000.    154848.0002553663.000      1.891   400.
  940019   -8.220   16.919  10000.    154932.1002552954.000      2.804   400.
  940020  -48.586  -52.070  10000.    154842.1002552278.000      1.986   400.
  940021  -58.442 -101.162  10000.    154926.6002551864.000      2.282   400.
  940022  -73.725   11.152  10000.    154433.5002552692.000      3.015   400.
 1340011  -82.247   93.720  10000.    154085.6002553321.000      2.215   400.
 1340012  -71.977   69.320  10000.    154249.9002553160.000      1.254   400.
 1340013     .097   99.554  10000.    154721.8002553643.000      1.701   400.
 1340014   -2.525   55.313  10000.    154849.4002553279.000      1.999   400.
 1340015   91.662   99.337  10000.    155454.3002553948.000      1.885   400.
 1340016  103.094   80.662  10000.    155607.3002553836.000      1.795   400.
 1450007  -86.743  -57.966  10000.    154561.8002552107.000      1.799   400.
 1450008  -89.818  -86.336  10000.    154631.7002551876.000      1.444   400.
 1450009    6.614  -65.879  10000.    155321.7002552351.000      1.497   400.
 1450010   12.642  -82.354  10000.    155422.7002552242.000      1.585   400.
 1450011   81.496  -52.227  10000.    155867.3002552704.000      2.159   400.
 1450012   74.988  -82.127  10000.    155911.9002552448.000      2.426   400.
    5595 -103.997  -51.726  10000.    154407.0002552101.000      5.104   400.
    5594  -49.404  -25.282  10000.    154747.7002552486.000      5.728   400.
    5593    2.452   -4.500  10000.    155087.4002552820.000      5.899   400.
    5592   52.846   12.047  10000.    155431.0002553117.000      6.087   400.
    5591  111.779   27.004  10000.    155848.9002553431.000      6.424   400.

There are  42 points used in the space resection of a single photo.

    X0 =  154947.000   Y0 = 2552766.000   Z0 =  1350.000 [units: meters]
    Focal length =   153.797 mm.
    Initial values:
        omega =       .0000 radians.
        phie  =       .0000 radians.
        kappa =     -1.0000 radians.

    The dimension of normal matrix =   8778


iteration  dxpc<m.>   dypc<m.>   dzpc<m.>  dphie<cc.>  domega<cc.>  dkapa<cc.>

    1       120.097    -95.209   1109.040      6442.5       1661.5    640466.7
    2       121.103    181.032  -1792.568     -1039.5      28173.9    450254.0
    3       -44.459    -56.686    342.724      3778.0       3402.9    -99602.4
    4       -53.325     -2.698    247.240     -1337.2     -12157.5    -77641.5
    5       -29.618     31.421     62.644     -4794.3     -10859.8    -23627.2
    6        -3.034      4.616      1.411      -836.6      -1074.8     -1306.3
    7         -.005       .010      -.013        -3.0         -1.6        -2.1
    8          .000       .000       .000          .0           .0          .0


       pno   mx<mm.>  vmx<mm.>   my<mm.>  vmy<mm.>        X<m.>  VX<m.>        Y<m.>  VY<m.>        Z<m.>  VZ<m.>

    409308  -93.7717     .0579  -46.3670    -.0081   154470.300   -.166  2552177.000   -.045        5.497    .096
    409309  -96.2710    -.0066   43.9885    -.0058   154143.700    .011  2552877.000    .023        2.062   -.007
    409401   -6.4181    -.0058   85.7325    -.0054   154716.300    .009  2553510.000    .021        2.032    .008
    409402     .1227     .0046   50.7542     .0055   154885.600   -.006  2553252.000   -.020        1.772   -.006
    409403  -15.4682    -.0046   -5.7009    -.0008   154949.700    .012  2552751.000    .007        2.169   -.001
    409404  -12.8531    -.0047  -79.1911    -.0047   155212.000    .007  2552184.000    .018        2.150   -.008
    409405  -45.6303     .0006   64.7216    -.0003   154475.400   -.002  2553211.000    .000        2.560    .001
    409406   -5.0158    -.0003  -47.3929     .0100   155169.500    .012  2552458.000   -.027        2.841    .009
    409407  -53.2071    -.0064   -5.7742    -.0041   154651.600    .013  2552626.000    .018        1.322   -.007
    409501   77.4240    -.0025  -33.6039     .0029   155775.300    .010  2552838.000   -.005        2.001    .005
    409502   61.9075     .0033   87.1089     .0069   155256.900   -.001  2553750.000   -.022        2.227   -.015
    409503  103.2070    -.0030   79.0620     .0076   155613.200    .016  2553823.000   -.017        2.350   -.006
    409504   35.1143    -.0003  -27.2450    -.0088   155420.500   -.009  2552748.000    .024        1.425   -.004
    409505   86.6808     .0001  -80.4262     .0040   155998.300    .004  2552500.000   -.011        2.655    .006
    409506   34.7177     .0015  -69.4559     .0031   155554.400   -.001  2552415.000   -.010        1.833    .003
    409507   43.0213    -.0022   22.4431    -.0103   155320.300   -.006  2553168.000    .030         .894    .007
    409508   94.4837     .0038   -1.6382     .0080   155807.000   -.001  2553147.000   -.026        1.986   -.007
    409509   90.5396    -.0048   49.1528     .0008   155610.500    .014  2553540.000    .003        1.530    .007
    940016   88.5281    -.0027  100.4155     .0024   155425.600    .010  2553947.000   -.003        1.985    .000
    940017   62.3097    -.0019  -93.1028     .0054   155847.100    .011  2552321.000   -.013        2.770    .012
    940018   14.4395     .0025   96.0389     .0040   154848.000   -.002  2553663.000   -.013        1.891   -.008
    940019   -8.2204     .0005   16.9189     .0045   154932.100    .004  2552954.000   -.013        2.804   -.002
    940020  -48.5856    -.0037  -52.0705    -.0059   154842.100    .003  2552278.000    .020        1.986   -.009
    940021  -58.4424    -.0044 -101.1625    -.0086   154926.600    .002  2551864.000    .029        2.282   -.021
    940022  -73.7253    -.0064   11.1524    -.0063   154433.500    .010  2552692.000    .024        3.015   -.007
   1340011  -82.2474     .0104   93.7199     .0073   154085.600   -.020  2553321.000   -.031        2.215    .003
   1340012  -71.9770     .0115   69.3196     .0066   154249.900   -.023  2553160.000   -.030        1.254    .007
   1340013     .0973     .0121   99.5544     .0060   154721.800   -.026  2553643.000   -.029        1.701   -.012
   1340014   -2.5249     .0071   55.3131     .0001   154849.400   -.019  2553279.000   -.008        1.999    .000
   1340015   91.6620    -.0072   99.3365    -.0048   155454.300    .014  2553948.000    .021        1.885    .022
   1340016  103.0942    -.0024   80.6619     .0100   155607.300    .017  2553836.000   -.024        1.795   -.011
   1450007  -86.7425    -.0053  -57.9660     .0001   154561.800    .015  2552107.000    .006        1.799   -.009
   1450008  -89.8178    -.0141  -86.3364    -.0003   154631.700    .038  2551876.000    .017        1.444   -.025
   1450009    6.6139    -.0037  -65.8792    -.0141   155321.700   -.006  2552351.000    .042        1.497   -.017
   1450010   12.6421    -.0018  -82.3538    -.0043   155422.700    .000  2552242.000    .014        1.585   -.006
   1450011   81.4962    -.0088  -52.2271    -.0078   155867.300    .015  2552704.000    .031        2.159    .006
   1450012   74.9881    -.0027  -82.1265    -.0014   155911.900    .006  2552448.000    .007        2.426    .002
      5595 -103.9972    -.0083  -51.7259     .0041   154407.000    .027  2552101.000   -.002        5.104   -.013
      5594  -49.4038    -.0028  -25.2822     .0049   154747.700    .013  2552486.000   -.010        5.728    .000
      5593    2.4516     .0034   -4.4997     .0020   155087.400   -.007  2552820.000   -.009        5.899    .000
      5592   52.8457     .0007   12.0471    -.0043   155431.000   -.007  2553117.000    .011        6.087    .000
      5591  111.7792    -.0026   27.0040     .0004   155848.900    .008  2553431.000    .002        6.424    .005


  sigma naught =            1.057912 [ unitless ]


  parameter              value      Std. Dev.

     GXPC      155057.759   m.      .092  m.
     GYPC     2552828.486   m.      .084  m.
     GZPC        1320.478   m.      .029  m.
     phie           .2210 gon.      38.3 cc.
    omega           .9145 gon.      33.6 cc.
    kappa         25.1922 gon.      13.1 cc.

      root mean square errors of ground points :
        R.M.S. --- XYZ =      .039 meters
        R.M.S. --- XY  =      .035 meters
        R.M.S. --- Z   =      .018 meters

      root mean square errors of photo points :
        R.M.S. --- xy  =  .012 mm.
        R.M.S. --- x   =  .010 mm.
        R.M.S. --- y   =  .006 mm.


      There is(are)    1 photo(s) to compute the space resection.
        **** END the Space Resection of a single photo ****
