        **** no. of ground check points =    71 ****
 ..............................................................................

photo no. =      4095

         PHOTO SYSTEM                             GROUND SYSTEM
 pts no. xxxx.xxx yyyy.yyy  weight    xxxxxx.xxx yyyyyy.yyy zzzzzz.zzz weight
          [mm.]    [mm.]  [1/mm.**2]      [m.]       [m.]       [m.]   [1/m.**2]
  409403  -15.468   -5.701  10000.    154949.7002552751.000      2.169   400.
  409407  -53.207   -5.774  10000.    154651.6002552626.000      1.322   400.
  409507   43.021   22.443  10000.    155320.3002553168.000       .894   400.
  409508   94.484   -1.638  10000.    155807.0002553147.000      1.986   400.
  940019   -8.220   16.919  10000.    154932.1002552954.000      2.804   400.
  940022  -73.725   11.152  10000.    154433.5002552692.000      3.015   400.
    5593    2.452   -4.500  10000.    155087.4002552820.000      5.899   400.
    5592   52.846   12.047  10000.    155431.0002553117.000      6.087   400.
    5591  111.779   27.004  10000.    155848.9002553431.000      6.424   400.

There are   9 points used in the space resection of a single photo.

    X0 =  154947.000   Y0 = 2552766.000   Z0 =  1350.000 [units: meters]
    Focal length =   153.797 mm.
    Initial values:
        omega =       .0000 radians.
        phie  =       .0000 radians.
        kappa =     -1.0000 radians.

    The dimension of normal matrix =    561


iteration  dxpc<m.>   dypc<m.>   dzpc<m.>  dphie<cc.>  domega<cc.>  dkapa<cc.>

    1        98.177    -82.802   1108.629     -1355.1      -4658.3    639706.1
    2       165.400    174.174  -1782.545      7169.7      32189.1    450673.3
    3       -63.525    -59.531    344.406       352.9        901.3   -102157.4
    4       -65.638      -.425    241.442     -2120.9     -10938.6    -76941.0
    5       -22.907     28.171     57.199     -1735.5      -7950.0    -21686.1
    6         -.955      3.648      1.505      -203.8       -771.9     -1022.7
    7          .003       .005      -.004          .3          -.1        -1.5
    8          .000       .000       .000          .0           .0          .0


       pno   mx<mm.>  vmx<mm.>   my<mm.>  vmy<mm.>        X<m.>  VX<m.>        Y<m.>  VY<m.>        Z<m.>  VZ<m.>

    409403  -15.4682    -.0032   -5.7009     .0019   154949.700    .011  2552751.000   -.002        2.169   -.001
    409407  -53.2071    -.0005   -5.7742    -.0001   154651.600    .001  2552626.000    .001        1.322   -.001
    409507   43.0213    -.0013   22.4431    -.0098   155320.300   -.007  2553168.000    .028         .894    .006
    409508   94.4837    -.0005   -1.6382     .0067   155807.000    .009  2553147.000   -.017        1.986    .001
    940019   -8.2204     .0014   16.9189     .0059   154932.100    .003  2552954.000   -.017        2.804   -.002
    940022  -73.7253    -.0008   11.1524    -.0031   154433.500   -.001  2552692.000    .009        3.015    .000
      5593    2.4516     .0030   -4.4997     .0038   155087.400   -.004  2552820.000   -.014        5.899    .000
      5592   52.8457    -.0002   12.0471    -.0047   155431.000   -.005  2553117.000    .013        6.087    .001
      5591  111.7792     .0022   27.0040    -.0006   155848.900   -.007  2553431.000   -.001        6.424   -.004


  sigma naught =             .534454 [ unitless ]


  parameter              value      Std. Dev.

     GXPC      155057.555   m.      .293  m.
     GYPC     2552829.239   m.      .535  m.
     GZPC        1320.631   m.      .073  m.
     phie           .2108 gon.     138.0 cc.
    omega           .8771 gon.     257.0 cc.
    kappa         25.1951 gon.      21.7 cc.

      root mean square errors of ground points :
        R.M.S. --- XYZ =      .016 meters
        R.M.S. --- XY  =      .015 meters
        R.M.S. --- Z   =      .003 meters

      root mean square errors of photo points :
        R.M.S. --- xy  =  .005 mm.
        R.M.S. --- x   =  .002 mm.
        R.M.S. --- y   =  .005 mm.


      There is(are)    1 photo(s) to compute the space resection.
        **** END the Space Resection of a single photo ****
