        **** no. of ground check points =    71 ****
 ..............................................................................

photo no. =      4095

         PHOTO SYSTEM                             GROUND SYSTEM
 pts no. xxxx.xxx yyyy.yyy  weight    xxxxxx.xxx yyyyyy.yyy zzzzzz.zzz weight
          [mm.]    [mm.]  [1/mm.**2]      [m.]       [m.]       [m.]   [1/m.**2]
  940016   88.528  100.415  10000.    155425.6002553947.000      1.985   400.
  940018   14.439   96.039  10000.    154848.0002553663.000      1.891   400.
 1340011  -82.247   93.720  10000.    154085.6002553321.000      2.215   400.
 1340013     .097   99.554  10000.    154721.8002553643.000      1.701   400.
 1340015   91.662   99.337  10000.    155454.3002553948.000      1.885   400.
  409401   -6.418   85.732  10000.    154716.3002553510.000      2.032   400.
  409502   61.908   87.109  10000.    155256.9002553750.000      2.227   400.

There are   7 points used in the space resection of a single photo.

    X0 =  154943.410   Y0 = 2553686.347   Z0 =  1350.000 [units: meters]
    Focal length =   153.797 mm.
    Initial values:
        omega =       .0000 radians.
        phie  =       .0000 radians.
        kappa =     -1.0000 radians.

    The dimension of normal matrix =    378


iteration  dxpc<m.>   dypc<m.>   dzpc<m.>  dphie<cc.>  domega<cc.>  dkapa<cc.>

    1      -812.301   -272.322   1112.518      2215.5       6803.7    634963.1
    2      1151.924  -1690.067  -1760.608     -1043.8       7636.3    458000.5
    3      -308.151    531.631    350.943      1115.8       3958.5   -110451.5
    4         3.694    461.362    228.291       816.8      -3157.2    -75684.6
    5        75.148    109.730     39.313      -679.2      -5406.6    -17847.8
    6         4.075      1.860      -.168      -184.5       -656.7      -458.6
    7         -.005       .000       .002         -.8         -1.7          .4
    8          .000       .000       .000          .0           .0          .0


       pno   mx<mm.>  vmx<mm.>   my<mm.>  vmy<mm.>        X<m.>  VX<m.>        Y<m.>  VY<m.>        Z<m.>  VZ<m.>

    940016   88.5281     .0004  100.4155     .0023   155425.600    .001  2553947.000   -.006        1.985   -.005
    940018   14.4395    -.0004   96.0389     .0017   154848.000    .003  2553663.000   -.004        1.891   -.003
   1340011  -82.2474     .0011   93.7199     .0011   154085.600   -.002  2553321.000   -.004        2.215    .000
   1340013     .0973     .0080   99.5544     .0033   154721.800   -.018  2553643.000   -.018        1.701   -.006
   1340015   91.6620    -.0038   99.3365    -.0049   155454.300    .005  2553948.000    .017        1.885    .016
    409401   -6.4181    -.0101   85.7325    -.0089   154716.300    .017  2553510.000    .035        2.032    .014
    409502   61.9075     .0048   87.1089     .0055   155256.900   -.007  2553750.000   -.020        2.227   -.015


  sigma naught =             .796856 [ unitless ]


  parameter              value      Std. Dev.

     GXPC      155057.794   m.      .663  m.
     GYPC     2552828.541   m.     1.210  m.
     GZPC        1320.291   m.      .870  m.
     phie           .2240 gon.     294.4 cc.
    omega           .9176 gon.     589.7 cc.
    kappa         25.1902 gon.      70.5 cc.

      root mean square errors of ground points :
        R.M.S. --- XYZ =      .023 meters
        R.M.S. --- XY  =      .021 meters
        R.M.S. --- Z   =      .010 meters

      root mean square errors of photo points :
        R.M.S. --- xy  =  .007 mm.
        R.M.S. --- x   =  .005 mm.
        R.M.S. --- y   =  .005 mm.
