        **** no. of ground check points =    71 ****
 ..............................................................................

photo no. =      4095

         PHOTO SYSTEM                             GROUND SYSTEM
 pts no. xxxx.xxx yyyy.yyy  weight    xxxxxx.xxx yyyyyy.yyy zzzzzz.zzz weight
          [mm.]    [mm.]  [1/mm.**2]      [m.]       [m.]       [m.]   [1/m.**2]
  409502   61.908   87.109  10000.    155256.9002553750.000      2.227   400.
  409503  103.207   79.062  10000.    155613.2002553823.000      2.350   400.
  409507   43.021   22.443  10000.    155320.3002553168.000       .894   400.
  409508   94.484   -1.638  10000.    155807.0002553147.000      1.986   400.
  409509   90.540   49.153  10000.    155610.5002553540.000      1.530   400.
  940016   88.528  100.415  10000.    155425.6002553947.000      1.985   400.
  940018   14.439   96.039  10000.    154848.0002553663.000      1.891   400.
 1340015   91.662   99.337  10000.    155454.3002553948.000      1.885   400.
 1340016  103.094   80.662  10000.    155607.3002553836.000      1.795   400.
    5592   52.846   12.047  10000.    155431.0002553117.000      6.087   400.
    5591  111.779   27.004  10000.    155848.9002553431.000      6.424   400.

There are  11 points used in the space resection of a single photo.

    X0 =  154947.000   Y0 = 2552766.000   Z0 =  1350.000 [units: meters]
    Focal length =   153.797 mm.
    Initial values:
        omega =       .0000 radians.
        phie  =       .0000 radians.
        kappa =     -1.0000 radians.

    The dimension of normal matrix =    780


iteration  dxpc<m.>   dypc<m.>   dzpc<m.>  dphie<cc.>  domega<cc.>  dkapa<cc.>

    1        93.378    -91.924   1095.409     -3044.0       3383.2    633511.2
    2       156.411    202.623  -1750.765      7967.3      22036.9    456663.4
    3       -58.295    -64.159    344.943        52.3        275.8   -108134.7
    4       -60.969     -6.409    230.446     -1553.5     -10226.2    -74971.3
    5       -18.776     20.076     49.305      -958.5      -5848.5    -17830.9
    6         -.618      2.128      1.171      -115.4       -427.8      -613.4
    7          .000       .004      -.001         -.5         -1.1         -.5
    8          .000       .000       .000          .0           .0          .0


       pno   mx<mm.>  vmx<mm.>   my<mm.>  vmy<mm.>        X<m.>  VX<m.>        Y<m.>  VY<m.>        Z<m.>  VZ<m.>

    409502   61.9075     .0046   87.1089     .0047   155256.900   -.007  2553750.000   -.017        2.227   -.013
    409503  103.2070     .0002   79.0620     .0047   155613.200    .005  2553823.000   -.013        2.350   -.008
    409507   43.0213    -.0053   22.4431    -.0078   155320.300    .005  2553168.000    .027         .894    .008
    409508   94.4837     .0040   -1.6382     .0054   155807.000   -.005  2553147.000   -.019        1.986   -.007
    409509   90.5396    -.0035   49.1528    -.0005   155610.500    .009  2553540.000    .005        1.530    .007
    940016   88.5281     .0002  100.4155    -.0016   155425.600   -.002  2553947.000    .004        1.985    .003
    940018   14.4395     .0055   96.0389     .0018   154848.000   -.013  2553663.000   -.011        1.891   -.005
   1340015   91.6620    -.0041   99.3365    -.0088   155454.300    .001  2553948.000    .028        1.885    .024
   1340016  103.0942     .0009   80.6619     .0069   155607.300    .005  2553836.000   -.019        1.795   -.012
      5592   52.8457    -.0027   12.0471    -.0024   155431.000    .004  2553117.000    .009        6.087    .003
      5591  111.7792     .0002   27.0040    -.0023   155848.900   -.003  2553431.000    .006        6.424    .001


  sigma naught =             .608397 [ unitless ]


  parameter              value      Std. Dev.

     GXPC      155058.132   m.      .242  m.
     GYPC     2552828.340   m.      .195  m.
     GZPC        1320.509   m.      .166  m.
     phie           .2348 gon.      94.4 cc.
    omega           .9192 gon.      90.3 cc.
    kappa         25.2004 gon.      44.2 cc.

      root mean square errors of ground points :
        R.M.S. --- XYZ =      .020 meters
        R.M.S. --- XY  =      .018 meters
        R.M.S. --- Z   =      .010 meters

      root mean square errors of photo points :
        R.M.S. --- xy  =  .006 mm.
        R.M.S. --- x   =  .003 mm.
        R.M.S. --- y   =  .005 mm.


      There is(are)    1 photo(s) to compute the space resection.
        **** END the Space Resection of a single photo ****
