        **** no. of ground check points =    71 ****
 ..............................................................................

photo no. =      4095

         PHOTO SYSTEM                             GROUND SYSTEM
 pts no. xxxx.xxx yyyy.yyy  weight    xxxxxx.xxx yyyyyy.yyy zzzzzz.zzz weight
          [mm.]    [mm.]  [1/mm.**2]      [m.]       [m.]       [m.]   [1/m.**2]
  409308  -93.672  -46.367  10000.    154470.3002552177.000      5.497   400.
    5595 -103.997  -51.726  10000.    154407.0002552101.000      5.104   400.
    5594  -49.404  -25.282  10000.    154747.7002552486.000      5.728   400.
    5592   52.846   12.047  10000.    155431.0002553117.000      6.087   400.

There are   4 points used in the space resection of a single photo.

    X0 =  154947.000   Y0 = 2552766.000   Z0 =  1350.000 [units: meters]
    Focal length =   153.797 mm.
    Initial values:
        omega =       .0000 radians.
        phie  =       .0000 radians.
        kappa =     -1.0000 radians.

    The dimension of normal matrix =    171


iteration  dxpc<m.>   dypc<m.>   dzpc<m.>  dphie<cc.>  domega<cc.>  dkapa<cc.>

    1      -413.556    394.922   1059.055   -242721.9    -233209.3    643476.4
    2      1439.689   -583.869  -1681.299    278425.7     330275.9    478237.5
    3      -310.249   -285.077     -3.405    194156.7     171793.3   -129734.0
    4       -99.660    -29.190    312.940     22141.3      11883.5   -118203.8
    5      -152.500    226.396    254.619    -85838.2    -121298.5      6379.7
    6      -184.650    181.426     38.441    -81217.3     -73488.1      5625.3
    7       -80.774     76.689     -7.429    -40174.6     -36845.5      1796.5
    8       -36.252     33.763     -1.190    -17916.4     -16781.0       334.3
    9       -13.148     12.231      -.521     -6350.8      -5988.9        99.4
   10        -3.660      3.404      -.080     -1759.3      -1664.9        44.2
   11         -.970       .902      -.003      -465.3       -440.9        15.7
   12         -.256       .238       .001      -122.9       -116.5         4.5
   13         -.068       .063       .000       -32.5        -30.8         1.2
   14         -.018       .017       .000        -8.6         -8.1          .3
   15         -.005       .004       .000        -2.3         -2.1          .1
   16         -.001       .001       .000         -.6          -.6          .0


       pno   mx<mm.>  vmx<mm.>   my<mm.>  vmy<mm.>        X<m.>  VX<m.>        Y<m.>  VY<m.>        Z<m.>  VZ<m.>

    409308  -93.6717     .0024  -46.3670    -.0039   154470.300   -.011  2552177.000    .008        5.497    .001
      5595 -103.9972    -.0010  -51.7259     .0012   154407.000    .004  2552101.000   -.002        5.104   -.001
      5594  -49.4038    -.0017  -25.2822     .0038   154747.700    .009  2552486.000   -.008        5.728    .000
      5592   52.8457     .0004   12.0471    -.0011   155431.000   -.002  2553117.000    .003        6.087    .000


  sigma naught =             .529194 [ unitless ]


  parameter              value      Std. Dev.

     GXPC      155090.922   m.    24.067  m.
     GYPC     2552797.920   m.    22.388  m.
     GZPC        1321.129   m.      .150  m.
     phie          1.8113 gon.   11541.8 cc.
    omega          2.4078 gon.   10942.0 cc.
    kappa         25.1458 gon.     433.5 cc.

      root mean square errors of ground points :
        R.M.S. --- XYZ =      .009 meters
        R.M.S. --- XY  =      .009 meters
        R.M.S. --- Z   =      .001 meters

      root mean square errors of photo points :
        R.M.S. --- xy  =  .003 mm.
        R.M.S. --- x   =  .002 mm.
        R.M.S. --- y   =  .003 mm.
