        **** no. of ground check points =    71 ****
 ..............................................................................

photo no. =      4095

         PHOTO SYSTEM                             GROUND SYSTEM
 pts no. xxxx.xxx yyyy.yyy  weight    xxxxxx.xxx yyyyyy.yyy zzzzzz.zzz weight
          [mm.]    [mm.]  [1/mm.**2]      [m.]       [m.]       [m.]   [1/m.**2]
  409405  -45.630   64.722  10000.    154475.4002553211.000      2.560   400.
  409403  -15.468   -5.701  10000.    154949.7002552751.000      2.169   400.
  409505   86.681  -80.426  10000.    155998.3002552500.000      2.655   400.
  409504   35.114  -27.245  10000.    155420.5002552748.000      1.425   400.
  409506   34.718  -69.456  10000.    155554.4002552415.000      1.833   400.
  409406   -5.016  -47.393  10000.    155169.5002552458.000      2.841   400.
  940019   -8.220   16.919  10000.    154932.1002552954.000      2.804   400.
 1340011  -82.247   93.720  10000.    154085.6002553321.000      2.215   400.
 1340012  -71.977   69.320  10000.    154249.9002553160.000      1.254   400.
 1450011   81.496  -52.227  10000.    155867.3002552704.000      2.159   400.
 1450012   74.988  -82.127  10000.    155911.9002552448.000      2.426   400.
    5593    2.452   -4.500  10000.    155087.4002552820.000      5.899   400.

There are  12 points used in the space resection of a single photo.

    X0 =  154947.000   Y0 = 2552766.000   Z0 =  1350.000 [units: meters]
    Focal length =   153.797 mm.
    Initial values:
        omega =       .0000 radians.
        phie  =       .0000 radians.
        kappa =     -1.0000 radians.

    The dimension of normal matrix =    903


iteration  dxpc<m.>   dypc<m.>   dzpc<m.>  dphie<cc.>  domega<cc.>  dkapa<cc.>

    1       110.163    -77.754   1109.489      3700.7      -5490.1    640788.7
    2       139.669    130.900  -1792.534       791.7      41244.8    450704.1
    3       -58.055    -43.952    345.450      2511.7        764.0   -100102.7
    4       -55.535     16.973    248.069      -545.0     -17682.1    -78661.4
    5       -23.509     33.783     58.950     -3556.2      -9485.7    -23218.3
    6        -2.033      2.378      1.016      -726.5       -119.6     -1017.5
    7         -.004      -.004      -.005        -2.5          2.8          .0
    8          .000       .000       .000          .0           .0          .0


       pno   mx<mm.>  vmx<mm.>   my<mm.>  vmy<mm.>        X<m.>  VX<m.>        Y<m.>  VY<m.>        Z<m.>  VZ<m.>

    409405  -45.6303    -.0053   64.7216    -.0036   154475.400    .010  2553211.000    .016        2.560    .000
    409403  -15.4682    -.0065   -5.7009    -.0033   154949.700    .014  2552751.000    .016        2.169   -.002
    409505   86.6808     .0046  -80.4262     .0060   155998.300   -.006  2552500.000   -.021        2.655    .001
    409504   35.1143     .0002  -27.2450    -.0088   155420.500   -.010  2552748.000    .024        1.425   -.004
    409506   34.7177     .0051  -69.4559     .0010   155554.400   -.013  2552415.000   -.008        1.833   -.002
    409406   -5.0158     .0005  -47.3929     .0060   155169.500    .005  2552458.000   -.017        2.841    .005
    940019   -8.2204    -.0023   16.9189     .0029   154932.100    .009  2552954.000   -.005        2.804   -.001
   1340011  -82.2474     .0022   93.7199     .0024   154085.600   -.003  2553321.000   -.009        2.215   -.001
   1340012  -71.9770     .0043   69.3196     .0025   154249.900   -.009  2553160.000   -.011        1.254    .002
   1450011   81.4962    -.0069  -52.2271    -.0050   155867.300    .013  2552704.000    .021        2.159    .006
   1450012   74.9881     .0021  -82.1265    -.0006   155911.900   -.006  2552448.000   -.001        2.426   -.004
      5593    2.4516     .0020   -4.4997     .0006   155087.400   -.005  2552820.000   -.004        5.899    .000


  sigma naught =             .562870 [ unitless ]


  parameter              value      Std. Dev.

     GXPC      155057.696   m.      .172  m.
     GYPC     2552828.324   m.      .384  m.
     GZPC        1320.435   m.      .035  m.
     phie           .2174 gon.      80.3 cc.
    omega           .9234 gon.     182.4 cc.
    kappa         25.1873 gon.      15.1 cc.

      root mean square errors of ground points :
        R.M.S. --- XYZ =      .018 meters
        R.M.S. --- XY  =      .017 meters
        R.M.S. --- Z   =      .003 meters

      root mean square errors of photo points :
        R.M.S. --- xy  =  .006 mm.
        R.M.S. --- x   =  .004 mm.
        R.M.S. --- y   =  .004 mm.


      There is(are)    1 photo(s) to compute the space resection.
        **** END the Space Resection of a single photo ****
