        **** no. of ground check points =    71 ****
 ..............................................................................

photo no. =      4095

         PHOTO SYSTEM                             GROUND SYSTEM
 pts no. xxxx.xxx yyyy.yyy  weight    xxxxxx.xxx yyyyyy.yyy zzzzzz.zzz weight
          [mm.]    [mm.]  [1/mm.**2]      [m.]       [m.]       [m.]   [1/m.**2]
  409308  -93.672  -46.367  10000.    154470.3002552177.000      5.497   400.
  409403  -15.468   -5.701  10000.    154949.7002552751.000      2.169   400.
  409404  -12.853  -79.191  10000.    155212.0002552184.000      2.150   400.
  409406   -5.016  -47.393  10000.    155169.5002552458.000      2.841   400.
  409407  -53.207   -5.774  10000.    154651.6002552626.000      1.322   400.
  940020  -48.586  -52.070  10000.    154842.1002552278.000      1.986   400.
  940021  -58.442 -101.162  10000.    154926.6002551864.000      2.282   400.
 1450007  -86.743  -57.966  10000.    154561.8002552107.000      1.799   400.
 1450008  -89.818  -86.336  10000.    154631.7002551876.000      1.444   400.
    5595 -103.997  -51.726  10000.    154407.0002552101.000      5.104   400.
    5594  -49.404  -25.282  10000.    154747.7002552486.000      5.728   400.

There are  11 points used in the space resection of a single photo.

    X0 =  154947.000   Y0 = 2552766.000   Z0 =  1350.000 [units: meters]
    Focal length =   153.797 mm.
    Initial values:
        omega =       .0000 radians.
        phie  =       .0000 radians.
        kappa =     -1.0000 radians.

    The dimension of normal matrix =    780


iteration  dxpc<m.>   dypc<m.>   dzpc<m.>  dphie<cc.>  domega<cc.>  dkapa<cc.>

    1        89.012    -91.010   1109.025     -5156.1       -193.5    647233.7
    2       204.935    163.294  -1796.903     19459.7      36270.6    442374.5
    3       -68.999    -62.324    353.895      -737.5       8786.0    -92686.9
    4       -81.822     -4.250    254.215     -8702.3     -14005.9    -77591.3
    5       -34.094     49.909     52.285     -3733.5     -19888.6    -28310.3
    6         1.655      7.217     -2.089      1076.9      -1988.3     -2464.6
    7          .017      -.036      -.016         1.7         14.8        -4.4
    8          .000       .000       .000          .0           .0          .0


       pno   mx<mm.>  vmx<mm.>   my<mm.>  vmy<mm.>        X<m.>  VX<m.>        Y<m.>  VY<m.>        Z<m.>  VZ<m.>

    409308  -93.6717    -.0027  -46.3670    -.0043   154470.300    .002  2552177.000    .015        5.497   -.009
    409403  -15.4682    -.0010   -5.7009    -.0028   154949.700    .000  2552751.000    .009        2.169    .000
    409404  -12.8531    -.0008  -79.1911    -.0031   155212.000   -.001  2552184.000    .009        2.150   -.005
    409406   -5.0158     .0034  -47.3929     .0085   155169.500    .001  2552458.000   -.027        2.841    .008
    409407  -53.2071    -.0031   -5.7742    -.0056   154651.600    .002  2552626.000    .019        1.322   -.003
    940020  -48.5856     .0014  -52.0705    -.0058   154842.100   -.010  2552278.000    .014        1.986   -.004
    940021  -58.4424     .0032 -101.1625    -.0023   154926.600   -.011  2551864.000    .003        2.282   -.001
   1450007  -86.7425     .0024  -57.9660     .0017   154561.800   -.005  2552107.000   -.007        1.799    .006
   1450008  -89.8178    -.0042  -86.3364     .0048   154631.700    .017  2551876.000   -.008        1.444    .001
      5595 -103.9972     .0002  -51.7259     .0055   154407.000    .006  2552101.000   -.015        5.104    .006
      5594  -49.4038     .0013  -25.2822     .0034   154747.700    .000  2552486.000   -.011        5.728    .003


  sigma naught =             .520009 [ unitless ]


  parameter              value      Std. Dev.

     GXPC      155057.704   m.      .214  m.
     GYPC     2552828.800   m.      .211  m.
     GZPC        1320.411   m.      .159  m.
     phie           .2209 gon.      93.0 cc.
    omega           .8995 gon.     104.9 cc.
    kappa         25.1931 gon.      32.4 cc.

      root mean square errors of ground points :
        R.M.S. --- XYZ =      .016 meters
        R.M.S. --- XY  =      .016 meters
        R.M.S. --- Z   =      .005 meters

      root mean square errors of photo points :
        R.M.S. --- xy  =  .005 mm.
        R.M.S. --- x   =  .002 mm.
        R.M.S. --- y   =  .005 mm.


      There is(are)    1 photo(s) to compute the space resection.
        **** END the Space Resection of a single photo ****
