        **** no. of ground check points =    10 ****
 ..............................................................................

photo no. =      4095

         PHOTO SYSTEM                             GROUND SYSTEM
 pts no. xxxx.xxx yyyy.yyy  weight    xxxxxx.xxx yyyyyy.yyy zzzzzz.zzz weight
          [mm.]    [mm.]  [1/mm.**2]      [m.]       [m.]       [m.]   [1/m.**2]
  409501   77.424  -33.604  10000.    155775.3002552838.000      2.001   400.
  409504   35.114  -27.245  10000.    155420.5002552748.000      1.425   400.
  409505   86.681  -80.426  10000.    155998.3002552500.000      2.655   400.
  409506   34.718  -69.456  10000.    155554.4002552415.000      1.833   400.
  940017   62.310  -93.103  10000.    155847.1002552321.000      2.770   400.
 1450009    6.614  -65.879  10000.    155321.7002552351.000      1.497   400.
 1450010   12.642  -82.354  10000.    155422.7002552242.000      1.585   400.
 1450011   81.496  -52.227  10000.    155867.3002552704.000      2.159   400.
 1450012   74.988  -82.127  10000.    155911.9002552448.000      2.426   400.
    5593    2.452   -4.500  10000.    155087.4002552820.000      5.899   400.

There are  10 points used in the space resection of a single photo.

    X0 =  154947.000   Y0 = 2552766.000   Z0 =  1350.000 [units: meters]
    Focal length =   153.797 mm.
    Initial values:
        omega =       .0000 radians.
        phie  =       .0000 radians.
        kappa =     -1.0000 radians.

    The dimension of normal matrix =    666


iteration  dxpc<m.>   dypc<m.>   dzpc<m.>  dphie<cc.>  domega<cc.>  dkapa<cc.>

    1        99.410    -98.199   1102.396     -1541.0       1672.1    645448.7
    2       150.441    180.554  -1792.164      5966.3      31600.2    445298.6
    3       -57.694    -62.309    340.709     -1074.0       4586.5    -94152.3
    4       -60.240       .172    249.156     -1488.8     -15688.5    -79499.0
    5       -20.031     37.237     68.413       658.5     -12153.8    -26938.1
    6         -.638      4.992      2.219       -71.3       -868.6     -1618.1
    7          .001       .010      -.010        -2.9          -.2        -2.5
    8          .000       .000       .000          .0           .0          .0


       pno   mx<mm.>  vmx<mm.>   my<mm.>  vmy<mm.>        X<m.>  VX<m.>        Y<m.>  VY<m.>        Z<m.>  VZ<m.>

    409501   77.4240    -.0006  -33.6039     .0043   155775.300    .007  2552838.000   -.011        2.001    .004
    409504   35.1143    -.0016  -27.2450    -.0056   155420.500   -.002  2552748.000    .017        1.425   -.002
    409505   86.6808     .0057  -80.4262     .0016   155998.300   -.014  2552500.000   -.011        2.655   -.007
    409506   34.7177     .0014  -69.4559     .0068   155554.400    .004  2552415.000   -.020        1.833    .008
    940017   62.3097     .0008  -93.1028     .0047   155847.100    .003  2552321.000   -.014        2.770    .007
   1450009    6.6139    -.0033  -65.8792    -.0075   155321.700    .000  2552351.000    .024        1.497   -.009
   1450010   12.6421    -.0016  -82.3538     .0018   155422.700    .006  2552242.000   -.003        1.585    .003
   1450011   81.4962    -.0055  -52.2271    -.0075   155867.300    .006  2552704.000    .026        2.159    .001
   1450012   74.9881     .0011  -82.1265    -.0028   155911.900   -.006  2552448.000    .006        2.426   -.006
      5593    2.4516     .0037   -4.4997     .0041   155087.400   -.005  2552820.000   -.015        5.899    .000


  sigma naught =             .592270 [ unitless ]


  parameter              value      Std. Dev.

     GXPC      155058.248   m.      .254  m.
     GYPC     2552828.458   m.      .335  m.
     GZPC        1320.720   m.      .206  m.
     phie           .2447 gon.     124.0 cc.
    omega           .9148 gon.     151.6 cc.
    kappa         25.1917 gon.      41.1 cc.

      root mean square errors of ground points :
        R.M.S. --- XYZ =      .018 meters
        R.M.S. --- XY  =      .018 meters
        R.M.S. --- Z   =      .005 meters

      root mean square errors of photo points :
        R.M.S. --- xy  =  .006 mm.
        R.M.S. --- x   =  .003 mm.
        R.M.S. --- y   =  .005 mm.
