        **** no. of ground check points =    71 ****
 ..............................................................................

photo no. =      4095

         PHOTO SYSTEM                             GROUND SYSTEM
 pts no. xxxx.xxx yyyy.yyy  weight    xxxxxx.xxx yyyyyy.yyy zzzzzz.zzz weight
          [mm.]    [mm.]  [1/mm.**2]      [m.]       [m.]       [m.]   [1/m.**2]
  409403  -15.468   -5.701  10000.    154949.7002552751.000      2.169   400.
  409405  -45.630   64.722  10000.    154475.4002553211.000      2.560   400.
  409506   34.718  -69.456  10000.    155554.4002552415.000      1.833   400.
  940017   62.310  -93.103  10000.    155847.1002552321.000      2.770   400.
  940019   -8.220   16.919  10000.    154932.1002552954.000      2.804   400.
 1340011  -82.247   93.720  10000.    154085.6002553321.000      2.215   400.
 1340012  -71.977   69.320  10000.    154249.9002553160.000      1.254   400.
    5593    2.452   -4.500  10000.    155087.4002552820.000      5.899   400.

There are   8 points used in the space resection of a single photo.

    X0 =  154947.000   Y0 = 2552766.000   Z0 =  1350.000 [units: meters]
    Focal length =   153.797 mm.
    Initial values:
        omega =       .0000 radians.
        phie  =       .0000 radians.
        kappa =     -1.0000 radians.

    The dimension of normal matrix =    465


iteration  dxpc<m.>   dypc<m.>   dzpc<m.>  dphie<cc.>  domega<cc.>  dkapa<cc.>

    1       122.624    -58.513   1109.618      9522.6     -14495.4    640631.2
    2       130.526     95.554  -1795.586     -4695.5      48991.4    450925.1
    3       -61.969    -35.394    346.098      2302.5       1246.4    -99711.8
    4       -57.017     21.313    249.559     -1229.4     -15895.3    -78814.1
    5       -22.207     35.668     59.719     -3318.4      -9885.7    -23492.3
    6        -1.190      3.905      1.030      -369.7       -820.2     -1030.7
    7          .001       .004      -.007         -.8          -.6          .3


       pno   mx<mm.>  vmx<mm.>   my<mm.>  vmy<mm.>        X<m.>  VX<m.>        Y<m.>  VY<m.>        Z<m.>  VZ<m.>

    409403  -15.4682    -.0067   -5.7009    -.0047   154949.700    .013  2552751.000    .020        2.169   -.002
    409405  -45.6303    -.0050   64.7216    -.0035   154475.400    .010  2553211.000    .015        2.560    .000
    409506   34.7177     .0031  -69.4559    -.0003   155554.400   -.009  2552415.000   -.003        1.833   -.002
    940017   62.3097     .0012  -93.1028     .0027   155847.100    .000  2552321.000   -.009        2.770    .003
    940019   -8.2204    -.0022   16.9189     .0015   154932.100    .008  2552954.000   -.001        2.804   -.001
   1340011  -82.2474     .0028   93.7199     .0032   154085.600   -.004  2553321.000   -.012        2.215   -.001
   1340012  -71.9770     .0051   69.3196     .0023   154249.900   -.011  2553160.000   -.012        1.254    .004
      5593    2.4516     .0017   -4.4997    -.0012   155087.400   -.006  2552820.000    .001        5.899    .000


  sigma naught =             .497410 [ unitless ]


  parameter              value      Std. Dev.

     GXPC      155057.767   m.      .483  m.
     GYPC     2552828.537   m.      .878  m.
     GZPC        1320.431   m.      .058  m.
     phie           .2211 gon.     235.0 cc.
    omega           .9141 gon.     421.1 cc.
    kappa         25.1888 gon.      16.9 cc.

      root mean square errors of ground points :
        R.M.S. --- XYZ =      .014 meters
        R.M.S. --- XY  =      .014 meters
        R.M.S. --- Z   =      .002 meters

      root mean square errors of photo points :
        R.M.S. --- xy  =  .005 mm.
        R.M.S. --- x   =  .004 mm.
        R.M.S. --- y   =  .003 mm.


      There is(are)    1 photo(s) to compute the space resection.
        **** END the Space Resection of a single photo ****
